ARM GAS  /tmp/ccUchtE7.s 			page 1


   1              		.syntax unified
   2              		.cpu cortex-m4
   3              		.fpu softvfp
   4              		.eabi_attribute 20, 1
   5              		.eabi_attribute 21, 1
   6              		.eabi_attribute 23, 3
   7              		.eabi_attribute 24, 1
   8              		.eabi_attribute 25, 1
   9              		.eabi_attribute 26, 1
  10              		.eabi_attribute 30, 2
  11              		.eabi_attribute 18, 4
  12              		.thumb
  13              		.file	"chlists.c"
  14              		.text
  15              	.Ltext0:
  16              		.cfi_sections	.debug_frame
  17              	.Letext0:
  18              		.section	.debug_info,"",%progbits
  19              	.Ldebug_info0:
  20 0000 6F000000 		.4byte	0x6f
  21 0004 0200     		.2byte	0x2
  22 0006 00000000 		.4byte	.Ldebug_abbrev0
  23 000a 04       		.byte	0x4
  24 000b 01       		.uleb128 0x1
  25 000c 1F000000 		.4byte	.LASF10
  26 0010 01       		.byte	0x1
  27 0011 C1000000 		.4byte	.LASF11
  28 0015 4D000000 		.4byte	.LASF12
  29 0019 00000000 		.4byte	.Ltext0
  30 001d 00000000 		.4byte	.Letext0
  31 0021 00000000 		.4byte	.Ldebug_line0
  32 0025 02       		.uleb128 0x2
  33 0026 04       		.byte	0x4
  34 0027 05       		.byte	0x5
  35 0028 696E7400 		.ascii	"int\000"
  36 002c 03       		.uleb128 0x3
  37 002d 04       		.byte	0x4
  38 002e 07       		.byte	0x7
  39 002f 00000000 		.4byte	.LASF0
  40 0033 03       		.uleb128 0x3
  41 0034 01       		.byte	0x1
  42 0035 06       		.byte	0x6
  43 0036 41000000 		.4byte	.LASF1
  44 003a 03       		.uleb128 0x3
  45 003b 01       		.byte	0x1
  46 003c 08       		.byte	0x8
  47 003d AA000000 		.4byte	.LASF2
  48 0041 03       		.uleb128 0x3
  49 0042 02       		.byte	0x2
  50 0043 05       		.byte	0x5
  51 0044 89000000 		.4byte	.LASF3
  52 0048 03       		.uleb128 0x3
  53 0049 02       		.byte	0x2
  54 004a 07       		.byte	0x7
  55 004b 76000000 		.4byte	.LASF4
  56 004f 03       		.uleb128 0x3
  57 0050 04       		.byte	0x4
ARM GAS  /tmp/ccUchtE7.s 			page 2


  58 0051 05       		.byte	0x5
  59 0052 B8000000 		.4byte	.LASF5
  60 0056 03       		.uleb128 0x3
  61 0057 04       		.byte	0x4
  62 0058 07       		.byte	0x7
  63 0059 0D000000 		.4byte	.LASF6
  64 005d 03       		.uleb128 0x3
  65 005e 08       		.byte	0x8
  66 005f 05       		.byte	0x5
  67 0060 E4000000 		.4byte	.LASF7
  68 0064 03       		.uleb128 0x3
  69 0065 08       		.byte	0x8
  70 0066 07       		.byte	0x7
  71 0067 93000000 		.4byte	.LASF8
  72 006b 03       		.uleb128 0x3
  73 006c 01       		.byte	0x1
  74 006d 08       		.byte	0x8
  75 006e DF000000 		.4byte	.LASF9
  76 0072 00       		.byte	0
  77              		.section	.debug_abbrev,"",%progbits
  78              	.Ldebug_abbrev0:
  79 0000 01       		.uleb128 0x1
  80 0001 11       		.uleb128 0x11
  81 0002 01       		.byte	0x1
  82 0003 25       		.uleb128 0x25
  83 0004 0E       		.uleb128 0xe
  84 0005 13       		.uleb128 0x13
  85 0006 0B       		.uleb128 0xb
  86 0007 03       		.uleb128 0x3
  87 0008 0E       		.uleb128 0xe
  88 0009 1B       		.uleb128 0x1b
  89 000a 0E       		.uleb128 0xe
  90 000b 11       		.uleb128 0x11
  91 000c 01       		.uleb128 0x1
  92 000d 12       		.uleb128 0x12
  93 000e 01       		.uleb128 0x1
  94 000f 10       		.uleb128 0x10
  95 0010 06       		.uleb128 0x6
  96 0011 00       		.byte	0
  97 0012 00       		.byte	0
  98 0013 02       		.uleb128 0x2
  99 0014 24       		.uleb128 0x24
 100 0015 00       		.byte	0
 101 0016 0B       		.uleb128 0xb
 102 0017 0B       		.uleb128 0xb
 103 0018 3E       		.uleb128 0x3e
 104 0019 0B       		.uleb128 0xb
 105 001a 03       		.uleb128 0x3
 106 001b 08       		.uleb128 0x8
 107 001c 00       		.byte	0
 108 001d 00       		.byte	0
 109 001e 03       		.uleb128 0x3
 110 001f 24       		.uleb128 0x24
 111 0020 00       		.byte	0
 112 0021 0B       		.uleb128 0xb
 113 0022 0B       		.uleb128 0xb
 114 0023 3E       		.uleb128 0x3e
ARM GAS  /tmp/ccUchtE7.s 			page 3


 115 0024 0B       		.uleb128 0xb
 116 0025 03       		.uleb128 0x3
 117 0026 0E       		.uleb128 0xe
 118 0027 00       		.byte	0
 119 0028 00       		.byte	0
 120 0029 00       		.byte	0
 121              		.section	.debug_line,"",%progbits
 122              	.Ldebug_line0:
 123 0000 19000000 		.section	.debug_str,"MS",%progbits,1
 123      02001300 
 123      00000201 
 123      FB0E0D00 
 123      01010101 
 124              	.LASF0:
 125 0000 756E7369 		.ascii	"unsigned int\000"
 125      676E6564 
 125      20696E74 
 125      00
 126              	.LASF6:
 127 000d 6C6F6E67 		.ascii	"long unsigned int\000"
 127      20756E73 
 127      69676E65 
 127      6420696E 
 127      7400
 128              	.LASF10:
 129 001f 474E5520 		.ascii	"GNU C 4.6.2 20111004 (prerelease)\000"
 129      4320342E 
 129      362E3220 
 129      32303131 
 129      31303034 
 130              	.LASF1:
 131 0041 7369676E 		.ascii	"signed char\000"
 131      65642063 
 131      68617200 
 132              	.LASF12:
 133 004d 2F686F6D 		.ascii	"/home/craig/dev/git/ChibiOS/demos/CANitM\000"
 133      652F6372 
 133      6169672F 
 133      6465762F 
 133      6769742F 
 134              	.LASF4:
 135 0076 73686F72 		.ascii	"short unsigned int\000"
 135      7420756E 
 135      7369676E 
 135      65642069 
 135      6E7400
 136              	.LASF3:
 137 0089 73686F72 		.ascii	"short int\000"
 137      7420696E 
 137      7400
 138              	.LASF8:
 139 0093 6C6F6E67 		.ascii	"long long unsigned int\000"
 139      206C6F6E 
 139      6720756E 
 139      7369676E 
 139      65642069 
 140              	.LASF2:
ARM GAS  /tmp/ccUchtE7.s 			page 4


 141 00aa 756E7369 		.ascii	"unsigned char\000"
 141      676E6564 
 141      20636861 
 141      7200
 142              	.LASF5:
 143 00b8 6C6F6E67 		.ascii	"long int\000"
 143      20696E74 
 143      00
 144              	.LASF11:
 145 00c1 2E2E2F2E 		.ascii	"../../os/kernel/src/chlists.c\000"
 145      2E2F6F73 
 145      2F6B6572 
 145      6E656C2F 
 145      7372632F 
 146              	.LASF9:
 147 00df 63686172 		.ascii	"char\000"
 147      00
 148              	.LASF7:
 149 00e4 6C6F6E67 		.ascii	"long long int\000"
 149      206C6F6E 
 149      6720696E 
 149      7400
 150              		.ident	"GCC: (Linaro GCC 4.6-2011.10) 4.6.2 20111004 (prerelease)"
ARM GAS  /tmp/ccUchtE7.s 			page 5


DEFINED SYMBOLS
                            *ABS*:0000000000000000 chlists.c

NO UNDEFINED SYMBOLS
