ARM GAS  /tmp/ccz0grvG.s 			page 1


   1              		.syntax unified
   2              		.cpu cortex-m4
   3              		.fpu softvfp
   4              		.eabi_attribute 20, 1
   5              		.eabi_attribute 21, 1
   6              		.eabi_attribute 23, 3
   7              		.eabi_attribute 24, 1
   8              		.eabi_attribute 25, 1
   9              		.eabi_attribute 26, 1
  10              		.eabi_attribute 30, 2
  11              		.eabi_attribute 18, 4
  12              		.thumb
  13              		.file	"chprintf.c"
  14              		.text
  15              	.Ltext0:
  16              		.cfi_sections	.debug_frame
  17              		.section	.text.chprintf,"ax",%progbits
  18              		.align	2
  19              		.p2align 4,,15
  20              		.global	chprintf
  21              		.thumb
  22              		.thumb_func
  23              		.type	chprintf, %function
  24              	chprintf:
  25              	.LFB9:
  26              		.file 1 "../../os/various/chprintf.c"
  27              		.loc 1 112 0
  28              		.cfi_startproc
  29              		@ args = 4, pretend = 12, frame = 32
  30              		@ frame_needed = 0, uses_anonymous_args = 1
  31              	.LVL0:
  32 0000 0EB4     		push	{r1, r2, r3}
  33              	.LCFI0:
  34              		.cfi_def_cfa_offset 12
  35              		.cfi_offset 3, -4
  36              		.cfi_offset 2, -8
  37              		.cfi_offset 1, -12
  38 0002 2DE9F04F 		push	{r4, r5, r6, r7, r8, r9, sl, fp, lr}
  39              	.LCFI1:
  40              		.cfi_def_cfa_offset 48
  41              		.cfi_offset 14, -16
  42              		.cfi_offset 11, -20
  43              		.cfi_offset 10, -24
  44              		.cfi_offset 9, -28
  45              		.cfi_offset 8, -32
  46              		.cfi_offset 7, -36
  47              		.cfi_offset 6, -40
  48              		.cfi_offset 5, -44
  49              		.cfi_offset 4, -48
  50 0006 88B0     		sub	sp, sp, #32
  51              	.LCFI2:
  52              		.cfi_def_cfa_offset 80
  53              		.loc 1 112 0
  54 0008 11AB     		add	r3, sp, #68
  55              		.loc 1 136 0
  56 000a 04AA     		add	r2, sp, #16
  57              		.loc 1 112 0
ARM GAS  /tmp/ccz0grvG.s 			page 2


  58 000c 53F8044B 		ldr	r4, [r3], #4
  59              		.loc 1 136 0
  60 0010 0292     		str	r2, [sp, #8]
  61              		.loc 1 125 0
  62 0012 0793     		str	r3, [sp, #28]
  63              		.loc 1 238 0
  64 0014 0DF11103 		add	r3, sp, #17
  65              	.LBB12:
  66              	.LBB13:
  67              	.LBB14:
  68              		.loc 1 57 0
  69 0018 4CF6CD47 		movw	r7, #52429
  70              	.LBE14:
  71              	.LBE13:
  72              	.LBE12:
  73              		.loc 1 238 0
  74 001c C2EB0308 		rsb	r8, r2, r3
  75 0020 0193     		str	r3, [sp, #4]
  76              		.loc 1 112 0
  77 0022 0546     		mov	r5, r0
  78              		.loc 1 238 0
  79 0024 CDF80C80 		str	r8, [sp, #12]
  80              	.LBB19:
  81              	.LBB17:
  82              	.LBB15:
  83              		.loc 1 57 0
  84 0028 CCF6CC47 		movt	r7, 52428
  85              	.LVL1:
  86              	.L69:
  87              	.LBE15:
  88              	.LBE17:
  89              	.LBE19:
  90              		.loc 1 127 0
  91 002c 2178     		ldrb	r1, [r4, #0]	@ zero_extendqisi2
  92              	.LVL2:
  93              		.loc 1 128 0
  94 002e 59B1     		cbz	r1, .L70
  95              	.LVL3:
  96              	.L75:
  97              		.loc 1 132 0
  98 0030 2529     		cmp	r1, #37
  99              		.loc 1 127 0
 100 0032 04F10108 		add	r8, r4, #1
 101              		.loc 1 132 0
 102 0036 0CD0     		beq	.L4
 103              		.loc 1 133 0
 104 0038 2B68     		ldr	r3, [r5, #0]
 105              		.loc 1 127 0
 106 003a 4446     		mov	r4, r8
 107              		.loc 1 133 0
 108 003c 2846     		mov	r0, r5
 109 003e 9B68     		ldr	r3, [r3, #8]
 110 0040 9847     		blx	r3
 111              	.LVL4:
 112              		.loc 1 127 0
 113 0042 2178     		ldrb	r1, [r4, #0]	@ zero_extendqisi2
 114              	.LVL5:
ARM GAS  /tmp/ccz0grvG.s 			page 3


 115              		.loc 1 128 0
 116 0044 0029     		cmp	r1, #0
 117 0046 F3D1     		bne	.L75
 118              	.LVL6:
 119              	.L70:
 120              		.loc 1 263 0
 121 0048 08B0     		add	sp, sp, #32
 122 004a BDE8F04F 		pop	{r4, r5, r6, r7, r8, r9, sl, fp, lr}
 123 004e 03B0     		add	sp, sp, #12
 124 0050 7047     		bx	lr
 125              	.L4:
 126              	.LVL7:
 127              		.loc 1 139 0
 128 0052 6278     		ldrb	r2, [r4, #1]	@ zero_extendqisi2
 129 0054 2D2A     		cmp	r2, #45
 130              		.loc 1 140 0
 131 0056 03BF     		ittte	eq
 132 0058 A278     		ldrbeq	r2, [r4, #2]	@ zero_extendqisi2
 133 005a 04F10208 		addeq	r8, r4, #2
 134              	.LVL8:
 135              		.loc 1 141 0
 136 005e 4FF0010B 		moveq	fp, #1
 137              		.loc 1 138 0
 138 0062 4FF0000B 		movne	fp, #0
 139              	.LVL9:
 140              		.loc 1 143 0
 141 0066 2026     		movs	r6, #32
 142              		.loc 1 144 0
 143 0068 2E2A     		cmp	r2, #46
 144 006a 00F05F81 		beq	.L76
 145              	.LVL10:
 146              	.L7:
 147              		.loc 1 145 0
 148 006e 0798     		ldr	r0, [sp, #28]
 149              		.loc 1 146 0
 150 0070 4446     		mov	r4, r8
 151              		.loc 1 148 0
 152 0072 0023     		movs	r3, #0
 153 0074 06E0     		b	.L10
 154              	.LVL11:
 155              	.L77:
 156              		.loc 1 154 0
 157 0076 0178     		ldrb	r1, [r0, #0]	@ zero_extendqisi2
 158              	.LVL12:
 159 0078 0430     		adds	r0, r0, #4
 160              	.LVL13:
 161              	.L8:
 162              		.loc 1 157 0
 163 007a 03EB8303 		add	r3, r3, r3, lsl #2
 164              	.LVL14:
 165 007e 2278     		ldrb	r2, [r4, #0]	@ zero_extendqisi2
 166 0080 01EB4303 		add	r3, r1, r3, lsl #1
 167              	.LVL15:
 168              	.L10:
 169              		.loc 1 151 0
 170 0084 A2F13001 		sub	r1, r2, #48
 171 0088 C9B2     		uxtb	r1, r1
ARM GAS  /tmp/ccz0grvG.s 			page 4


 172              		.loc 1 150 0
 173 008a 0134     		adds	r4, r4, #1
 174              	.LVL16:
 175              		.loc 1 151 0
 176 008c 0929     		cmp	r1, #9
 177 008e F4D9     		bls	.L8
 178              		.loc 1 153 0
 179 0090 2A2A     		cmp	r2, #42
 180 0092 F0D0     		beq	.L77
 181              		.loc 1 160 0
 182 0094 2E2A     		cmp	r2, #46
 183              		.loc 1 158 0
 184 0096 0790     		str	r0, [sp, #28]
 185              	.LVL17:
 186              		.loc 1 160 0
 187 0098 4FF0000C 		mov	ip, #0
 188 009c 4BD0     		beq	.L14
 189              	.LVL18:
 190              		.loc 1 174 0
 191 009e 6C2A     		cmp	r2, #108
 192 00a0 18BF     		it	ne
 193 00a2 4C2A     		cmpne	r2, #76
 194 00a4 55D1     		bne	.L15
 195              	.LVL19:
 196              	.L78:
 197              		.loc 1 176 0
 198 00a6 2178     		ldrb	r1, [r4, #0]	@ zero_extendqisi2
 199              		.loc 1 175 0
 200 00a8 0120     		movs	r0, #1
 201              		.loc 1 176 0
 202 00aa 11B1     		cbz	r1, .L16
 203              	.LVL20:
 204              		.loc 1 177 0
 205 00ac 0134     		adds	r4, r4, #1
 206              	.LVL21:
 207 00ae 0A46     		mov	r2, r1
 208              		.loc 1 175 0
 209 00b0 0120     		movs	r0, #1
 210              	.LVL22:
 211              	.L16:
 212              		.loc 1 183 0
 213 00b2 A2F14401 		sub	r1, r2, #68
 214 00b6 3429     		cmp	r1, #52
 215 00b8 00F23181 		bhi	.L17
 216 00bc DFE811F0 		tbh	[pc, r1, lsl #1]
 217              	.L24:
 218 00c0 FB00     		.2byte	(.L18-.L24)/2
 219 00c2 2F01     		.2byte	(.L17-.L24)/2
 220 00c4 2F01     		.2byte	(.L17-.L24)/2
 221 00c6 2F01     		.2byte	(.L17-.L24)/2
 222 00c8 2F01     		.2byte	(.L17-.L24)/2
 223 00ca 2F01     		.2byte	(.L17-.L24)/2
 224 00cc 2F01     		.2byte	(.L17-.L24)/2
 225 00ce 2F01     		.2byte	(.L17-.L24)/2
 226 00d0 2F01     		.2byte	(.L17-.L24)/2
 227 00d2 2F01     		.2byte	(.L17-.L24)/2
 228 00d4 2F01     		.2byte	(.L17-.L24)/2
ARM GAS  /tmp/ccz0grvG.s 			page 5


 229 00d6 F800     		.2byte	(.L19-.L24)/2
 230 00d8 2F01     		.2byte	(.L17-.L24)/2
 231 00da 2F01     		.2byte	(.L17-.L24)/2
 232 00dc 2F01     		.2byte	(.L17-.L24)/2
 233 00de 2F01     		.2byte	(.L17-.L24)/2
 234 00e0 2F01     		.2byte	(.L17-.L24)/2
 235 00e2 EF00     		.2byte	(.L52-.L24)/2
 236 00e4 2F01     		.2byte	(.L17-.L24)/2
 237 00e6 2F01     		.2byte	(.L17-.L24)/2
 238 00e8 BC00     		.2byte	(.L21-.L24)/2
 239 00ea 2F01     		.2byte	(.L17-.L24)/2
 240 00ec 2F01     		.2byte	(.L17-.L24)/2
 241 00ee 2F01     		.2byte	(.L17-.L24)/2
 242 00f0 2F01     		.2byte	(.L17-.L24)/2
 243 00f2 2F01     		.2byte	(.L17-.L24)/2
 244 00f4 2F01     		.2byte	(.L17-.L24)/2
 245 00f6 2F01     		.2byte	(.L17-.L24)/2
 246 00f8 2F01     		.2byte	(.L17-.L24)/2
 247 00fa 2F01     		.2byte	(.L17-.L24)/2
 248 00fc 2F01     		.2byte	(.L17-.L24)/2
 249 00fe 9500     		.2byte	(.L22-.L24)/2
 250 0100 FB00     		.2byte	(.L18-.L24)/2
 251 0102 2F01     		.2byte	(.L17-.L24)/2
 252 0104 2F01     		.2byte	(.L17-.L24)/2
 253 0106 2F01     		.2byte	(.L17-.L24)/2
 254 0108 2F01     		.2byte	(.L17-.L24)/2
 255 010a 2F01     		.2byte	(.L17-.L24)/2
 256 010c 2F01     		.2byte	(.L17-.L24)/2
 257 010e 2F01     		.2byte	(.L17-.L24)/2
 258 0110 2F01     		.2byte	(.L17-.L24)/2
 259 0112 2F01     		.2byte	(.L17-.L24)/2
 260 0114 2F01     		.2byte	(.L17-.L24)/2
 261 0116 F800     		.2byte	(.L19-.L24)/2
 262 0118 2F01     		.2byte	(.L17-.L24)/2
 263 011a 2F01     		.2byte	(.L17-.L24)/2
 264 011c 2F01     		.2byte	(.L17-.L24)/2
 265 011e 5000     		.2byte	(.L23-.L24)/2
 266 0120 2F01     		.2byte	(.L17-.L24)/2
 267 0122 EF00     		.2byte	(.L52-.L24)/2
 268 0124 2F01     		.2byte	(.L17-.L24)/2
 269 0126 2F01     		.2byte	(.L17-.L24)/2
 270 0128 BC00     		.2byte	(.L21-.L24)/2
 271              	.LVL23:
 272              	.L13:
 273              		.loc 1 166 0
 274 012a 0178     		ldrb	r1, [r0, #0]	@ zero_extendqisi2
 275              	.LVL24:
 276 012c 0430     		adds	r0, r0, #4
 277              	.LVL25:
 278              	.L12:
 279              		.loc 1 169 0
 280 012e 0CEB8C0C 		add	ip, ip, ip, lsl #2
 281              	.LVL26:
 282              		.loc 1 170 0
 283 0132 01EB4C0C 		add	ip, r1, ip, lsl #1
 284              	.LVL27:
 285              	.L14:
ARM GAS  /tmp/ccz0grvG.s 			page 6


 286              		.loc 1 162 0
 287 0136 14F8012B 		ldrb	r2, [r4], #1	@ zero_extendqisi2
 288              	.LVL28:
 289              		.loc 1 163 0
 290 013a A2F13001 		sub	r1, r2, #48
 291 013e C9B2     		uxtb	r1, r1
 292 0140 0929     		cmp	r1, #9
 293 0142 F4D9     		bls	.L12
 294              		.loc 1 165 0
 295 0144 2A2A     		cmp	r2, #42
 296 0146 F0D0     		beq	.L13
 297              		.loc 1 174 0
 298 0148 6C2A     		cmp	r2, #108
 299 014a 18BF     		it	ne
 300 014c 4C2A     		cmpne	r2, #76
 301              		.loc 1 165 0
 302 014e 0790     		str	r0, [sp, #28]
 303              		.loc 1 174 0
 304 0150 A9D0     		beq	.L78
 305              	.LVL29:
 306              	.L15:
 307              		.loc 1 180 0
 308 0152 A2F14100 		sub	r0, r2, #65
 309 0156 1928     		cmp	r0, #25
 310 0158 8CBF     		ite	hi
 311 015a 0020     		movhi	r0, #0
 312 015c 0120     		movls	r0, #1
 313              	.LVL30:
 314 015e A8E7     		b	.L16
 315              	.LVL31:
 316              	.L23:
 317              		.loc 1 190 0
 318 0160 079A     		ldr	r2, [sp, #28]
 319              	.LVL32:
 320 0162 111D     		adds	r1, r2, #4
 321              	.LVL33:
 322 0164 0791     		str	r1, [sp, #28]
 323 0166 D2F80080 		ldr	r8, [r2, #0]
 324              	.LVL34:
 325              		.loc 1 191 0
 326 016a 40F20000 		movw	r0, #:lower16:.LC0
 327              	.LVL35:
 328 016e C0F20000 		movt	r0, #:upper16:.LC0
 329 0172 B8F1000F 		cmp	r8, #0
 330 0176 08BF     		it	eq
 331 0178 8046     		moveq	r8, r0
 332              	.LVL36:
 333              		.loc 1 193 0
 334 017a 47F6FF71 		movw	r1, #32767
 335              		.loc 1 194 0
 336 017e 98F80020 		ldrb	r2, [r8, #0]	@ zero_extendqisi2
 337              		.loc 1 193 0
 338 0182 BCF1000F 		cmp	ip, #0
 339 0186 08BF     		it	eq
 340 0188 8C46     		moveq	ip, r1
 341              	.LVL37:
 342              		.loc 1 194 0
ARM GAS  /tmp/ccz0grvG.s 			page 7


 343 018a 9146     		mov	r9, r2
 344              		.loc 1 189 0
 345 018c 2026     		movs	r6, #32
 346              		.loc 1 194 0
 347 018e 002A     		cmp	r2, #0
 348 0190 36D0     		beq	.L25
 349              	.LVL38:
 350              		.loc 1 112 0
 351 0192 C444     		add	ip, r8, ip
 352              	.LVL39:
 353 0194 C146     		mov	r9, r8
 354 0196 01E0     		b	.L29
 355              	.LVL40:
 356              	.L28:
 357              		.loc 1 194 0 discriminator 2
 358 0198 E145     		cmp	r9, ip
 359 019a 03D0     		beq	.L73
 360              	.LVL41:
 361              	.L29:
 362              		.loc 1 194 0 is_stmt 0 discriminator 1
 363 019c 19F8012F 		ldrb	r2, [r9, #1]!	@ zero_extendqisi2
 364              	.LVL42:
 365 01a0 002A     		cmp	r2, #0
 366 01a2 F9D1     		bne	.L28
 367              	.L73:
 368              		.loc 1 194 0
 369 01a4 C8EB0909 		rsb	r9, r8, r9
 370              	.LVL43:
 371              		.loc 1 242 0 is_stmt 1
 372 01a8 C9EB0303 		rsb	r3, r9, r3
 373              	.LVL44:
 374              		.loc 1 189 0
 375 01ac 2026     		movs	r6, #32
 376              	.LVL45:
 377              		.loc 1 242 0
 378 01ae 23EAE37A 		bic	sl, r3, r3, asr #31
 379              	.LVL46:
 380              		.loc 1 244 0
 381 01b2 BBF1000F 		cmp	fp, #0
 382 01b6 2AD0     		beq	.L79
 383              	.LVL47:
 384              	.L42:
 385              		.loc 1 255 0 discriminator 1
 386 01b8 B9F1000F 		cmp	r9, #0
 387 01bc 08DD     		ble	.L45
 388              		.loc 1 112 0
 389 01be C144     		add	r9, r8, r9
 390              	.LVL48:
 391              	.L46:
 392              		.loc 1 256 0
 393 01c0 2B68     		ldr	r3, [r5, #0]
 394 01c2 18F8011B 		ldrb	r1, [r8], #1	@ zero_extendqisi2
 395              	.LVL49:
 396 01c6 9B68     		ldr	r3, [r3, #8]
 397 01c8 2846     		mov	r0, r5
 398 01ca 9847     		blx	r3
 399              	.LVL50:
ARM GAS  /tmp/ccz0grvG.s 			page 8


 400              		.loc 1 255 0
 401 01cc C845     		cmp	r8, r9
 402 01ce F7D1     		bne	.L46
 403              	.L45:
 404              	.LVL51:
 405              		.loc 1 258 0 discriminator 1
 406 01d0 BAF1000F 		cmp	sl, #0
 407 01d4 3FF42AAF 		beq	.L69
 408              	.L58:
 409              		.loc 1 259 0
 410 01d8 2B68     		ldr	r3, [r5, #0]
 411 01da 2846     		mov	r0, r5
 412 01dc 9B68     		ldr	r3, [r3, #8]
 413 01de 3146     		mov	r1, r6
 414 01e0 9847     		blx	r3
 415              	.LVL52:
 416              		.loc 1 258 0
 417 01e2 BAF1010A 		subs	sl, sl, #1
 418              	.LVL53:
 419 01e6 F7D1     		bne	.L58
 420 01e8 20E7     		b	.L69
 421              	.LVL54:
 422              	.L22:
 423              		.loc 1 186 0
 424 01ea 079A     		ldr	r2, [sp, #28]
 425              	.LVL55:
 426 01ec DDF80C90 		ldr	r9, [sp, #12]
 427 01f0 1168     		ldr	r1, [r2, #0]
 428              	.LVL56:
 429 01f2 0432     		adds	r2, r2, #4
 430 01f4 0792     		str	r2, [sp, #28]
 431 01f6 8DF81010 		strb	r1, [sp, #16]
 432              	.LVL57:
 433              		.loc 1 185 0
 434 01fa 2026     		movs	r6, #32
 435              		.loc 1 137 0
 436 01fc 0DF11008 		add	r8, sp, #16
 437              	.LVL58:
 438              	.L25:
 439              		.loc 1 242 0
 440 0200 C9EB0303 		rsb	r3, r9, r3
 441              	.LVL59:
 442 0204 23EAE37A 		bic	sl, r3, r3, asr #31
 443              	.LVL60:
 444              		.loc 1 244 0
 445 0208 BBF1000F 		cmp	fp, #0
 446 020c D4D1     		bne	.L42
 447              	.LVL61:
 448              	.L79:
 449              		.loc 1 245 0
 450 020e CAF1000A 		rsb	sl, sl, #0
 451              	.LVL62:
 452              		.loc 1 246 0
 453 0212 BAF1000F 		cmp	sl, #0
 454 0216 CFD0     		beq	.L42
 455              		.loc 1 247 0
 456 0218 98F80030 		ldrb	r3, [r8, #0]	@ zero_extendqisi2
ARM GAS  /tmp/ccz0grvG.s 			page 9


 457 021c 2D2B     		cmp	r3, #45
 458 021e 08BF     		it	eq
 459 0220 302E     		cmpeq	r6, #48
 460 0222 00F09780 		beq	.L80
 461              	.LVL63:
 462              	.L59:
 463              		.loc 1 252 0 discriminator 1
 464 0226 2B68     		ldr	r3, [r5, #0]
 465 0228 2846     		mov	r0, r5
 466 022a 9B68     		ldr	r3, [r3, #8]
 467 022c 3146     		mov	r1, r6
 468 022e 9847     		blx	r3
 469              	.LVL64:
 470              		.loc 1 253 0 discriminator 1
 471 0230 1AF1010A 		adds	sl, sl, #1
 472              	.LVL65:
 473 0234 F7D1     		bne	.L59
 474 0236 BFE7     		b	.L42
 475              	.LVL66:
 476              	.L21:
 477              		.loc 1 183 0
 478 0238 4FF01008 		mov	r8, #16
 479              	.LVL67:
 480              	.L20:
 481              		.loc 1 232 0
 482 023c 079A     		ldr	r2, [sp, #28]
 483              		.loc 1 231 0
 484 023e 0028     		cmp	r0, #0
 485 0240 32D0     		beq	.L36
 486              	.L82:
 487              		.loc 1 232 0
 488 0242 111D     		adds	r1, r2, #4
 489 0244 0791     		str	r1, [sp, #28]
 490 0246 1168     		ldr	r1, [r2, #0]
 491              	.LVL68:
 492              	.L37:
 493              		.loc 1 234 0
 494 0248 0DF11A0C 		add	ip, sp, #26
 495              	.LVL69:
 496 024c 0846     		mov	r0, r1
 497 024e B146     		mov	r9, r6
 498              	.LVL70:
 499              	.L39:
 500              	.LBB20:
 501              	.LBB21:
 502              	.LBB22:
 503              		.loc 1 57 0
 504 0250 B1FBF8F6 		udiv	r6, r1, r8
 505 0254 08FB1611 		mls	r1, r8, r6, r1
 506              	.LVL71:
 507              		.loc 1 58 0
 508 0258 01F13002 		add	r2, r1, #48
 509              	.LVL72:
 510              		.loc 1 59 0
 511 025c 392A     		cmp	r2, #57
 512              		.loc 1 60 0
 513 025e C8BF     		it	gt
ARM GAS  /tmp/ccz0grvG.s 			page 10


 514 0260 01F13702 		addgt	r2, r1, #55
 515              	.LVL73:
 516              		.loc 1 61 0
 517 0264 D2B2     		uxtb	r2, r2
 518              	.LVL74:
 519              		.loc 1 63 0
 520 0266 B0FBF8F0 		udiv	r0, r0, r8
 521              	.LVL75:
 522              		.loc 1 61 0
 523 026a E246     		mov	sl, ip
 524              	.LVL76:
 525              		.loc 1 62 0
 526 026c 3146     		mov	r1, r6
 527              	.LVL77:
 528              		.loc 1 61 0
 529 026e 0CF80129 		strb	r2, [ip], #-1
 530              	.LVL78:
 531              		.loc 1 63 0
 532 0272 0028     		cmp	r0, #0
 533 0274 ECD1     		bne	.L39
 534 0276 4E46     		mov	r6, r9
 535              	.LVL79:
 536              		.loc 1 65 0
 537 0278 0DF11B09 		add	r9, sp, #27
 538              	.LVL80:
 539              		.loc 1 112 0
 540 027c 0DF11008 		add	r8, sp, #16
 541              	.LVL81:
 542              		.loc 1 65 0
 543 0280 CAEB0909 		rsb	r9, sl, r9
 544              	.LVL82:
 545              		.loc 1 112 0
 546 0284 08EB0900 		add	r0, r8, r9
 547              	.LVL83:
 548              	.LBE22:
 549              	.LBE21:
 550              	.LBE20:
 551              		.loc 1 136 0
 552 0288 4146     		mov	r1, r8
 553              	.LVL84:
 554 028a 01E0     		b	.L41
 555              	.LVL85:
 556              	.L81:
 557              	.LBB25:
 558              	.LBB24:
 559              	.LBB23:
 560              		.loc 1 68 0
 561 028c 1AF8012F 		ldrb	r2, [sl, #1]!	@ zero_extendqisi2
 562              	.L41:
 563              		.loc 1 67 0
 564 0290 01F8012B 		strb	r2, [r1], #1
 565              	.LVL86:
 566              		.loc 1 68 0
 567 0294 8142     		cmp	r1, r0
 568 0296 F9D1     		bne	.L81
 569              	.LBE23:
 570              	.LBE24:
ARM GAS  /tmp/ccz0grvG.s 			page 11


 571              	.LBE25:
 572              		.loc 1 137 0
 573 0298 0DF11008 		add	r8, sp, #16
 574              		.loc 1 239 0
 575 029c B0E7     		b	.L25
 576              	.LVL87:
 577              	.L52:
 578              		.loc 1 183 0
 579 029e 4FF00A08 		mov	r8, #10
 580              	.LVL88:
 581              		.loc 1 232 0
 582 02a2 079A     		ldr	r2, [sp, #28]
 583              		.loc 1 231 0
 584 02a4 0028     		cmp	r0, #0
 585 02a6 CCD1     		bne	.L82
 586              	.L36:
 587              		.loc 1 234 0
 588 02a8 101D     		adds	r0, r2, #4
 589              	.LVL89:
 590 02aa 1168     		ldr	r1, [r2, #0]
 591              	.LVL90:
 592 02ac 0790     		str	r0, [sp, #28]
 593 02ae CBE7     		b	.L37
 594              	.LVL91:
 595              	.L19:
 596 02b0 4FF00808 		mov	r8, #8
 597 02b4 C2E7     		b	.L20
 598              	.LVL92:
 599              	.L18:
 600              		.loc 1 200 0
 601 02b6 079A     		ldr	r2, [sp, #28]
 602              	.LVL93:
 603 02b8 111D     		adds	r1, r2, #4
 604              	.LVL94:
 605              		.loc 1 199 0
 606 02ba 0028     		cmp	r0, #0
 607 02bc 3CD1     		bne	.L83
 608              		.loc 1 202 0
 609 02be 1068     		ldr	r0, [r2, #0]
 610              	.LVL95:
 611 02c0 0791     		str	r1, [sp, #28]
 612              		.loc 1 203 0
 613 02c2 0028     		cmp	r0, #0
 614              		.loc 1 136 0
 615 02c4 A8BF     		it	ge
 616 02c6 0DF11009 		addge	r9, sp, #16
 617              		.loc 1 203 0
 618 02ca 3CDB     		blt	.L84
 619              	.LVL96:
 620              	.L32:
 621              	.LBB26:
 622              	.LBB18:
 623              	.LBB16:
 624              		.loc 1 55 0
 625 02cc 09F10B0A 		add	sl, r9, #11
 626              	.LVL97:
 627 02d0 8046     		mov	r8, r0
ARM GAS  /tmp/ccz0grvG.s 			page 12


 628 02d2 D446     		mov	ip, sl
 629              	.LVL98:
 630              	.L33:
 631              		.loc 1 57 0
 632 02d4 A7FB0021 		umull	r2, r1, r7, r0
 633 02d8 C908     		lsrs	r1, r1, #3
 634 02da 0A46     		mov	r2, r1
 635 02dc 01EB8101 		add	r1, r1, r1, lsl #2
 636 02e0 A0EB4101 		sub	r1, r0, r1, lsl #1
 637              	.LVL99:
 638              		.loc 1 58 0
 639 02e4 3031     		adds	r1, r1, #48
 640              	.LVL100:
 641              		.loc 1 63 0
 642 02e6 A7FB0808 		umull	r0, r8, r7, r8
 643              	.LVL101:
 644              		.loc 1 61 0
 645 02ea C9B2     		uxtb	r1, r1
 646              	.LVL102:
 647              		.loc 1 63 0
 648 02ec 5FEAD808 		lsrs	r8, r8, #3
 649              		.loc 1 61 0
 650 02f0 0CF8011D 		strb	r1, [ip, #-1]!
 651              	.LVL103:
 652              		.loc 1 62 0
 653 02f4 1046     		mov	r0, r2
 654              	.LVL104:
 655              		.loc 1 63 0
 656 02f6 EDD1     		bne	.L33
 657              		.loc 1 65 0
 658 02f8 CCEB0A0A 		rsb	sl, ip, sl
 659              	.LVL105:
 660              		.loc 1 112 0
 661 02fc 09EB0A00 		add	r0, r9, sl
 662 0300 4A46     		mov	r2, r9
 663              	.LVL106:
 664 0302 01E0     		b	.L35
 665              	.LVL107:
 666              	.L85:
 667              		.loc 1 68 0
 668 0304 1CF8011F 		ldrb	r1, [ip, #1]!	@ zero_extendqisi2
 669              	.L35:
 670              		.loc 1 67 0
 671 0308 02F8011B 		strb	r1, [r2], #1
 672              	.LVL108:
 673              		.loc 1 68 0
 674 030c 8242     		cmp	r2, r0
 675 030e F9D1     		bne	.L85
 676              	.LVL109:
 677 0310 029A     		ldr	r2, [sp, #8]
 678              	.LVL110:
 679              		.loc 1 207 0
 680 0312 D144     		add	r9, r9, sl
 681              	.LVL111:
 682              		.loc 1 68 0
 683 0314 C2EB0909 		rsb	r9, r2, r9
 684              	.LBE16:
ARM GAS  /tmp/ccz0grvG.s 			page 13


 685              	.LBE18:
 686              	.LBE26:
 687              		.loc 1 137 0
 688 0318 0DF11008 		add	r8, sp, #16
 689              		.loc 1 208 0
 690 031c 70E7     		b	.L25
 691              	.LVL112:
 692              	.L17:
 693              		.loc 1 238 0
 694 031e 8DF81020 		strb	r2, [sp, #16]
 695              	.LVL113:
 696 0322 DDF80C90 		ldr	r9, [sp, #12]
 697              		.loc 1 137 0
 698 0326 0DF11008 		add	r8, sp, #16
 699 032a 69E7     		b	.L25
 700              	.LVL114:
 701              	.L76:
 702              		.loc 1 145 0
 703 032c 98F80120 		ldrb	r2, [r8, #1]	@ zero_extendqisi2
 704              		.loc 1 146 0
 705 0330 3026     		movs	r6, #48
 706              		.loc 1 145 0
 707 0332 08F10108 		add	r8, r8, #1
 708              	.LVL115:
 709 0336 9AE6     		b	.L7
 710              	.LVL116:
 711              	.L83:
 712              		.loc 1 200 0
 713 0338 1068     		ldr	r0, [r2, #0]
 714              	.LVL117:
 715 033a 0791     		str	r1, [sp, #28]
 716              		.loc 1 203 0
 717 033c 0028     		cmp	r0, #0
 718              		.loc 1 136 0
 719 033e A8BF     		it	ge
 720 0340 0DF11009 		addge	r9, sp, #16
 721              		.loc 1 203 0
 722 0344 C2DA     		bge	.L32
 723              	.LVL118:
 724              	.L84:
 725              		.loc 1 204 0
 726 0346 2D22     		movs	r2, #45
 727 0348 8DF81020 		strb	r2, [sp, #16]
 728              	.LVL119:
 729              		.loc 1 205 0
 730 034c 4042     		negs	r0, r0
 731              	.LVL120:
 732              		.loc 1 204 0
 733 034e 0DF11109 		add	r9, sp, #17
 734 0352 BBE7     		b	.L32
 735              	.LVL121:
 736              	.L80:
 737              		.loc 1 248 0
 738 0354 2B68     		ldr	r3, [r5, #0]
 739 0356 2846     		mov	r0, r5
 740 0358 9B68     		ldr	r3, [r3, #8]
 741 035a 2D21     		movs	r1, #45
ARM GAS  /tmp/ccz0grvG.s 			page 14


 742 035c 9847     		blx	r3
 743 035e 08F10108 		add	r8, r8, #1
 744              	.LVL122:
 745              		.loc 1 249 0
 746 0362 09F1FF39 		add	r9, r9, #-1
 747              	.LVL123:
 748 0366 5EE7     		b	.L59
 749              		.cfi_endproc
 750              	.LFE9:
 751              		.size	chprintf, .-chprintf
 752 0368 AFF30080 		.section	.rodata.str1.4,"aMS",%progbits,1
 752      AFF30080 
 753              		.align	2
 754              	.LC0:
 755 0000 286E756C 		.ascii	"(null)\000"
 755      6C2900
 756 0007 00       		.text
 757              	.Letext0:
 758              		.file 2 "/home/craig/gcc/arm/lib/gcc/arm-none-eabi/4.6.2/include/stdarg.h"
 759              		.file 3 "/home/craig/gcc/arm/lib/gcc/arm-none-eabi/4.6.2/include/stddef.h"
 760              		.file 4 "/home/craig/gcc/arm/lib/gcc/arm-none-eabi/4.6.2/../../../../arm-none-eabi/include/stdint.
 761              		.file 5 "../../os/ports/GCC/ARMCMx/chtypes.h"
 762              		.file 6 "<built-in>"
 763              		.file 7 "../../os/kernel/include/chstreams.h"
 764              		.section	.debug_info,"",%progbits
 765              	.Ldebug_info0:
 766 0000 86040000 		.4byte	0x486
 767 0004 0200     		.2byte	0x2
 768 0006 00000000 		.4byte	.Ldebug_abbrev0
 769 000a 04       		.byte	0x4
 770 000b 01       		.uleb128 0x1
 771 000c E8000000 		.4byte	.LASF32
 772 0010 01       		.byte	0x1
 773 0011 CC000000 		.4byte	.LASF33
 774 0015 90010000 		.4byte	.LASF34
 775 0019 00000000 		.4byte	0
 776 001d 00000000 		.4byte	0
 777 0021 A8000000 		.4byte	.Ldebug_ranges0+0xa8
 778 0025 00000000 		.4byte	.Ldebug_line0
 779 0029 02       		.uleb128 0x2
 780 002a B1000000 		.4byte	.LASF0
 781 002e 02       		.byte	0x2
 782 002f 28       		.byte	0x28
 783 0030 34000000 		.4byte	0x34
 784 0034 03       		.uleb128 0x3
 785 0035 44010000 		.4byte	.LASF17
 786 0039 04       		.byte	0x4
 787 003a 06       		.byte	0x6
 788 003b 00       		.byte	0
 789 003c 4E000000 		.4byte	0x4e
 790 0040 04       		.uleb128 0x4
 791 0041 07000000 		.4byte	.LASF35
 792 0045 4E000000 		.4byte	0x4e
 793 0049 02       		.byte	0x2
 794 004a 23       		.byte	0x23
 795 004b 00       		.uleb128 0
 796 004c 01       		.byte	0x1
ARM GAS  /tmp/ccz0grvG.s 			page 15


 797 004d 00       		.byte	0
 798 004e 05       		.uleb128 0x5
 799 004f 04       		.byte	0x4
 800 0050 02       		.uleb128 0x2
 801 0051 4C000000 		.4byte	.LASF1
 802 0055 02       		.byte	0x2
 803 0056 66       		.byte	0x66
 804 0057 29000000 		.4byte	0x29
 805 005b 06       		.uleb128 0x6
 806 005c 04       		.byte	0x4
 807 005d 05       		.byte	0x5
 808 005e 696E7400 		.ascii	"int\000"
 809 0062 02       		.uleb128 0x2
 810 0063 00000000 		.4byte	.LASF2
 811 0067 03       		.byte	0x3
 812 0068 D4       		.byte	0xd4
 813 0069 6D000000 		.4byte	0x6d
 814 006d 07       		.uleb128 0x7
 815 006e 04       		.byte	0x4
 816 006f 07       		.byte	0x7
 817 0070 14000000 		.4byte	.LASF3
 818 0074 07       		.uleb128 0x7
 819 0075 01       		.byte	0x1
 820 0076 06       		.byte	0x6
 821 0077 C2010000 		.4byte	.LASF4
 822 007b 02       		.uleb128 0x2
 823 007c 44000000 		.4byte	.LASF5
 824 0080 04       		.byte	0x4
 825 0081 2A       		.byte	0x2a
 826 0082 86000000 		.4byte	0x86
 827 0086 07       		.uleb128 0x7
 828 0087 01       		.byte	0x1
 829 0088 08       		.byte	0x8
 830 0089 69000000 		.4byte	.LASF6
 831 008d 07       		.uleb128 0x7
 832 008e 02       		.byte	0x2
 833 008f 05       		.byte	0x5
 834 0090 76010000 		.4byte	.LASF7
 835 0094 07       		.uleb128 0x7
 836 0095 02       		.byte	0x2
 837 0096 07       		.byte	0x7
 838 0097 89000000 		.4byte	.LASF8
 839 009b 02       		.uleb128 0x2
 840 009c 35010000 		.4byte	.LASF9
 841 00a0 04       		.byte	0x4
 842 00a1 4F       		.byte	0x4f
 843 00a2 A6000000 		.4byte	0xa6
 844 00a6 07       		.uleb128 0x7
 845 00a7 04       		.byte	0x4
 846 00a8 05       		.byte	0x5
 847 00a9 B9010000 		.4byte	.LASF10
 848 00ad 07       		.uleb128 0x7
 849 00ae 04       		.byte	0x4
 850 00af 07       		.byte	0x7
 851 00b0 77000000 		.4byte	.LASF11
 852 00b4 07       		.uleb128 0x7
 853 00b5 08       		.byte	0x8
ARM GAS  /tmp/ccz0grvG.s 			page 16


 854 00b6 05       		.byte	0x5
 855 00b7 4E010000 		.4byte	.LASF12
 856 00bb 07       		.uleb128 0x7
 857 00bc 08       		.byte	0x8
 858 00bd 07       		.byte	0x7
 859 00be 0A010000 		.4byte	.LASF13
 860 00c2 02       		.uleb128 0x2
 861 00c3 21000000 		.4byte	.LASF14
 862 00c7 05       		.byte	0x5
 863 00c8 27       		.byte	0x27
 864 00c9 9B000000 		.4byte	0x9b
 865 00cd 02       		.uleb128 0x2
 866 00ce 2F010000 		.4byte	.LASF15
 867 00d2 05       		.byte	0x5
 868 00d3 2D       		.byte	0x2d
 869 00d4 9B000000 		.4byte	0x9b
 870 00d8 08       		.uleb128 0x8
 871 00d9 04       		.byte	0x4
 872 00da DE000000 		.4byte	0xde
 873 00de 09       		.uleb128 0x9
 874 00df E3000000 		.4byte	0xe3
 875 00e3 07       		.uleb128 0x7
 876 00e4 01       		.byte	0x1
 877 00e5 08       		.byte	0x8
 878 00e6 66010000 		.4byte	.LASF16
 879 00ea 08       		.uleb128 0x8
 880 00eb 04       		.byte	0x4
 881 00ec F0000000 		.4byte	0xf0
 882 00f0 0A       		.uleb128 0xa
 883 00f1 01       		.byte	0x1
 884 00f2 CD000000 		.4byte	0xcd
 885 00f6 00010000 		.4byte	0x100
 886 00fa 0B       		.uleb128 0xb
 887 00fb 4E000000 		.4byte	0x4e
 888 00ff 00       		.byte	0
 889 0100 08       		.uleb128 0x8
 890 0101 04       		.byte	0x4
 891 0102 7B000000 		.4byte	0x7b
 892 0106 03       		.uleb128 0x3
 893 0107 D3010000 		.4byte	.LASF18
 894 010b 10       		.byte	0x10
 895 010c 07       		.byte	0x7
 896 010d 41       		.byte	0x41
 897 010e 4B010000 		.4byte	0x14b
 898 0112 0C       		.uleb128 0xc
 899 0113 9C000000 		.4byte	.LASF19
 900 0117 07       		.byte	0x7
 901 0118 42       		.byte	0x42
 902 0119 70010000 		.4byte	0x170
 903 011d 02       		.byte	0x2
 904 011e 23       		.byte	0x23
 905 011f 00       		.uleb128 0
 906 0120 0C       		.uleb128 0xc
 907 0121 C0000000 		.4byte	.LASF20
 908 0125 07       		.byte	0x7
 909 0126 42       		.byte	0x42
 910 0127 90010000 		.4byte	0x190
ARM GAS  /tmp/ccz0grvG.s 			page 17


 911 012b 02       		.byte	0x2
 912 012c 23       		.byte	0x23
 913 012d 04       		.uleb128 0x4
 914 012e 0D       		.uleb128 0xd
 915 012f 70757400 		.ascii	"put\000"
 916 0133 07       		.byte	0x7
 917 0134 42       		.byte	0x42
 918 0135 AB010000 		.4byte	0x1ab
 919 0139 02       		.byte	0x2
 920 013a 23       		.byte	0x23
 921 013b 08       		.uleb128 0x8
 922 013c 0D       		.uleb128 0xd
 923 013d 67657400 		.ascii	"get\000"
 924 0141 07       		.byte	0x7
 925 0142 42       		.byte	0x42
 926 0143 EA000000 		.4byte	0xea
 927 0147 02       		.byte	0x2
 928 0148 23       		.byte	0x23
 929 0149 0C       		.uleb128 0xc
 930 014a 00       		.byte	0
 931 014b 0A       		.uleb128 0xa
 932 014c 01       		.byte	0x1
 933 014d 62000000 		.4byte	0x62
 934 0151 65010000 		.4byte	0x165
 935 0155 0B       		.uleb128 0xb
 936 0156 4E000000 		.4byte	0x4e
 937 015a 0B       		.uleb128 0xb
 938 015b 65010000 		.4byte	0x165
 939 015f 0B       		.uleb128 0xb
 940 0160 62000000 		.4byte	0x62
 941 0164 00       		.byte	0
 942 0165 08       		.uleb128 0x8
 943 0166 04       		.byte	0x4
 944 0167 6B010000 		.4byte	0x16b
 945 016b 09       		.uleb128 0x9
 946 016c 7B000000 		.4byte	0x7b
 947 0170 08       		.uleb128 0x8
 948 0171 04       		.byte	0x4
 949 0172 4B010000 		.4byte	0x14b
 950 0176 0A       		.uleb128 0xa
 951 0177 01       		.byte	0x1
 952 0178 62000000 		.4byte	0x62
 953 017c 90010000 		.4byte	0x190
 954 0180 0B       		.uleb128 0xb
 955 0181 4E000000 		.4byte	0x4e
 956 0185 0B       		.uleb128 0xb
 957 0186 00010000 		.4byte	0x100
 958 018a 0B       		.uleb128 0xb
 959 018b 62000000 		.4byte	0x62
 960 018f 00       		.byte	0
 961 0190 08       		.uleb128 0x8
 962 0191 04       		.byte	0x4
 963 0192 76010000 		.4byte	0x176
 964 0196 0A       		.uleb128 0xa
 965 0197 01       		.byte	0x1
 966 0198 CD000000 		.4byte	0xcd
 967 019c AB010000 		.4byte	0x1ab
ARM GAS  /tmp/ccz0grvG.s 			page 18


 968 01a0 0B       		.uleb128 0xb
 969 01a1 4E000000 		.4byte	0x4e
 970 01a5 0B       		.uleb128 0xb
 971 01a6 7B000000 		.4byte	0x7b
 972 01aa 00       		.byte	0
 973 01ab 08       		.uleb128 0x8
 974 01ac 04       		.byte	0x4
 975 01ad 96010000 		.4byte	0x196
 976 01b1 0E       		.uleb128 0xe
 977 01b2 04       		.byte	0x4
 978 01b3 07       		.byte	0x7
 979 01b4 4A       		.byte	0x4a
 980 01b5 C8010000 		.4byte	0x1c8
 981 01b9 0D       		.uleb128 0xd
 982 01ba 766D7400 		.ascii	"vmt\000"
 983 01be 07       		.byte	0x7
 984 01bf 4C       		.byte	0x4c
 985 01c0 C8010000 		.4byte	0x1c8
 986 01c4 02       		.byte	0x2
 987 01c5 23       		.byte	0x23
 988 01c6 00       		.uleb128 0
 989 01c7 00       		.byte	0
 990 01c8 08       		.uleb128 0x8
 991 01c9 04       		.byte	0x4
 992 01ca CE010000 		.4byte	0x1ce
 993 01ce 09       		.uleb128 0x9
 994 01cf 06010000 		.4byte	0x106
 995 01d3 02       		.uleb128 0x2
 996 01d4 54000000 		.4byte	.LASF21
 997 01d8 07       		.byte	0x7
 998 01d9 4E       		.byte	0x4e
 999 01da B1010000 		.4byte	0x1b1
 1000 01de 0F       		.uleb128 0xf
 1001 01df 28000000 		.4byte	.LASF24
 1002 01e3 01       		.byte	0x1
 1003 01e4 28       		.byte	0x28
 1004 01e5 01       		.byte	0x1
 1005 01e6 3F020000 		.4byte	0x23f
 1006 01ea 01       		.byte	0x1
 1007 01eb 3F020000 		.4byte	0x23f
 1008 01ef 10       		.uleb128 0x10
 1009 01f0 7000     		.ascii	"p\000"
 1010 01f2 01       		.byte	0x1
 1011 01f3 28       		.byte	0x28
 1012 01f4 3F020000 		.4byte	0x23f
 1013 01f8 10       		.uleb128 0x10
 1014 01f9 6E756D00 		.ascii	"num\000"
 1015 01fd 01       		.byte	0x1
 1016 01fe 29       		.byte	0x29
 1017 01ff A6000000 		.4byte	0xa6
 1018 0203 11       		.uleb128 0x11
 1019 0204 29010000 		.4byte	.LASF22
 1020 0208 01       		.byte	0x1
 1021 0209 2A       		.byte	0x2a
 1022 020a 6D000000 		.4byte	0x6d
 1023 020e 11       		.uleb128 0x11
 1024 020f 21010000 		.4byte	.LASF23
ARM GAS  /tmp/ccz0grvG.s 			page 19


 1025 0213 01       		.byte	0x1
 1026 0214 2B       		.byte	0x2b
 1027 0215 A6000000 		.4byte	0xa6
 1028 0219 12       		.uleb128 0x12
 1029 021a 6900     		.ascii	"i\000"
 1030 021c 01       		.byte	0x1
 1031 021d 2C       		.byte	0x2c
 1032 021e 5B000000 		.4byte	0x5b
 1033 0222 12       		.uleb128 0x12
 1034 0223 7100     		.ascii	"q\000"
 1035 0225 01       		.byte	0x1
 1036 0226 2D       		.byte	0x2d
 1037 0227 3F020000 		.4byte	0x23f
 1038 022b 12       		.uleb128 0x12
 1039 022c 6C00     		.ascii	"l\000"
 1040 022e 01       		.byte	0x1
 1041 022f 2E       		.byte	0x2e
 1042 0230 A6000000 		.4byte	0xa6
 1043 0234 12       		.uleb128 0x12
 1044 0235 6C6C00   		.ascii	"ll\000"
 1045 0238 01       		.byte	0x1
 1046 0239 2E       		.byte	0x2e
 1047 023a A6000000 		.4byte	0xa6
 1048 023e 00       		.byte	0
 1049 023f 08       		.uleb128 0x8
 1050 0240 04       		.byte	0x4
 1051 0241 E3000000 		.4byte	0xe3
 1052 0245 0F       		.uleb128 0xf
 1053 0246 CE010000 		.4byte	.LASF25
 1054 024a 01       		.byte	0x1
 1055 024b 49       		.byte	0x49
 1056 024c 01       		.byte	0x1
 1057 024d 3F020000 		.4byte	0x23f
 1058 0251 01       		.byte	0x1
 1059 0252 76020000 		.4byte	0x276
 1060 0256 10       		.uleb128 0x10
 1061 0257 7000     		.ascii	"p\000"
 1062 0259 01       		.byte	0x1
 1063 025a 49       		.byte	0x49
 1064 025b 3F020000 		.4byte	0x23f
 1065 025f 10       		.uleb128 0x10
 1066 0260 6E756D00 		.ascii	"num\000"
 1067 0264 01       		.byte	0x1
 1068 0265 49       		.byte	0x49
 1069 0266 A6000000 		.4byte	0xa6
 1070 026a 11       		.uleb128 0x11
 1071 026b 29010000 		.4byte	.LASF22
 1072 026f 01       		.byte	0x1
 1073 0270 49       		.byte	0x49
 1074 0271 6D000000 		.4byte	0x6d
 1075 0275 00       		.byte	0
 1076 0276 13       		.uleb128 0x13
 1077 0277 01       		.byte	0x1
 1078 0278 A8000000 		.4byte	.LASF36
 1079 027c 01       		.byte	0x1
 1080 027d 70       		.byte	0x70
 1081 027e 01       		.byte	0x1
ARM GAS  /tmp/ccz0grvG.s 			page 20


 1082 027f 00000000 		.4byte	.LFB9
 1083 0283 68030000 		.4byte	.LFE9
 1084 0287 00000000 		.4byte	.LLST0
 1085 028b 77040000 		.4byte	0x477
 1086 028f 14       		.uleb128 0x14
 1087 0290 63687000 		.ascii	"chp\000"
 1088 0294 01       		.byte	0x1
 1089 0295 70       		.byte	0x70
 1090 0296 77040000 		.4byte	0x477
 1091 029a 39000000 		.4byte	.LLST1
 1092 029e 14       		.uleb128 0x14
 1093 029f 666D7400 		.ascii	"fmt\000"
 1094 02a3 01       		.byte	0x1
 1095 02a4 70       		.byte	0x70
 1096 02a5 D8000000 		.4byte	0xd8
 1097 02a9 57000000 		.4byte	.LLST2
 1098 02ad 15       		.uleb128 0x15
 1099 02ae 16       		.uleb128 0x16
 1100 02af 617000   		.ascii	"ap\000"
 1101 02b2 01       		.byte	0x1
 1102 02b3 71       		.byte	0x71
 1103 02b4 50000000 		.4byte	0x50
 1104 02b8 02       		.byte	0x2
 1105 02b9 91       		.byte	0x91
 1106 02ba 4C       		.sleb128 -52
 1107 02bb 17       		.uleb128 0x17
 1108 02bc 7000     		.ascii	"p\000"
 1109 02be 01       		.byte	0x1
 1110 02bf 72       		.byte	0x72
 1111 02c0 3F020000 		.4byte	0x23f
 1112 02c4 DF000000 		.4byte	.LLST3
 1113 02c8 17       		.uleb128 0x17
 1114 02c9 7300     		.ascii	"s\000"
 1115 02cb 01       		.byte	0x1
 1116 02cc 72       		.byte	0x72
 1117 02cd 3F020000 		.4byte	0x23f
 1118 02d1 8A010000 		.4byte	.LLST4
 1119 02d5 17       		.uleb128 0x17
 1120 02d6 6300     		.ascii	"c\000"
 1121 02d8 01       		.byte	0x1
 1122 02d9 72       		.byte	0x72
 1123 02da E3000000 		.4byte	0xe3
 1124 02de 00020000 		.4byte	.LLST5
 1125 02e2 18       		.uleb128 0x18
 1126 02e3 C5000000 		.4byte	.LASF26
 1127 02e7 01       		.byte	0x1
 1128 02e8 72       		.byte	0x72
 1129 02e9 E3000000 		.4byte	0xe3
 1130 02ed B9020000 		.4byte	.LLST6
 1131 02f1 17       		.uleb128 0x17
 1132 02f2 6900     		.ascii	"i\000"
 1133 02f4 01       		.byte	0x1
 1134 02f5 73       		.byte	0x73
 1135 02f6 5B000000 		.4byte	0x5b
 1136 02fa 42030000 		.4byte	.LLST7
 1137 02fe 18       		.uleb128 0x18
 1138 02ff 5C010000 		.4byte	.LASF27
ARM GAS  /tmp/ccz0grvG.s 			page 21


 1139 0303 01       		.byte	0x1
 1140 0304 73       		.byte	0x73
 1141 0305 5B000000 		.4byte	0x5b
 1142 0309 78030000 		.4byte	.LLST8
 1143 030d 18       		.uleb128 0x18
 1144 030e A2000000 		.4byte	.LASF28
 1145 0312 01       		.byte	0x1
 1146 0313 73       		.byte	0x73
 1147 0314 5B000000 		.4byte	0x5b
 1148 0318 F5030000 		.4byte	.LLST9
 1149 031c 18       		.uleb128 0x18
 1150 031d 0C000000 		.4byte	.LASF29
 1151 0321 01       		.byte	0x1
 1152 0322 74       		.byte	0x74
 1153 0323 C2000000 		.4byte	0xc2
 1154 0327 A7040000 		.4byte	.LLST10
 1155 032b 18       		.uleb128 0x18
 1156 032c 6B010000 		.4byte	.LASF30
 1157 0330 01       		.byte	0x1
 1158 0331 74       		.byte	0x74
 1159 0332 C2000000 		.4byte	0xc2
 1160 0336 13050000 		.4byte	.LLST11
 1161 033a 17       		.uleb128 0x17
 1162 033b 6C00     		.ascii	"l\000"
 1163 033d 01       		.byte	0x1
 1164 033e 75       		.byte	0x75
 1165 033f A6000000 		.4byte	0xa6
 1166 0343 3E050000 		.4byte	.LLST12
 1167 0347 19       		.uleb128 0x19
 1168 0348 3D010000 		.4byte	.LASF31
 1169 034c 01       		.byte	0x1
 1170 034d 7A       		.byte	0x7a
 1171 034e 7D040000 		.4byte	0x47d
 1172 0352 02       		.byte	0x2
 1173 0353 91       		.byte	0x91
 1174 0354 40       		.sleb128 -64
 1175 0355 1A       		.uleb128 0x1a
 1176 0356 80010000 		.4byte	.LASF37
 1177 035a 01       		.byte	0x1
 1178 035b E6       		.byte	0xe6
 1179 035c 3C020000 		.4byte	.L20
 1180 0360 1B       		.uleb128 0x1b
 1181 0361 45020000 		.4byte	0x245
 1182 0365 18000000 		.4byte	.LBB12
 1183 0369 00000000 		.4byte	.Ldebug_ranges0+0
 1184 036d 01       		.byte	0x1
 1185 036e CF       		.byte	0xcf
 1186 036f ED030000 		.4byte	0x3ed
 1187 0373 1C       		.uleb128 0x1c
 1188 0374 6A020000 		.4byte	0x26a
 1189 0378 8D050000 		.4byte	.LLST13
 1190 037c 1C       		.uleb128 0x1c
 1191 037d 5F020000 		.4byte	0x25f
 1192 0381 A1050000 		.4byte	.LLST14
 1193 0385 1C       		.uleb128 0x1c
 1194 0386 56020000 		.4byte	0x256
 1195 038a B4050000 		.4byte	.LLST15
ARM GAS  /tmp/ccz0grvG.s 			page 22


 1196 038e 1D       		.uleb128 0x1d
 1197 038f DE010000 		.4byte	0x1de
 1198 0393 18000000 		.4byte	.LBB13
 1199 0397 20000000 		.4byte	.Ldebug_ranges0+0x20
 1200 039b 01       		.byte	0x1
 1201 039c 4B       		.byte	0x4b
 1202 039d 1C       		.uleb128 0x1c
 1203 039e 0E020000 		.4byte	0x20e
 1204 03a2 C7050000 		.4byte	.LLST16
 1205 03a6 1C       		.uleb128 0x1c
 1206 03a7 03020000 		.4byte	0x203
 1207 03ab E7050000 		.4byte	.LLST17
 1208 03af 1C       		.uleb128 0x1c
 1209 03b0 F8010000 		.4byte	0x1f8
 1210 03b4 06060000 		.4byte	.LLST18
 1211 03b8 1C       		.uleb128 0x1c
 1212 03b9 EF010000 		.4byte	0x1ef
 1213 03bd 24060000 		.4byte	.LLST19
 1214 03c1 1E       		.uleb128 0x1e
 1215 03c2 40000000 		.4byte	.Ldebug_ranges0+0x40
 1216 03c6 1F       		.uleb128 0x1f
 1217 03c7 19020000 		.4byte	0x219
 1218 03cb 5A060000 		.4byte	.LLST20
 1219 03cf 1F       		.uleb128 0x1f
 1220 03d0 22020000 		.4byte	0x222
 1221 03d4 85060000 		.4byte	.LLST21
 1222 03d8 1F       		.uleb128 0x1f
 1223 03d9 2B020000 		.4byte	0x22b
 1224 03dd B0060000 		.4byte	.LLST22
 1225 03e1 1F       		.uleb128 0x1f
 1226 03e2 34020000 		.4byte	0x234
 1227 03e6 EF060000 		.4byte	.LLST23
 1228 03ea 00       		.byte	0
 1229 03eb 00       		.byte	0
 1230 03ec 00       		.byte	0
 1231 03ed 1D       		.uleb128 0x1d
 1232 03ee 45020000 		.4byte	0x245
 1233 03f2 50020000 		.4byte	.LBB20
 1234 03f6 60000000 		.4byte	.Ldebug_ranges0+0x60
 1235 03fa 01       		.byte	0x1
 1236 03fb EB       		.byte	0xeb
 1237 03fc 1C       		.uleb128 0x1c
 1238 03fd 6A020000 		.4byte	0x26a
 1239 0401 2E070000 		.4byte	.LLST24
 1240 0405 1C       		.uleb128 0x1c
 1241 0406 5F020000 		.4byte	0x25f
 1242 040a 41070000 		.4byte	.LLST25
 1243 040e 1C       		.uleb128 0x1c
 1244 040f 56020000 		.4byte	0x256
 1245 0413 54070000 		.4byte	.LLST26
 1246 0417 1D       		.uleb128 0x1d
 1247 0418 DE010000 		.4byte	0x1de
 1248 041c 50020000 		.4byte	.LBB21
 1249 0420 78000000 		.4byte	.Ldebug_ranges0+0x78
 1250 0424 01       		.byte	0x1
 1251 0425 4B       		.byte	0x4b
 1252 0426 1C       		.uleb128 0x1c
ARM GAS  /tmp/ccz0grvG.s 			page 23


 1253 0427 0E020000 		.4byte	0x20e
 1254 042b C7050000 		.4byte	.LLST16
 1255 042f 1C       		.uleb128 0x1c
 1256 0430 03020000 		.4byte	0x203
 1257 0434 E7050000 		.4byte	.LLST17
 1258 0438 1C       		.uleb128 0x1c
 1259 0439 F8010000 		.4byte	0x1f8
 1260 043d 06060000 		.4byte	.LLST18
 1261 0441 1C       		.uleb128 0x1c
 1262 0442 EF010000 		.4byte	0x1ef
 1263 0446 24060000 		.4byte	.LLST19
 1264 044a 1E       		.uleb128 0x1e
 1265 044b 90000000 		.4byte	.Ldebug_ranges0+0x90
 1266 044f 1F       		.uleb128 0x1f
 1267 0450 19020000 		.4byte	0x219
 1268 0454 69070000 		.4byte	.LLST27
 1269 0458 1F       		.uleb128 0x1f
 1270 0459 22020000 		.4byte	0x222
 1271 045d 92070000 		.4byte	.LLST28
 1272 0461 1F       		.uleb128 0x1f
 1273 0462 2B020000 		.4byte	0x22b
 1274 0466 B0060000 		.4byte	.LLST22
 1275 046a 1F       		.uleb128 0x1f
 1276 046b 34020000 		.4byte	0x234
 1277 046f EF060000 		.4byte	.LLST23
 1278 0473 00       		.byte	0
 1279 0474 00       		.byte	0
 1280 0475 00       		.byte	0
 1281 0476 00       		.byte	0
 1282 0477 08       		.uleb128 0x8
 1283 0478 04       		.byte	0x4
 1284 0479 D3010000 		.4byte	0x1d3
 1285 047d 20       		.uleb128 0x20
 1286 047e E3000000 		.4byte	0xe3
 1287 0482 21       		.uleb128 0x21
 1288 0483 6D000000 		.4byte	0x6d
 1289 0487 0B       		.byte	0xb
 1290 0488 00       		.byte	0
 1291 0489 00       		.byte	0
 1292              		.section	.debug_abbrev,"",%progbits
 1293              	.Ldebug_abbrev0:
 1294 0000 01       		.uleb128 0x1
 1295 0001 11       		.uleb128 0x11
 1296 0002 01       		.byte	0x1
 1297 0003 25       		.uleb128 0x25
 1298 0004 0E       		.uleb128 0xe
 1299 0005 13       		.uleb128 0x13
 1300 0006 0B       		.uleb128 0xb
 1301 0007 03       		.uleb128 0x3
 1302 0008 0E       		.uleb128 0xe
 1303 0009 1B       		.uleb128 0x1b
 1304 000a 0E       		.uleb128 0xe
 1305 000b 11       		.uleb128 0x11
 1306 000c 01       		.uleb128 0x1
 1307 000d 52       		.uleb128 0x52
 1308 000e 01       		.uleb128 0x1
 1309 000f 55       		.uleb128 0x55
ARM GAS  /tmp/ccz0grvG.s 			page 24


 1310 0010 06       		.uleb128 0x6
 1311 0011 10       		.uleb128 0x10
 1312 0012 06       		.uleb128 0x6
 1313 0013 00       		.byte	0
 1314 0014 00       		.byte	0
 1315 0015 02       		.uleb128 0x2
 1316 0016 16       		.uleb128 0x16
 1317 0017 00       		.byte	0
 1318 0018 03       		.uleb128 0x3
 1319 0019 0E       		.uleb128 0xe
 1320 001a 3A       		.uleb128 0x3a
 1321 001b 0B       		.uleb128 0xb
 1322 001c 3B       		.uleb128 0x3b
 1323 001d 0B       		.uleb128 0xb
 1324 001e 49       		.uleb128 0x49
 1325 001f 13       		.uleb128 0x13
 1326 0020 00       		.byte	0
 1327 0021 00       		.byte	0
 1328 0022 03       		.uleb128 0x3
 1329 0023 13       		.uleb128 0x13
 1330 0024 01       		.byte	0x1
 1331 0025 03       		.uleb128 0x3
 1332 0026 0E       		.uleb128 0xe
 1333 0027 0B       		.uleb128 0xb
 1334 0028 0B       		.uleb128 0xb
 1335 0029 3A       		.uleb128 0x3a
 1336 002a 0B       		.uleb128 0xb
 1337 002b 3B       		.uleb128 0x3b
 1338 002c 0B       		.uleb128 0xb
 1339 002d 01       		.uleb128 0x1
 1340 002e 13       		.uleb128 0x13
 1341 002f 00       		.byte	0
 1342 0030 00       		.byte	0
 1343 0031 04       		.uleb128 0x4
 1344 0032 0D       		.uleb128 0xd
 1345 0033 00       		.byte	0
 1346 0034 03       		.uleb128 0x3
 1347 0035 0E       		.uleb128 0xe
 1348 0036 49       		.uleb128 0x49
 1349 0037 13       		.uleb128 0x13
 1350 0038 38       		.uleb128 0x38
 1351 0039 0A       		.uleb128 0xa
 1352 003a 34       		.uleb128 0x34
 1353 003b 0C       		.uleb128 0xc
 1354 003c 00       		.byte	0
 1355 003d 00       		.byte	0
 1356 003e 05       		.uleb128 0x5
 1357 003f 0F       		.uleb128 0xf
 1358 0040 00       		.byte	0
 1359 0041 0B       		.uleb128 0xb
 1360 0042 0B       		.uleb128 0xb
 1361 0043 00       		.byte	0
 1362 0044 00       		.byte	0
 1363 0045 06       		.uleb128 0x6
 1364 0046 24       		.uleb128 0x24
 1365 0047 00       		.byte	0
 1366 0048 0B       		.uleb128 0xb
ARM GAS  /tmp/ccz0grvG.s 			page 25


 1367 0049 0B       		.uleb128 0xb
 1368 004a 3E       		.uleb128 0x3e
 1369 004b 0B       		.uleb128 0xb
 1370 004c 03       		.uleb128 0x3
 1371 004d 08       		.uleb128 0x8
 1372 004e 00       		.byte	0
 1373 004f 00       		.byte	0
 1374 0050 07       		.uleb128 0x7
 1375 0051 24       		.uleb128 0x24
 1376 0052 00       		.byte	0
 1377 0053 0B       		.uleb128 0xb
 1378 0054 0B       		.uleb128 0xb
 1379 0055 3E       		.uleb128 0x3e
 1380 0056 0B       		.uleb128 0xb
 1381 0057 03       		.uleb128 0x3
 1382 0058 0E       		.uleb128 0xe
 1383 0059 00       		.byte	0
 1384 005a 00       		.byte	0
 1385 005b 08       		.uleb128 0x8
 1386 005c 0F       		.uleb128 0xf
 1387 005d 00       		.byte	0
 1388 005e 0B       		.uleb128 0xb
 1389 005f 0B       		.uleb128 0xb
 1390 0060 49       		.uleb128 0x49
 1391 0061 13       		.uleb128 0x13
 1392 0062 00       		.byte	0
 1393 0063 00       		.byte	0
 1394 0064 09       		.uleb128 0x9
 1395 0065 26       		.uleb128 0x26
 1396 0066 00       		.byte	0
 1397 0067 49       		.uleb128 0x49
 1398 0068 13       		.uleb128 0x13
 1399 0069 00       		.byte	0
 1400 006a 00       		.byte	0
 1401 006b 0A       		.uleb128 0xa
 1402 006c 15       		.uleb128 0x15
 1403 006d 01       		.byte	0x1
 1404 006e 27       		.uleb128 0x27
 1405 006f 0C       		.uleb128 0xc
 1406 0070 49       		.uleb128 0x49
 1407 0071 13       		.uleb128 0x13
 1408 0072 01       		.uleb128 0x1
 1409 0073 13       		.uleb128 0x13
 1410 0074 00       		.byte	0
 1411 0075 00       		.byte	0
 1412 0076 0B       		.uleb128 0xb
 1413 0077 05       		.uleb128 0x5
 1414 0078 00       		.byte	0
 1415 0079 49       		.uleb128 0x49
 1416 007a 13       		.uleb128 0x13
 1417 007b 00       		.byte	0
 1418 007c 00       		.byte	0
 1419 007d 0C       		.uleb128 0xc
 1420 007e 0D       		.uleb128 0xd
 1421 007f 00       		.byte	0
 1422 0080 03       		.uleb128 0x3
 1423 0081 0E       		.uleb128 0xe
ARM GAS  /tmp/ccz0grvG.s 			page 26


 1424 0082 3A       		.uleb128 0x3a
 1425 0083 0B       		.uleb128 0xb
 1426 0084 3B       		.uleb128 0x3b
 1427 0085 0B       		.uleb128 0xb
 1428 0086 49       		.uleb128 0x49
 1429 0087 13       		.uleb128 0x13
 1430 0088 38       		.uleb128 0x38
 1431 0089 0A       		.uleb128 0xa
 1432 008a 00       		.byte	0
 1433 008b 00       		.byte	0
 1434 008c 0D       		.uleb128 0xd
 1435 008d 0D       		.uleb128 0xd
 1436 008e 00       		.byte	0
 1437 008f 03       		.uleb128 0x3
 1438 0090 08       		.uleb128 0x8
 1439 0091 3A       		.uleb128 0x3a
 1440 0092 0B       		.uleb128 0xb
 1441 0093 3B       		.uleb128 0x3b
 1442 0094 0B       		.uleb128 0xb
 1443 0095 49       		.uleb128 0x49
 1444 0096 13       		.uleb128 0x13
 1445 0097 38       		.uleb128 0x38
 1446 0098 0A       		.uleb128 0xa
 1447 0099 00       		.byte	0
 1448 009a 00       		.byte	0
 1449 009b 0E       		.uleb128 0xe
 1450 009c 13       		.uleb128 0x13
 1451 009d 01       		.byte	0x1
 1452 009e 0B       		.uleb128 0xb
 1453 009f 0B       		.uleb128 0xb
 1454 00a0 3A       		.uleb128 0x3a
 1455 00a1 0B       		.uleb128 0xb
 1456 00a2 3B       		.uleb128 0x3b
 1457 00a3 0B       		.uleb128 0xb
 1458 00a4 01       		.uleb128 0x1
 1459 00a5 13       		.uleb128 0x13
 1460 00a6 00       		.byte	0
 1461 00a7 00       		.byte	0
 1462 00a8 0F       		.uleb128 0xf
 1463 00a9 2E       		.uleb128 0x2e
 1464 00aa 01       		.byte	0x1
 1465 00ab 03       		.uleb128 0x3
 1466 00ac 0E       		.uleb128 0xe
 1467 00ad 3A       		.uleb128 0x3a
 1468 00ae 0B       		.uleb128 0xb
 1469 00af 3B       		.uleb128 0x3b
 1470 00b0 0B       		.uleb128 0xb
 1471 00b1 27       		.uleb128 0x27
 1472 00b2 0C       		.uleb128 0xc
 1473 00b3 49       		.uleb128 0x49
 1474 00b4 13       		.uleb128 0x13
 1475 00b5 20       		.uleb128 0x20
 1476 00b6 0B       		.uleb128 0xb
 1477 00b7 01       		.uleb128 0x1
 1478 00b8 13       		.uleb128 0x13
 1479 00b9 00       		.byte	0
 1480 00ba 00       		.byte	0
ARM GAS  /tmp/ccz0grvG.s 			page 27


 1481 00bb 10       		.uleb128 0x10
 1482 00bc 05       		.uleb128 0x5
 1483 00bd 00       		.byte	0
 1484 00be 03       		.uleb128 0x3
 1485 00bf 08       		.uleb128 0x8
 1486 00c0 3A       		.uleb128 0x3a
 1487 00c1 0B       		.uleb128 0xb
 1488 00c2 3B       		.uleb128 0x3b
 1489 00c3 0B       		.uleb128 0xb
 1490 00c4 49       		.uleb128 0x49
 1491 00c5 13       		.uleb128 0x13
 1492 00c6 00       		.byte	0
 1493 00c7 00       		.byte	0
 1494 00c8 11       		.uleb128 0x11
 1495 00c9 05       		.uleb128 0x5
 1496 00ca 00       		.byte	0
 1497 00cb 03       		.uleb128 0x3
 1498 00cc 0E       		.uleb128 0xe
 1499 00cd 3A       		.uleb128 0x3a
 1500 00ce 0B       		.uleb128 0xb
 1501 00cf 3B       		.uleb128 0x3b
 1502 00d0 0B       		.uleb128 0xb
 1503 00d1 49       		.uleb128 0x49
 1504 00d2 13       		.uleb128 0x13
 1505 00d3 00       		.byte	0
 1506 00d4 00       		.byte	0
 1507 00d5 12       		.uleb128 0x12
 1508 00d6 34       		.uleb128 0x34
 1509 00d7 00       		.byte	0
 1510 00d8 03       		.uleb128 0x3
 1511 00d9 08       		.uleb128 0x8
 1512 00da 3A       		.uleb128 0x3a
 1513 00db 0B       		.uleb128 0xb
 1514 00dc 3B       		.uleb128 0x3b
 1515 00dd 0B       		.uleb128 0xb
 1516 00de 49       		.uleb128 0x49
 1517 00df 13       		.uleb128 0x13
 1518 00e0 00       		.byte	0
 1519 00e1 00       		.byte	0
 1520 00e2 13       		.uleb128 0x13
 1521 00e3 2E       		.uleb128 0x2e
 1522 00e4 01       		.byte	0x1
 1523 00e5 3F       		.uleb128 0x3f
 1524 00e6 0C       		.uleb128 0xc
 1525 00e7 03       		.uleb128 0x3
 1526 00e8 0E       		.uleb128 0xe
 1527 00e9 3A       		.uleb128 0x3a
 1528 00ea 0B       		.uleb128 0xb
 1529 00eb 3B       		.uleb128 0x3b
 1530 00ec 0B       		.uleb128 0xb
 1531 00ed 27       		.uleb128 0x27
 1532 00ee 0C       		.uleb128 0xc
 1533 00ef 11       		.uleb128 0x11
 1534 00f0 01       		.uleb128 0x1
 1535 00f1 12       		.uleb128 0x12
 1536 00f2 01       		.uleb128 0x1
 1537 00f3 40       		.uleb128 0x40
ARM GAS  /tmp/ccz0grvG.s 			page 28


 1538 00f4 06       		.uleb128 0x6
 1539 00f5 01       		.uleb128 0x1
 1540 00f6 13       		.uleb128 0x13
 1541 00f7 00       		.byte	0
 1542 00f8 00       		.byte	0
 1543 00f9 14       		.uleb128 0x14
 1544 00fa 05       		.uleb128 0x5
 1545 00fb 00       		.byte	0
 1546 00fc 03       		.uleb128 0x3
 1547 00fd 08       		.uleb128 0x8
 1548 00fe 3A       		.uleb128 0x3a
 1549 00ff 0B       		.uleb128 0xb
 1550 0100 3B       		.uleb128 0x3b
 1551 0101 0B       		.uleb128 0xb
 1552 0102 49       		.uleb128 0x49
 1553 0103 13       		.uleb128 0x13
 1554 0104 02       		.uleb128 0x2
 1555 0105 06       		.uleb128 0x6
 1556 0106 00       		.byte	0
 1557 0107 00       		.byte	0
 1558 0108 15       		.uleb128 0x15
 1559 0109 18       		.uleb128 0x18
 1560 010a 00       		.byte	0
 1561 010b 00       		.byte	0
 1562 010c 00       		.byte	0
 1563 010d 16       		.uleb128 0x16
 1564 010e 34       		.uleb128 0x34
 1565 010f 00       		.byte	0
 1566 0110 03       		.uleb128 0x3
 1567 0111 08       		.uleb128 0x8
 1568 0112 3A       		.uleb128 0x3a
 1569 0113 0B       		.uleb128 0xb
 1570 0114 3B       		.uleb128 0x3b
 1571 0115 0B       		.uleb128 0xb
 1572 0116 49       		.uleb128 0x49
 1573 0117 13       		.uleb128 0x13
 1574 0118 02       		.uleb128 0x2
 1575 0119 0A       		.uleb128 0xa
 1576 011a 00       		.byte	0
 1577 011b 00       		.byte	0
 1578 011c 17       		.uleb128 0x17
 1579 011d 34       		.uleb128 0x34
 1580 011e 00       		.byte	0
 1581 011f 03       		.uleb128 0x3
 1582 0120 08       		.uleb128 0x8
 1583 0121 3A       		.uleb128 0x3a
 1584 0122 0B       		.uleb128 0xb
 1585 0123 3B       		.uleb128 0x3b
 1586 0124 0B       		.uleb128 0xb
 1587 0125 49       		.uleb128 0x49
 1588 0126 13       		.uleb128 0x13
 1589 0127 02       		.uleb128 0x2
 1590 0128 06       		.uleb128 0x6
 1591 0129 00       		.byte	0
 1592 012a 00       		.byte	0
 1593 012b 18       		.uleb128 0x18
 1594 012c 34       		.uleb128 0x34
ARM GAS  /tmp/ccz0grvG.s 			page 29


 1595 012d 00       		.byte	0
 1596 012e 03       		.uleb128 0x3
 1597 012f 0E       		.uleb128 0xe
 1598 0130 3A       		.uleb128 0x3a
 1599 0131 0B       		.uleb128 0xb
 1600 0132 3B       		.uleb128 0x3b
 1601 0133 0B       		.uleb128 0xb
 1602 0134 49       		.uleb128 0x49
 1603 0135 13       		.uleb128 0x13
 1604 0136 02       		.uleb128 0x2
 1605 0137 06       		.uleb128 0x6
 1606 0138 00       		.byte	0
 1607 0139 00       		.byte	0
 1608 013a 19       		.uleb128 0x19
 1609 013b 34       		.uleb128 0x34
 1610 013c 00       		.byte	0
 1611 013d 03       		.uleb128 0x3
 1612 013e 0E       		.uleb128 0xe
 1613 013f 3A       		.uleb128 0x3a
 1614 0140 0B       		.uleb128 0xb
 1615 0141 3B       		.uleb128 0x3b
 1616 0142 0B       		.uleb128 0xb
 1617 0143 49       		.uleb128 0x49
 1618 0144 13       		.uleb128 0x13
 1619 0145 02       		.uleb128 0x2
 1620 0146 0A       		.uleb128 0xa
 1621 0147 00       		.byte	0
 1622 0148 00       		.byte	0
 1623 0149 1A       		.uleb128 0x1a
 1624 014a 0A       		.uleb128 0xa
 1625 014b 00       		.byte	0
 1626 014c 03       		.uleb128 0x3
 1627 014d 0E       		.uleb128 0xe
 1628 014e 3A       		.uleb128 0x3a
 1629 014f 0B       		.uleb128 0xb
 1630 0150 3B       		.uleb128 0x3b
 1631 0151 0B       		.uleb128 0xb
 1632 0152 11       		.uleb128 0x11
 1633 0153 01       		.uleb128 0x1
 1634 0154 00       		.byte	0
 1635 0155 00       		.byte	0
 1636 0156 1B       		.uleb128 0x1b
 1637 0157 1D       		.uleb128 0x1d
 1638 0158 01       		.byte	0x1
 1639 0159 31       		.uleb128 0x31
 1640 015a 13       		.uleb128 0x13
 1641 015b 52       		.uleb128 0x52
 1642 015c 01       		.uleb128 0x1
 1643 015d 55       		.uleb128 0x55
 1644 015e 06       		.uleb128 0x6
 1645 015f 58       		.uleb128 0x58
 1646 0160 0B       		.uleb128 0xb
 1647 0161 59       		.uleb128 0x59
 1648 0162 0B       		.uleb128 0xb
 1649 0163 01       		.uleb128 0x1
 1650 0164 13       		.uleb128 0x13
 1651 0165 00       		.byte	0
ARM GAS  /tmp/ccz0grvG.s 			page 30


 1652 0166 00       		.byte	0
 1653 0167 1C       		.uleb128 0x1c
 1654 0168 05       		.uleb128 0x5
 1655 0169 00       		.byte	0
 1656 016a 31       		.uleb128 0x31
 1657 016b 13       		.uleb128 0x13
 1658 016c 02       		.uleb128 0x2
 1659 016d 06       		.uleb128 0x6
 1660 016e 00       		.byte	0
 1661 016f 00       		.byte	0
 1662 0170 1D       		.uleb128 0x1d
 1663 0171 1D       		.uleb128 0x1d
 1664 0172 01       		.byte	0x1
 1665 0173 31       		.uleb128 0x31
 1666 0174 13       		.uleb128 0x13
 1667 0175 52       		.uleb128 0x52
 1668 0176 01       		.uleb128 0x1
 1669 0177 55       		.uleb128 0x55
 1670 0178 06       		.uleb128 0x6
 1671 0179 58       		.uleb128 0x58
 1672 017a 0B       		.uleb128 0xb
 1673 017b 59       		.uleb128 0x59
 1674 017c 0B       		.uleb128 0xb
 1675 017d 00       		.byte	0
 1676 017e 00       		.byte	0
 1677 017f 1E       		.uleb128 0x1e
 1678 0180 0B       		.uleb128 0xb
 1679 0181 01       		.byte	0x1
 1680 0182 55       		.uleb128 0x55
 1681 0183 06       		.uleb128 0x6
 1682 0184 00       		.byte	0
 1683 0185 00       		.byte	0
 1684 0186 1F       		.uleb128 0x1f
 1685 0187 34       		.uleb128 0x34
 1686 0188 00       		.byte	0
 1687 0189 31       		.uleb128 0x31
 1688 018a 13       		.uleb128 0x13
 1689 018b 02       		.uleb128 0x2
 1690 018c 06       		.uleb128 0x6
 1691 018d 00       		.byte	0
 1692 018e 00       		.byte	0
 1693 018f 20       		.uleb128 0x20
 1694 0190 01       		.uleb128 0x1
 1695 0191 01       		.byte	0x1
 1696 0192 49       		.uleb128 0x49
 1697 0193 13       		.uleb128 0x13
 1698 0194 00       		.byte	0
 1699 0195 00       		.byte	0
 1700 0196 21       		.uleb128 0x21
 1701 0197 21       		.uleb128 0x21
 1702 0198 00       		.byte	0
 1703 0199 49       		.uleb128 0x49
 1704 019a 13       		.uleb128 0x13
 1705 019b 2F       		.uleb128 0x2f
 1706 019c 0B       		.uleb128 0xb
 1707 019d 00       		.byte	0
 1708 019e 00       		.byte	0
ARM GAS  /tmp/ccz0grvG.s 			page 31


 1709 019f 00       		.byte	0
 1710              		.section	.debug_loc,"",%progbits
 1711              	.Ldebug_loc0:
 1712              	.LLST0:
 1713 0000 00000000 		.4byte	.LFB9
 1714 0004 02000000 		.4byte	.LCFI0
 1715 0008 0200     		.2byte	0x2
 1716 000a 7D       		.byte	0x7d
 1717 000b 00       		.sleb128 0
 1718 000c 02000000 		.4byte	.LCFI0
 1719 0010 06000000 		.4byte	.LCFI1
 1720 0014 0200     		.2byte	0x2
 1721 0016 7D       		.byte	0x7d
 1722 0017 0C       		.sleb128 12
 1723 0018 06000000 		.4byte	.LCFI1
 1724 001c 08000000 		.4byte	.LCFI2
 1725 0020 0200     		.2byte	0x2
 1726 0022 7D       		.byte	0x7d
 1727 0023 30       		.sleb128 48
 1728 0024 08000000 		.4byte	.LCFI2
 1729 0028 68030000 		.4byte	.LFE9
 1730 002c 0300     		.2byte	0x3
 1731 002e 7D       		.byte	0x7d
 1732 002f D000     		.sleb128 80
 1733 0031 00000000 		.4byte	0
 1734 0035 00000000 		.4byte	0
 1735              	.LLST1:
 1736 0039 00000000 		.4byte	.LVL0
 1737 003d 2C000000 		.4byte	.LVL1
 1738 0041 0100     		.2byte	0x1
 1739 0043 50       		.byte	0x50
 1740 0044 2C000000 		.4byte	.LVL1
 1741 0048 68030000 		.4byte	.LFE9
 1742 004c 0100     		.2byte	0x1
 1743 004e 55       		.byte	0x55
 1744 004f 00000000 		.4byte	0
 1745 0053 00000000 		.4byte	0
 1746              	.LLST2:
 1747 0057 00000000 		.4byte	.LVL0
 1748 005b 2C000000 		.4byte	.LVL1
 1749 005f 0200     		.2byte	0x2
 1750 0061 91       		.byte	0x91
 1751 0062 74       		.sleb128 -12
 1752 0063 2C000000 		.4byte	.LVL1
 1753 0067 2E000000 		.4byte	.LVL2
 1754 006b 0100     		.2byte	0x1
 1755 006d 54       		.byte	0x54
 1756 006e 2E000000 		.4byte	.LVL2
 1757 0072 30000000 		.4byte	.LVL3
 1758 0076 0300     		.2byte	0x3
 1759 0078 74       		.byte	0x74
 1760 0079 01       		.sleb128 1
 1761 007a 9F       		.byte	0x9f
 1762 007b 42000000 		.4byte	.LVL4
 1763 007f 44000000 		.4byte	.LVL5
 1764 0083 0100     		.2byte	0x1
 1765 0085 58       		.byte	0x58
ARM GAS  /tmp/ccz0grvG.s 			page 32


 1766 0086 44000000 		.4byte	.LVL5
 1767 008a 48000000 		.4byte	.LVL6
 1768 008e 0300     		.2byte	0x3
 1769 0090 78       		.byte	0x78
 1770 0091 01       		.sleb128 1
 1771 0092 9F       		.byte	0x9f
 1772 0093 5E000000 		.4byte	.LVL8
 1773 0097 76000000 		.4byte	.LVL11
 1774 009b 0100     		.2byte	0x1
 1775 009d 58       		.byte	0x58
 1776 009e 76000000 		.4byte	.LVL11
 1777 00a2 36010000 		.4byte	.LVL27
 1778 00a6 0100     		.2byte	0x1
 1779 00a8 54       		.byte	0x54
 1780 00a9 3A010000 		.4byte	.LVL28
 1781 00ad 2C030000 		.4byte	.LVL114
 1782 00b1 0100     		.2byte	0x1
 1783 00b3 54       		.byte	0x54
 1784 00b4 2C030000 		.4byte	.LVL114
 1785 00b8 36030000 		.4byte	.LVL115
 1786 00bc 0300     		.2byte	0x3
 1787 00be 78       		.byte	0x78
 1788 00bf 01       		.sleb128 1
 1789 00c0 9F       		.byte	0x9f
 1790 00c1 36030000 		.4byte	.LVL115
 1791 00c5 38030000 		.4byte	.LVL116
 1792 00c9 0100     		.2byte	0x1
 1793 00cb 58       		.byte	0x58
 1794 00cc 38030000 		.4byte	.LVL116
 1795 00d0 68030000 		.4byte	.LFE9
 1796 00d4 0100     		.2byte	0x1
 1797 00d6 54       		.byte	0x54
 1798 00d7 00000000 		.4byte	0
 1799 00db 00000000 		.4byte	0
 1800              	.LLST3:
 1801 00df 52000000 		.4byte	.LVL7
 1802 00e3 8A010000 		.4byte	.LVL37
 1803 00e7 0300     		.2byte	0x3
 1804 00e9 91       		.byte	0x91
 1805 00ea A07F     		.sleb128 -96
 1806 00ec 8A010000 		.4byte	.LVL37
 1807 00f0 98010000 		.4byte	.LVL40
 1808 00f4 0100     		.2byte	0x1
 1809 00f6 58       		.byte	0x58
 1810 00f7 98010000 		.4byte	.LVL40
 1811 00fb 9C010000 		.4byte	.LVL41
 1812 00ff 0300     		.2byte	0x3
 1813 0101 79       		.byte	0x79
 1814 0102 7F       		.sleb128 -1
 1815 0103 9F       		.byte	0x9f
 1816 0104 9C010000 		.4byte	.LVL41
 1817 0108 A0010000 		.4byte	.LVL42
 1818 010c 0100     		.2byte	0x1
 1819 010e 59       		.byte	0x59
 1820 010f A0010000 		.4byte	.LVL42
 1821 0113 A8010000 		.4byte	.LVL43
 1822 0117 0300     		.2byte	0x3
ARM GAS  /tmp/ccz0grvG.s 			page 33


 1823 0119 79       		.byte	0x79
 1824 011a 7F       		.sleb128 -1
 1825 011b 9F       		.byte	0x9f
 1826 011c EA010000 		.4byte	.LVL54
 1827 0120 FA010000 		.4byte	.LVL57
 1828 0124 0300     		.2byte	0x3
 1829 0126 91       		.byte	0x91
 1830 0127 A07F     		.sleb128 -96
 1831 0129 FA010000 		.4byte	.LVL57
 1832 012d 00020000 		.4byte	.LVL58
 1833 0131 0300     		.2byte	0x3
 1834 0133 91       		.byte	0x91
 1835 0134 9C7F     		.sleb128 -100
 1836 0136 38020000 		.4byte	.LVL66
 1837 013a CC020000 		.4byte	.LVL96
 1838 013e 0300     		.2byte	0x3
 1839 0140 91       		.byte	0x91
 1840 0141 A07F     		.sleb128 -96
 1841 0143 CC020000 		.4byte	.LVL96
 1842 0147 10030000 		.4byte	.LVL109
 1843 014b 0100     		.2byte	0x1
 1844 014d 59       		.byte	0x59
 1845 014e 1E030000 		.4byte	.LVL112
 1846 0152 22030000 		.4byte	.LVL113
 1847 0156 0300     		.2byte	0x3
 1848 0158 91       		.byte	0x91
 1849 0159 A07F     		.sleb128 -96
 1850 015b 22030000 		.4byte	.LVL113
 1851 015f 2C030000 		.4byte	.LVL114
 1852 0163 0300     		.2byte	0x3
 1853 0165 91       		.byte	0x91
 1854 0166 9C7F     		.sleb128 -100
 1855 0168 2C030000 		.4byte	.LVL114
 1856 016c 4C030000 		.4byte	.LVL119
 1857 0170 0300     		.2byte	0x3
 1858 0172 91       		.byte	0x91
 1859 0173 A07F     		.sleb128 -96
 1860 0175 4C030000 		.4byte	.LVL119
 1861 0179 54030000 		.4byte	.LVL121
 1862 017d 0300     		.2byte	0x3
 1863 017f 91       		.byte	0x91
 1864 0180 9C7F     		.sleb128 -100
 1865 0182 00000000 		.4byte	0
 1866 0186 00000000 		.4byte	0
 1867              	.LLST4:
 1868 018a 52000000 		.4byte	.LVL7
 1869 018e 6A010000 		.4byte	.LVL34
 1870 0192 0300     		.2byte	0x3
 1871 0194 91       		.byte	0x91
 1872 0195 A07F     		.sleb128 -96
 1873 0197 6A010000 		.4byte	.LVL34
 1874 019b 7A010000 		.4byte	.LVL36
 1875 019f 0400     		.2byte	0x4
 1876 01a1 91       		.byte	0x91
 1877 01a2 B47F     		.sleb128 -76
 1878 01a4 06       		.byte	0x6
 1879 01a5 7A010000 		.4byte	.LVL36
ARM GAS  /tmp/ccz0grvG.s 			page 34


 1880 01a9 C6010000 		.4byte	.LVL49
 1881 01ad 0100     		.2byte	0x1
 1882 01af 58       		.byte	0x58
 1883 01b0 C6010000 		.4byte	.LVL49
 1884 01b4 CC010000 		.4byte	.LVL50
 1885 01b8 0300     		.2byte	0x3
 1886 01ba 78       		.byte	0x78
 1887 01bb 7F       		.sleb128 -1
 1888 01bc 9F       		.byte	0x9f
 1889 01bd CC010000 		.4byte	.LVL50
 1890 01c1 EA010000 		.4byte	.LVL54
 1891 01c5 0100     		.2byte	0x1
 1892 01c7 58       		.byte	0x58
 1893 01c8 EA010000 		.4byte	.LVL54
 1894 01cc 00020000 		.4byte	.LVL58
 1895 01d0 0300     		.2byte	0x3
 1896 01d2 91       		.byte	0x91
 1897 01d3 A07F     		.sleb128 -96
 1898 01d5 00020000 		.4byte	.LVL58
 1899 01d9 26020000 		.4byte	.LVL63
 1900 01dd 0100     		.2byte	0x1
 1901 01df 58       		.byte	0x58
 1902 01e0 38020000 		.4byte	.LVL66
 1903 01e4 54030000 		.4byte	.LVL121
 1904 01e8 0300     		.2byte	0x3
 1905 01ea 91       		.byte	0x91
 1906 01eb A07F     		.sleb128 -96
 1907 01ed 54030000 		.4byte	.LVL121
 1908 01f1 68030000 		.4byte	.LFE9
 1909 01f5 0100     		.2byte	0x1
 1910 01f7 58       		.byte	0x58
 1911 01f8 00000000 		.4byte	0
 1912 01fc 00000000 		.4byte	0
 1913              	.LLST5:
 1914 0200 2E000000 		.4byte	.LVL2
 1915 0204 30000000 		.4byte	.LVL3
 1916 0208 0100     		.2byte	0x1
 1917 020a 51       		.byte	0x51
 1918 020b 44000000 		.4byte	.LVL5
 1919 020f 48000000 		.4byte	.LVL6
 1920 0213 0100     		.2byte	0x1
 1921 0215 51       		.byte	0x51
 1922 0216 76000000 		.4byte	.LVL11
 1923 021a 78000000 		.4byte	.LVL12
 1924 021e 0100     		.2byte	0x1
 1925 0220 52       		.byte	0x52
 1926 0221 78000000 		.4byte	.LVL12
 1927 0225 84000000 		.4byte	.LVL15
 1928 0229 0100     		.2byte	0x1
 1929 022b 51       		.byte	0x51
 1930 022c 84000000 		.4byte	.LVL15
 1931 0230 A6000000 		.4byte	.LVL19
 1932 0234 0100     		.2byte	0x1
 1933 0236 52       		.byte	0x52
 1934 0237 AC000000 		.4byte	.LVL20
 1935 023b B2000000 		.4byte	.LVL22
 1936 023f 0100     		.2byte	0x1
ARM GAS  /tmp/ccz0grvG.s 			page 35


 1937 0241 51       		.byte	0x51
 1938 0242 B2000000 		.4byte	.LVL22
 1939 0246 2C010000 		.4byte	.LVL24
 1940 024a 0100     		.2byte	0x1
 1941 024c 52       		.byte	0x52
 1942 024d 2C010000 		.4byte	.LVL24
 1943 0251 36010000 		.4byte	.LVL27
 1944 0255 0100     		.2byte	0x1
 1945 0257 51       		.byte	0x51
 1946 0258 3A010000 		.4byte	.LVL28
 1947 025c 52010000 		.4byte	.LVL29
 1948 0260 0100     		.2byte	0x1
 1949 0262 52       		.byte	0x52
 1950 0263 60010000 		.4byte	.LVL31
 1951 0267 62010000 		.4byte	.LVL32
 1952 026b 0100     		.2byte	0x1
 1953 026d 52       		.byte	0x52
 1954 026e EA010000 		.4byte	.LVL54
 1955 0272 EC010000 		.4byte	.LVL55
 1956 0276 0100     		.2byte	0x1
 1957 0278 52       		.byte	0x52
 1958 0279 38020000 		.4byte	.LVL66
 1959 027d 3C020000 		.4byte	.LVL67
 1960 0281 0100     		.2byte	0x1
 1961 0283 52       		.byte	0x52
 1962 0284 9E020000 		.4byte	.LVL87
 1963 0288 A2020000 		.4byte	.LVL88
 1964 028c 0100     		.2byte	0x1
 1965 028e 52       		.byte	0x52
 1966 028f B0020000 		.4byte	.LVL91
 1967 0293 B6020000 		.4byte	.LVL92
 1968 0297 0200     		.2byte	0x2
 1969 0299 38       		.byte	0x38
 1970 029a 9F       		.byte	0x9f
 1971 029b B6020000 		.4byte	.LVL92
 1972 029f B8020000 		.4byte	.LVL93
 1973 02a3 0100     		.2byte	0x1
 1974 02a5 52       		.byte	0x52
 1975 02a6 1E030000 		.4byte	.LVL112
 1976 02aa 2C030000 		.4byte	.LVL114
 1977 02ae 0100     		.2byte	0x1
 1978 02b0 52       		.byte	0x52
 1979 02b1 00000000 		.4byte	0
 1980 02b5 00000000 		.4byte	0
 1981              	.LLST6:
 1982 02b9 66000000 		.4byte	.LVL9
 1983 02bd 6E000000 		.4byte	.LVL10
 1984 02c1 0300     		.2byte	0x3
 1985 02c3 08       		.byte	0x8
 1986 02c4 20       		.byte	0x20
 1987 02c5 9F       		.byte	0x9f
 1988 02c6 6E000000 		.4byte	.LVL10
 1989 02ca 60010000 		.4byte	.LVL31
 1990 02ce 0100     		.2byte	0x1
 1991 02d0 56       		.byte	0x56
 1992 02d1 60010000 		.4byte	.LVL31
 1993 02d5 AE010000 		.4byte	.LVL45
ARM GAS  /tmp/ccz0grvG.s 			page 36


 1994 02d9 0300     		.2byte	0x3
 1995 02db 08       		.byte	0x8
 1996 02dc 20       		.byte	0x20
 1997 02dd 9F       		.byte	0x9f
 1998 02de AE010000 		.4byte	.LVL45
 1999 02e2 B8010000 		.4byte	.LVL47
 2000 02e6 0100     		.2byte	0x1
 2001 02e8 56       		.byte	0x56
 2002 02e9 EA010000 		.4byte	.LVL54
 2003 02ed 00020000 		.4byte	.LVL58
 2004 02f1 0300     		.2byte	0x3
 2005 02f3 08       		.byte	0x8
 2006 02f4 20       		.byte	0x20
 2007 02f5 9F       		.byte	0x9f
 2008 02f6 00020000 		.4byte	.LVL58
 2009 02fa 0E020000 		.4byte	.LVL61
 2010 02fe 0100     		.2byte	0x1
 2011 0300 56       		.byte	0x56
 2012 0301 38020000 		.4byte	.LVL66
 2013 0305 50020000 		.4byte	.LVL70
 2014 0309 0100     		.2byte	0x1
 2015 030b 56       		.byte	0x56
 2016 030c 50020000 		.4byte	.LVL70
 2017 0310 7C020000 		.4byte	.LVL80
 2018 0314 0100     		.2byte	0x1
 2019 0316 59       		.byte	0x59
 2020 0317 7C020000 		.4byte	.LVL80
 2021 031b 2C030000 		.4byte	.LVL114
 2022 031f 0100     		.2byte	0x1
 2023 0321 56       		.byte	0x56
 2024 0322 2C030000 		.4byte	.LVL114
 2025 0326 38030000 		.4byte	.LVL116
 2026 032a 0300     		.2byte	0x3
 2027 032c 08       		.byte	0x8
 2028 032d 30       		.byte	0x30
 2029 032e 9F       		.byte	0x9f
 2030 032f 38030000 		.4byte	.LVL116
 2031 0333 54030000 		.4byte	.LVL121
 2032 0337 0100     		.2byte	0x1
 2033 0339 56       		.byte	0x56
 2034 033a 00000000 		.4byte	0
 2035 033e 00000000 		.4byte	0
 2036              	.LLST7:
 2037 0342 AE010000 		.4byte	.LVL45
 2038 0346 B8010000 		.4byte	.LVL47
 2039 034a 0100     		.2byte	0x1
 2040 034c 59       		.byte	0x59
 2041 034d B8010000 		.4byte	.LVL47
 2042 0351 C0010000 		.4byte	.LVL48
 2043 0355 0300     		.2byte	0x3
 2044 0357 79       		.byte	0x79
 2045 0358 7F       		.sleb128 -1
 2046 0359 9F       		.byte	0x9f
 2047 035a 00020000 		.4byte	.LVL58
 2048 035e 26020000 		.4byte	.LVL63
 2049 0362 0100     		.2byte	0x1
 2050 0364 59       		.byte	0x59
ARM GAS  /tmp/ccz0grvG.s 			page 37


 2051 0365 54030000 		.4byte	.LVL121
 2052 0369 68030000 		.4byte	.LFE9
 2053 036d 0100     		.2byte	0x1
 2054 036f 59       		.byte	0x59
 2055 0370 00000000 		.4byte	0
 2056 0374 00000000 		.4byte	0
 2057              	.LLST8:
 2058 0378 98000000 		.4byte	.LVL17
 2059 037c 9E000000 		.4byte	.LVL18
 2060 0380 0200     		.2byte	0x2
 2061 0382 30       		.byte	0x30
 2062 0383 9F       		.byte	0x9f
 2063 0384 9E000000 		.4byte	.LVL18
 2064 0388 32010000 		.4byte	.LVL26
 2065 038c 0100     		.2byte	0x1
 2066 038e 5C       		.byte	0x5c
 2067 038f 32010000 		.4byte	.LVL26
 2068 0393 36010000 		.4byte	.LVL27
 2069 0397 0500     		.2byte	0x5
 2070 0399 7C       		.byte	0x7c
 2071 039a 00       		.sleb128 0
 2072 039b 31       		.byte	0x31
 2073 039c 24       		.byte	0x24
 2074 039d 9F       		.byte	0x9f
 2075 039e 36010000 		.4byte	.LVL27
 2076 03a2 92010000 		.4byte	.LVL38
 2077 03a6 0100     		.2byte	0x1
 2078 03a8 5C       		.byte	0x5c
 2079 03a9 92010000 		.4byte	.LVL38
 2080 03ad 94010000 		.4byte	.LVL39
 2081 03b1 0300     		.2byte	0x3
 2082 03b3 7C       		.byte	0x7c
 2083 03b4 7F       		.sleb128 -1
 2084 03b5 9F       		.byte	0x9f
 2085 03b6 EA010000 		.4byte	.LVL54
 2086 03ba 00020000 		.4byte	.LVL58
 2087 03be 0100     		.2byte	0x1
 2088 03c0 5C       		.byte	0x5c
 2089 03c1 38020000 		.4byte	.LVL66
 2090 03c5 4C020000 		.4byte	.LVL69
 2091 03c9 0100     		.2byte	0x1
 2092 03cb 5C       		.byte	0x5c
 2093 03cc 9E020000 		.4byte	.LVL87
 2094 03d0 D4020000 		.4byte	.LVL98
 2095 03d4 0100     		.2byte	0x1
 2096 03d6 5C       		.byte	0x5c
 2097 03d7 1E030000 		.4byte	.LVL112
 2098 03db 2C030000 		.4byte	.LVL114
 2099 03df 0100     		.2byte	0x1
 2100 03e1 5C       		.byte	0x5c
 2101 03e2 38030000 		.4byte	.LVL116
 2102 03e6 54030000 		.4byte	.LVL121
 2103 03ea 0100     		.2byte	0x1
 2104 03ec 5C       		.byte	0x5c
 2105 03ed 00000000 		.4byte	0
 2106 03f1 00000000 		.4byte	0
 2107              	.LLST9:
ARM GAS  /tmp/ccz0grvG.s 			page 38


 2108 03f5 6E000000 		.4byte	.LVL10
 2109 03f9 76000000 		.4byte	.LVL11
 2110 03fd 0200     		.2byte	0x2
 2111 03ff 30       		.byte	0x30
 2112 0400 9F       		.byte	0x9f
 2113 0401 76000000 		.4byte	.LVL11
 2114 0405 7E000000 		.4byte	.LVL14
 2115 0409 0100     		.2byte	0x1
 2116 040b 53       		.byte	0x53
 2117 040c 84000000 		.4byte	.LVL15
 2118 0410 AC010000 		.4byte	.LVL44
 2119 0414 0100     		.2byte	0x1
 2120 0416 53       		.byte	0x53
 2121 0417 AE010000 		.4byte	.LVL45
 2122 041b B2010000 		.4byte	.LVL46
 2123 041f 0100     		.2byte	0x1
 2124 0421 53       		.byte	0x53
 2125 0422 B2010000 		.4byte	.LVL46
 2126 0426 C0010000 		.4byte	.LVL48
 2127 042a 0100     		.2byte	0x1
 2128 042c 5A       		.byte	0x5a
 2129 042d D0010000 		.4byte	.LVL51
 2130 0431 E2010000 		.4byte	.LVL52
 2131 0435 0100     		.2byte	0x1
 2132 0437 5A       		.byte	0x5a
 2133 0438 E2010000 		.4byte	.LVL52
 2134 043c E6010000 		.4byte	.LVL53
 2135 0440 0300     		.2byte	0x3
 2136 0442 7A       		.byte	0x7a
 2137 0443 7F       		.sleb128 -1
 2138 0444 9F       		.byte	0x9f
 2139 0445 E6010000 		.4byte	.LVL53
 2140 0449 EA010000 		.4byte	.LVL54
 2141 044d 0100     		.2byte	0x1
 2142 044f 5A       		.byte	0x5a
 2143 0450 EA010000 		.4byte	.LVL54
 2144 0454 08020000 		.4byte	.LVL60
 2145 0458 0100     		.2byte	0x1
 2146 045a 53       		.byte	0x53
 2147 045b 08020000 		.4byte	.LVL60
 2148 045f 30020000 		.4byte	.LVL64
 2149 0463 0100     		.2byte	0x1
 2150 0465 5A       		.byte	0x5a
 2151 0466 30020000 		.4byte	.LVL64
 2152 046a 34020000 		.4byte	.LVL65
 2153 046e 0300     		.2byte	0x3
 2154 0470 7A       		.byte	0x7a
 2155 0471 01       		.sleb128 1
 2156 0472 9F       		.byte	0x9f
 2157 0473 34020000 		.4byte	.LVL65
 2158 0477 38020000 		.4byte	.LVL66
 2159 047b 0100     		.2byte	0x1
 2160 047d 5A       		.byte	0x5a
 2161 047e 38020000 		.4byte	.LVL66
 2162 0482 2C030000 		.4byte	.LVL114
 2163 0486 0100     		.2byte	0x1
 2164 0488 53       		.byte	0x53
ARM GAS  /tmp/ccz0grvG.s 			page 39


 2165 0489 38030000 		.4byte	.LVL116
 2166 048d 54030000 		.4byte	.LVL121
 2167 0491 0100     		.2byte	0x1
 2168 0493 53       		.byte	0x53
 2169 0494 54030000 		.4byte	.LVL121
 2170 0498 68030000 		.4byte	.LFE9
 2171 049c 0100     		.2byte	0x1
 2172 049e 5A       		.byte	0x5a
 2173 049f 00000000 		.4byte	0
 2174 04a3 00000000 		.4byte	0
 2175              	.LLST10:
 2176 04a7 A6000000 		.4byte	.LVL19
 2177 04ab B2000000 		.4byte	.LVL22
 2178 04af 0200     		.2byte	0x2
 2179 04b1 31       		.byte	0x31
 2180 04b2 9F       		.byte	0x9f
 2181 04b3 B2000000 		.4byte	.LVL22
 2182 04b7 2A010000 		.4byte	.LVL23
 2183 04bb 0100     		.2byte	0x1
 2184 04bd 50       		.byte	0x50
 2185 04be 5E010000 		.4byte	.LVL30
 2186 04c2 6E010000 		.4byte	.LVL35
 2187 04c6 0100     		.2byte	0x1
 2188 04c8 50       		.byte	0x50
 2189 04c9 EA010000 		.4byte	.LVL54
 2190 04cd 00020000 		.4byte	.LVL58
 2191 04d1 0100     		.2byte	0x1
 2192 04d3 50       		.byte	0x50
 2193 04d4 38020000 		.4byte	.LVL66
 2194 04d8 48020000 		.4byte	.LVL68
 2195 04dc 0100     		.2byte	0x1
 2196 04de 50       		.byte	0x50
 2197 04df 9E020000 		.4byte	.LVL87
 2198 04e3 AA020000 		.4byte	.LVL89
 2199 04e7 0100     		.2byte	0x1
 2200 04e9 50       		.byte	0x50
 2201 04ea B0020000 		.4byte	.LVL91
 2202 04ee C0020000 		.4byte	.LVL95
 2203 04f2 0100     		.2byte	0x1
 2204 04f4 50       		.byte	0x50
 2205 04f5 1E030000 		.4byte	.LVL112
 2206 04f9 2C030000 		.4byte	.LVL114
 2207 04fd 0100     		.2byte	0x1
 2208 04ff 50       		.byte	0x50
 2209 0500 38030000 		.4byte	.LVL116
 2210 0504 3A030000 		.4byte	.LVL117
 2211 0508 0100     		.2byte	0x1
 2212 050a 50       		.byte	0x50
 2213 050b 00000000 		.4byte	0
 2214 050f 00000000 		.4byte	0
 2215              	.LLST11:
 2216 0513 52000000 		.4byte	.LVL7
 2217 0517 5E000000 		.4byte	.LVL8
 2218 051b 0200     		.2byte	0x2
 2219 051d 30       		.byte	0x30
 2220 051e 9F       		.byte	0x9f
 2221 051f 5E000000 		.4byte	.LVL8
ARM GAS  /tmp/ccz0grvG.s 			page 40


 2222 0523 66000000 		.4byte	.LVL9
 2223 0527 0200     		.2byte	0x2
 2224 0529 31       		.byte	0x31
 2225 052a 9F       		.byte	0x9f
 2226 052b 66000000 		.4byte	.LVL9
 2227 052f 68030000 		.4byte	.LFE9
 2228 0533 0100     		.2byte	0x1
 2229 0535 5B       		.byte	0x5b
 2230 0536 00000000 		.4byte	0
 2231 053a 00000000 		.4byte	0
 2232              	.LLST12:
 2233 053e 48020000 		.4byte	.LVL68
 2234 0542 50020000 		.4byte	.LVL70
 2235 0546 0100     		.2byte	0x1
 2236 0548 51       		.byte	0x51
 2237 0549 AC020000 		.4byte	.LVL90
 2238 054d B0020000 		.4byte	.LVL91
 2239 0551 0200     		.2byte	0x2
 2240 0553 72       		.byte	0x72
 2241 0554 00       		.sleb128 0
 2242 0555 C0020000 		.4byte	.LVL95
 2243 0559 CC020000 		.4byte	.LVL96
 2244 055d 0400     		.2byte	0x4
 2245 055f 91       		.byte	0x91
 2246 0560 B47F     		.sleb128 -76
 2247 0562 06       		.byte	0x6
 2248 0563 CC020000 		.4byte	.LVL96
 2249 0567 D4020000 		.4byte	.LVL98
 2250 056b 0100     		.2byte	0x1
 2251 056d 50       		.byte	0x50
 2252 056e 3A030000 		.4byte	.LVL117
 2253 0572 46030000 		.4byte	.LVL118
 2254 0576 0200     		.2byte	0x2
 2255 0578 72       		.byte	0x72
 2256 0579 00       		.sleb128 0
 2257 057a 46030000 		.4byte	.LVL118
 2258 057e 54030000 		.4byte	.LVL121
 2259 0582 0100     		.2byte	0x1
 2260 0584 50       		.byte	0x50
 2261 0585 00000000 		.4byte	0
 2262 0589 00000000 		.4byte	0
 2263              	.LLST13:
 2264 058d CC020000 		.4byte	.LVL96
 2265 0591 1E030000 		.4byte	.LVL112
 2266 0595 0200     		.2byte	0x2
 2267 0597 3A       		.byte	0x3a
 2268 0598 9F       		.byte	0x9f
 2269 0599 00000000 		.4byte	0
 2270 059d 00000000 		.4byte	0
 2271              	.LLST14:
 2272 05a1 CC020000 		.4byte	.LVL96
 2273 05a5 D4020000 		.4byte	.LVL98
 2274 05a9 0100     		.2byte	0x1
 2275 05ab 50       		.byte	0x50
 2276 05ac 00000000 		.4byte	0
 2277 05b0 00000000 		.4byte	0
 2278              	.LLST15:
ARM GAS  /tmp/ccz0grvG.s 			page 41


 2279 05b4 CC020000 		.4byte	.LVL96
 2280 05b8 14030000 		.4byte	.LVL111
 2281 05bc 0100     		.2byte	0x1
 2282 05be 59       		.byte	0x59
 2283 05bf 00000000 		.4byte	0
 2284 05c3 00000000 		.4byte	0
 2285              	.LLST16:
 2286 05c7 48020000 		.4byte	.LVL68
 2287 05cb 9E020000 		.4byte	.LVL87
 2288 05cf 0200     		.2byte	0x2
 2289 05d1 30       		.byte	0x30
 2290 05d2 9F       		.byte	0x9f
 2291 05d3 CC020000 		.4byte	.LVL96
 2292 05d7 1E030000 		.4byte	.LVL112
 2293 05db 0200     		.2byte	0x2
 2294 05dd 30       		.byte	0x30
 2295 05de 9F       		.byte	0x9f
 2296 05df 00000000 		.4byte	0
 2297 05e3 00000000 		.4byte	0
 2298              	.LLST17:
 2299 05e7 48020000 		.4byte	.LVL68
 2300 05eb 80020000 		.4byte	.LVL81
 2301 05ef 0100     		.2byte	0x1
 2302 05f1 58       		.byte	0x58
 2303 05f2 CC020000 		.4byte	.LVL96
 2304 05f6 1E030000 		.4byte	.LVL112
 2305 05fa 0200     		.2byte	0x2
 2306 05fc 3A       		.byte	0x3a
 2307 05fd 9F       		.byte	0x9f
 2308 05fe 00000000 		.4byte	0
 2309 0602 00000000 		.4byte	0
 2310              	.LLST18:
 2311 0606 48020000 		.4byte	.LVL68
 2312 060a 50020000 		.4byte	.LVL70
 2313 060e 0100     		.2byte	0x1
 2314 0610 51       		.byte	0x51
 2315 0611 CC020000 		.4byte	.LVL96
 2316 0615 D4020000 		.4byte	.LVL98
 2317 0619 0100     		.2byte	0x1
 2318 061b 50       		.byte	0x50
 2319 061c 00000000 		.4byte	0
 2320 0620 00000000 		.4byte	0
 2321              	.LLST19:
 2322 0624 48020000 		.4byte	.LVL68
 2323 0628 8C020000 		.4byte	.LVL85
 2324 062c 0300     		.2byte	0x3
 2325 062e 91       		.byte	0x91
 2326 062f A07F     		.sleb128 -96
 2327 0631 8C020000 		.4byte	.LVL85
 2328 0635 9E020000 		.4byte	.LVL87
 2329 0639 0100     		.2byte	0x1
 2330 063b 51       		.byte	0x51
 2331 063c CC020000 		.4byte	.LVL96
 2332 0640 04030000 		.4byte	.LVL107
 2333 0644 0100     		.2byte	0x1
 2334 0646 59       		.byte	0x59
 2335 0647 04030000 		.4byte	.LVL107
ARM GAS  /tmp/ccz0grvG.s 			page 42


 2336 064b 12030000 		.4byte	.LVL110
 2337 064f 0100     		.2byte	0x1
 2338 0651 52       		.byte	0x52
 2339 0652 00000000 		.4byte	0
 2340 0656 00000000 		.4byte	0
 2341              	.LLST20:
 2342 065a E4020000 		.4byte	.LVL99
 2343 065e E6020000 		.4byte	.LVL100
 2344 0662 0300     		.2byte	0x3
 2345 0664 71       		.byte	0x71
 2346 0665 30       		.sleb128 48
 2347 0666 9F       		.byte	0x9f
 2348 0667 E6020000 		.4byte	.LVL100
 2349 066b EC020000 		.4byte	.LVL102
 2350 066f 0100     		.2byte	0x1
 2351 0671 51       		.byte	0x51
 2352 0672 FC020000 		.4byte	.LVL105
 2353 0676 04030000 		.4byte	.LVL107
 2354 067a 0100     		.2byte	0x1
 2355 067c 5A       		.byte	0x5a
 2356 067d 00000000 		.4byte	0
 2357 0681 00000000 		.4byte	0
 2358              	.LLST21:
 2359 0685 D0020000 		.4byte	.LVL97
 2360 0689 D4020000 		.4byte	.LVL98
 2361 068d 0100     		.2byte	0x1
 2362 068f 5A       		.byte	0x5a
 2363 0690 D4020000 		.4byte	.LVL98
 2364 0694 F4020000 		.4byte	.LVL103
 2365 0698 0100     		.2byte	0x1
 2366 069a 5C       		.byte	0x5c
 2367 069b F4020000 		.4byte	.LVL103
 2368 069f 04030000 		.4byte	.LVL107
 2369 06a3 0300     		.2byte	0x3
 2370 06a5 7C       		.byte	0x7c
 2371 06a6 01       		.sleb128 1
 2372 06a7 9F       		.byte	0x9f
 2373 06a8 00000000 		.4byte	0
 2374 06ac 00000000 		.4byte	0
 2375              	.LLST22:
 2376 06b0 48020000 		.4byte	.LVL68
 2377 06b4 58020000 		.4byte	.LVL71
 2378 06b8 0100     		.2byte	0x1
 2379 06ba 51       		.byte	0x51
 2380 06bb 72020000 		.4byte	.LVL78
 2381 06bf 78020000 		.4byte	.LVL79
 2382 06c3 0100     		.2byte	0x1
 2383 06c5 56       		.byte	0x56
 2384 06c6 78020000 		.4byte	.LVL79
 2385 06ca 8A020000 		.4byte	.LVL84
 2386 06ce 0100     		.2byte	0x1
 2387 06d0 51       		.byte	0x51
 2388 06d1 CC020000 		.4byte	.LVL96
 2389 06d5 EA020000 		.4byte	.LVL101
 2390 06d9 0100     		.2byte	0x1
 2391 06db 50       		.byte	0x50
 2392 06dc F6020000 		.4byte	.LVL104
ARM GAS  /tmp/ccz0grvG.s 			page 43


 2393 06e0 02030000 		.4byte	.LVL106
 2394 06e4 0100     		.2byte	0x1
 2395 06e6 52       		.byte	0x52
 2396 06e7 00000000 		.4byte	0
 2397 06eb 00000000 		.4byte	0
 2398              	.LLST23:
 2399 06ef 48020000 		.4byte	.LVL68
 2400 06f3 50020000 		.4byte	.LVL70
 2401 06f7 0100     		.2byte	0x1
 2402 06f9 51       		.byte	0x51
 2403 06fa 50020000 		.4byte	.LVL70
 2404 06fe 6A020000 		.4byte	.LVL75
 2405 0702 0100     		.2byte	0x1
 2406 0704 50       		.byte	0x50
 2407 0705 72020000 		.4byte	.LVL78
 2408 0709 88020000 		.4byte	.LVL83
 2409 070d 0100     		.2byte	0x1
 2410 070f 50       		.byte	0x50
 2411 0710 CC020000 		.4byte	.LVL96
 2412 0714 D4020000 		.4byte	.LVL98
 2413 0718 0100     		.2byte	0x1
 2414 071a 50       		.byte	0x50
 2415 071b D4020000 		.4byte	.LVL98
 2416 071f EA020000 		.4byte	.LVL101
 2417 0723 0100     		.2byte	0x1
 2418 0725 58       		.byte	0x58
 2419 0726 00000000 		.4byte	0
 2420 072a 00000000 		.4byte	0
 2421              	.LLST24:
 2422 072e 48020000 		.4byte	.LVL68
 2423 0732 80020000 		.4byte	.LVL81
 2424 0736 0100     		.2byte	0x1
 2425 0738 58       		.byte	0x58
 2426 0739 00000000 		.4byte	0
 2427 073d 00000000 		.4byte	0
 2428              	.LLST25:
 2429 0741 48020000 		.4byte	.LVL68
 2430 0745 50020000 		.4byte	.LVL70
 2431 0749 0100     		.2byte	0x1
 2432 074b 51       		.byte	0x51
 2433 074c 00000000 		.4byte	0
 2434 0750 00000000 		.4byte	0
 2435              	.LLST26:
 2436 0754 48020000 		.4byte	.LVL68
 2437 0758 9E020000 		.4byte	.LVL87
 2438 075c 0300     		.2byte	0x3
 2439 075e 91       		.byte	0x91
 2440 075f A07F     		.sleb128 -96
 2441 0761 00000000 		.4byte	0
 2442 0765 00000000 		.4byte	0
 2443              	.LLST27:
 2444 0769 58020000 		.4byte	.LVL71
 2445 076d 5C020000 		.4byte	.LVL72
 2446 0771 0100     		.2byte	0x1
 2447 0773 51       		.byte	0x51
 2448 0774 5C020000 		.4byte	.LVL72
 2449 0778 66020000 		.4byte	.LVL74
ARM GAS  /tmp/ccz0grvG.s 			page 44


 2450 077c 0100     		.2byte	0x1
 2451 077e 52       		.byte	0x52
 2452 077f 84020000 		.4byte	.LVL82
 2453 0783 8C020000 		.4byte	.LVL85
 2454 0787 0100     		.2byte	0x1
 2455 0789 59       		.byte	0x59
 2456 078a 00000000 		.4byte	0
 2457 078e 00000000 		.4byte	0
 2458              	.LLST28:
 2459 0792 48020000 		.4byte	.LVL68
 2460 0796 50020000 		.4byte	.LVL70
 2461 079a 0400     		.2byte	0x4
 2462 079c 91       		.byte	0x91
 2463 079d B37F     		.sleb128 -77
 2464 079f 9F       		.byte	0x9f
 2465 07a0 6C020000 		.4byte	.LVL76
 2466 07a4 72020000 		.4byte	.LVL78
 2467 07a8 0100     		.2byte	0x1
 2468 07aa 5C       		.byte	0x5c
 2469 07ab 72020000 		.4byte	.LVL78
 2470 07af 8C020000 		.4byte	.LVL85
 2471 07b3 0100     		.2byte	0x1
 2472 07b5 5A       		.byte	0x5a
 2473 07b6 00000000 		.4byte	0
 2474 07ba 00000000 		.4byte	0
 2475              		.section	.debug_aranges,"",%progbits
 2476 0000 1C000000 		.4byte	0x1c
 2477 0004 0200     		.2byte	0x2
 2478 0006 00000000 		.4byte	.Ldebug_info0
 2479 000a 04       		.byte	0x4
 2480 000b 00       		.byte	0
 2481 000c 0000     		.2byte	0
 2482 000e 0000     		.2byte	0
 2483 0010 00000000 		.4byte	.LFB9
 2484 0014 68030000 		.4byte	.LFE9-.LFB9
 2485 0018 00000000 		.4byte	0
 2486 001c 00000000 		.4byte	0
 2487              		.section	.debug_ranges,"",%progbits
 2488              	.Ldebug_ranges0:
 2489 0000 18000000 		.4byte	.LBB12
 2490 0004 1C000000 		.4byte	.LBE12
 2491 0008 28000000 		.4byte	.LBB19
 2492 000c 2C000000 		.4byte	.LBE19
 2493 0010 CC020000 		.4byte	.LBB26
 2494 0014 18030000 		.4byte	.LBE26
 2495 0018 00000000 		.4byte	0
 2496 001c 00000000 		.4byte	0
 2497 0020 18000000 		.4byte	.LBB13
 2498 0024 1C000000 		.4byte	.LBE13
 2499 0028 28000000 		.4byte	.LBB17
 2500 002c 2C000000 		.4byte	.LBE17
 2501 0030 CC020000 		.4byte	.LBB18
 2502 0034 18030000 		.4byte	.LBE18
 2503 0038 00000000 		.4byte	0
 2504 003c 00000000 		.4byte	0
 2505 0040 18000000 		.4byte	.LBB14
 2506 0044 1C000000 		.4byte	.LBE14
ARM GAS  /tmp/ccz0grvG.s 			page 45


 2507 0048 28000000 		.4byte	.LBB15
 2508 004c 2C000000 		.4byte	.LBE15
 2509 0050 CC020000 		.4byte	.LBB16
 2510 0054 18030000 		.4byte	.LBE16
 2511 0058 00000000 		.4byte	0
 2512 005c 00000000 		.4byte	0
 2513 0060 50020000 		.4byte	.LBB20
 2514 0064 88020000 		.4byte	.LBE20
 2515 0068 8C020000 		.4byte	.LBB25
 2516 006c 98020000 		.4byte	.LBE25
 2517 0070 00000000 		.4byte	0
 2518 0074 00000000 		.4byte	0
 2519 0078 50020000 		.4byte	.LBB21
 2520 007c 88020000 		.4byte	.LBE21
 2521 0080 8C020000 		.4byte	.LBB24
 2522 0084 98020000 		.4byte	.LBE24
 2523 0088 00000000 		.4byte	0
 2524 008c 00000000 		.4byte	0
 2525 0090 50020000 		.4byte	.LBB22
 2526 0094 88020000 		.4byte	.LBE22
 2527 0098 8C020000 		.4byte	.LBB23
 2528 009c 98020000 		.4byte	.LBE23
 2529 00a0 00000000 		.4byte	0
 2530 00a4 00000000 		.4byte	0
 2531 00a8 00000000 		.4byte	.LFB9
 2532 00ac 68030000 		.4byte	.LFE9
 2533 00b0 00000000 		.4byte	0
 2534 00b4 00000000 		.4byte	0
 2535              		.section	.debug_line,"",%progbits
 2536              	.Ldebug_line0:
 2537 0000 A5020000 		.section	.debug_str,"MS",%progbits,1
 2537      02003C01 
 2537      00000201 
 2537      FB0E0D00 
 2537      01010101 
 2538              	.LASF2:
 2539 0000 73697A65 		.ascii	"size_t\000"
 2539      5F7400
 2540              	.LASF35:
 2541 0007 5F5F6170 		.ascii	"__ap\000"
 2541      00
 2542              	.LASF29:
 2543 000c 69735F6C 		.ascii	"is_long\000"
 2543      6F6E6700 
 2544              	.LASF3:
 2545 0014 756E7369 		.ascii	"unsigned int\000"
 2545      676E6564 
 2545      20696E74 
 2545      00
 2546              	.LASF14:
 2547 0021 626F6F6C 		.ascii	"bool_t\000"
 2547      5F7400
 2548              	.LASF24:
 2549 0028 6C6F6E67 		.ascii	"long_to_string_with_divisor\000"
 2549      5F746F5F 
 2549      73747269 
 2549      6E675F77 
ARM GAS  /tmp/ccz0grvG.s 			page 46


 2549      6974685F 
 2550              	.LASF5:
 2551 0044 75696E74 		.ascii	"uint8_t\000"
 2551      385F7400 
 2552              	.LASF1:
 2553 004c 76615F6C 		.ascii	"va_list\000"
 2553      69737400 
 2554              	.LASF21:
 2555 0054 42617365 		.ascii	"BaseSequentialStream\000"
 2555      53657175 
 2555      656E7469 
 2555      616C5374 
 2555      7265616D 
 2556              	.LASF6:
 2557 0069 756E7369 		.ascii	"unsigned char\000"
 2557      676E6564 
 2557      20636861 
 2557      7200
 2558              	.LASF11:
 2559 0077 6C6F6E67 		.ascii	"long unsigned int\000"
 2559      20756E73 
 2559      69676E65 
 2559      6420696E 
 2559      7400
 2560              	.LASF8:
 2561 0089 73686F72 		.ascii	"short unsigned int\000"
 2561      7420756E 
 2561      7369676E 
 2561      65642069 
 2561      6E7400
 2562              	.LASF19:
 2563 009c 77726974 		.ascii	"write\000"
 2563      6500
 2564              	.LASF28:
 2565 00a2 77696474 		.ascii	"width\000"
 2565      6800
 2566              	.LASF36:
 2567 00a8 63687072 		.ascii	"chprintf\000"
 2567      696E7466 
 2567      00
 2568              	.LASF0:
 2569 00b1 5F5F676E 		.ascii	"__gnuc_va_list\000"
 2569      75635F76 
 2569      615F6C69 
 2569      737400
 2570              	.LASF20:
 2571 00c0 72656164 		.ascii	"read\000"
 2571      00
 2572              	.LASF26:
 2573 00c5 66696C6C 		.ascii	"filler\000"
 2573      657200
 2574              	.LASF33:
 2575 00cc 2E2E2F2E 		.ascii	"../../os/various/chprintf.c\000"
 2575      2E2F6F73 
 2575      2F766172 
 2575      696F7573 
 2575      2F636870 
ARM GAS  /tmp/ccz0grvG.s 			page 47


 2576              	.LASF32:
 2577 00e8 474E5520 		.ascii	"GNU C 4.6.2 20111004 (prerelease)\000"
 2577      4320342E 
 2577      362E3220 
 2577      32303131 
 2577      31303034 
 2578              	.LASF13:
 2579 010a 6C6F6E67 		.ascii	"long long unsigned int\000"
 2579      206C6F6E 
 2579      6720756E 
 2579      7369676E 
 2579      65642069 
 2580              	.LASF23:
 2581 0121 64697669 		.ascii	"divisor\000"
 2581      736F7200 
 2582              	.LASF22:
 2583 0129 72616469 		.ascii	"radix\000"
 2583      7800
 2584              	.LASF15:
 2585 012f 6D73675F 		.ascii	"msg_t\000"
 2585      7400
 2586              	.LASF9:
 2587 0135 696E7433 		.ascii	"int32_t\000"
 2587      325F7400 
 2588              	.LASF31:
 2589 013d 746D7062 		.ascii	"tmpbuf\000"
 2589      756600
 2590              	.LASF17:
 2591 0144 5F5F7661 		.ascii	"__va_list\000"
 2591      5F6C6973 
 2591      7400
 2592              	.LASF12:
 2593 014e 6C6F6E67 		.ascii	"long long int\000"
 2593      206C6F6E 
 2593      6720696E 
 2593      7400
 2594              	.LASF27:
 2595 015c 70726563 		.ascii	"precision\000"
 2595      6973696F 
 2595      6E00
 2596              	.LASF16:
 2597 0166 63686172 		.ascii	"char\000"
 2597      00
 2598              	.LASF30:
 2599 016b 6C656674 		.ascii	"left_align\000"
 2599      5F616C69 
 2599      676E00
 2600              	.LASF7:
 2601 0176 73686F72 		.ascii	"short int\000"
 2601      7420696E 
 2601      7400
 2602              	.LASF37:
 2603 0180 756E7369 		.ascii	"unsigned_common\000"
 2603      676E6564 
 2603      5F636F6D 
 2603      6D6F6E00 
 2604              	.LASF34:
ARM GAS  /tmp/ccz0grvG.s 			page 48


 2605 0190 2F686F6D 		.ascii	"/home/craig/dev/git/ChibiOS/demos/CANitM\000"
 2605      652F6372 
 2605      6169672F 
 2605      6465762F 
 2605      6769742F 
 2606              	.LASF10:
 2607 01b9 6C6F6E67 		.ascii	"long int\000"
 2607      20696E74 
 2607      00
 2608              	.LASF4:
 2609 01c2 7369676E 		.ascii	"signed char\000"
 2609      65642063 
 2609      68617200 
 2610              	.LASF25:
 2611 01ce 6C746F61 		.ascii	"ltoa\000"
 2611      00
 2612              	.LASF18:
 2613 01d3 42617365 		.ascii	"BaseSequentialStreamVMT\000"
 2613      53657175 
 2613      656E7469 
 2613      616C5374 
 2613      7265616D 
 2614              		.ident	"GCC: (Linaro GCC 4.6-2011.10) 4.6.2 20111004 (prerelease)"
ARM GAS  /tmp/ccz0grvG.s 			page 49


DEFINED SYMBOLS
                            *ABS*:0000000000000000 chprintf.c
     /tmp/ccz0grvG.s:18     .text.chprintf:0000000000000000 $t
     /tmp/ccz0grvG.s:24     .text.chprintf:0000000000000000 chprintf
     /tmp/ccz0grvG.s:218    .text.chprintf:00000000000000c0 $d
     /tmp/ccz0grvG.s:274    .text.chprintf:000000000000012a $t
     /tmp/ccz0grvG.s:754    .rodata.str1.4:0000000000000000 .LC0
     /tmp/ccz0grvG.s:753    .rodata.str1.4:0000000000000000 $d
                     .debug_frame:0000000000000010 $d

NO UNDEFINED SYMBOLS
