ARM GAS  /tmp/cckqr4N3.s 			page 1


   1              		.syntax unified
   2              		.cpu cortex-m4
   3              		.fpu softvfp
   4              		.eabi_attribute 20, 1
   5              		.eabi_attribute 21, 1
   6              		.eabi_attribute 23, 3
   7              		.eabi_attribute 24, 1
   8              		.eabi_attribute 25, 1
   9              		.eabi_attribute 26, 1
  10              		.eabi_attribute 30, 2
  11              		.eabi_attribute 18, 4
  12              		.thumb
  13              		.file	"chsys.c"
  14              		.text
  15              	.Ltext0:
  16              		.cfi_sections	.debug_frame
  17              		.section	.text._idle_thread,"ax",%progbits
  18              		.align	2
  19              		.p2align 4,,15
  20              		.global	_idle_thread
  21              		.thumb
  22              		.thumb_func
  23              		.type	_idle_thread, %function
  24              	_idle_thread:
  25              	.LFB7:
  26              		.file 1 "../../os/kernel/src/chsys.c"
  27              		.loc 1 54 0
  28              		.cfi_startproc
  29              		@ args = 0, pretend = 0, frame = 0
  30              		@ frame_needed = 0, uses_anonymous_args = 0
  31              		@ link register save eliminated.
  32              	.LVL0:
  33              		.loc 1 57 0
  34 0000 024B     		ldr	r3, .L4
  35 0002 034A     		ldr	r2, .L4+4
  36 0004 9B69     		ldr	r3, [r3, #24]
  37 0006 9A61     		str	r2, [r3, #24]
  38              	.L2:
  39 0008 FEE7     		b	.L2
  40              	.L5:
  41 000a 00BF     		.align	2
  42              	.L4:
  43 000c 00000000 		.word	rlist
  44 0010 00000000 		.word	.LC0
  45              		.cfi_endproc
  46              	.LFE7:
  47              		.size	_idle_thread, .-_idle_thread
  48 0014 AFF30080 		.section	.text.chSysInit,"ax",%progbits
  48      AFF30080 
  48      AFF30080 
  49              		.align	2
  50              		.p2align 4,,15
  51              		.global	chSysInit
  52              		.thumb
  53              		.thumb_func
  54              		.type	chSysInit, %function
  55              	chSysInit:
ARM GAS  /tmp/cckqr4N3.s 			page 2


  56              	.LFB8:
  57              		.loc 1 77 0
  58              		.cfi_startproc
  59              		@ args = 0, pretend = 0, frame = 0
  60              		@ frame_needed = 0, uses_anonymous_args = 0
  61 0000 10B5     		push	{r4, lr}
  62              	.LCFI0:
  63              		.cfi_def_cfa_offset 8
  64              		.cfi_offset 14, -4
  65              		.cfi_offset 4, -8
  66 0002 82B0     		sub	sp, sp, #8
  67              	.LCFI1:
  68              		.cfi_def_cfa_offset 16
  69              		.loc 1 83 0
  70 0004 FFF7FEFF 		bl	_port_init
  71              		.loc 1 84 0
  72 0008 FFF7FEFF 		bl	_scheduler_init
  73              		.loc 1 85 0
  74 000c FFF7FEFF 		bl	_vt_init
  75              		.loc 1 87 0
  76 0010 FFF7FEFF 		bl	_core_init
  77              		.loc 1 90 0
  78 0014 FFF7FEFF 		bl	_heap_init
  79              		.loc 1 97 0
  80 0018 40F20000 		movw	r0, #:lower16:.LANCHOR0
  81 001c 4021     		movs	r1, #64
  82 001e C0F20000 		movt	r0, #:upper16:.LANCHOR0
  83 0022 FFF7FEFF 		bl	_thread_init
  84 0026 40F20001 		movw	r1, #:lower16:rlist
  85 002a C0F20001 		movt	r1, #:upper16:rlist
  86              		.loc 1 98 0
  87 002e 0122     		movs	r2, #1
  88              		.loc 1 97 0
  89 0030 8861     		str	r0, [r1, #24]
  90              		.loc 1 98 0
  91 0032 0277     		strb	r2, [r0, #28]
  92              	.LBB2:
  93              		.loc 1 104 0
  94 0034 0023     		movs	r3, #0
  95              	.LVL1:
  96              	@ 104 "../../os/kernel/src/chsys.c" 1
  97 0036 83F31188 		msr     BASEPRI, r3                    
  98 003a 62B6     		cpsie   i
  99              	@ 0 "" 2
 100              	.LVL2:
 101              		.thumb
 102              	.LBE2:
 103              		.loc 1 106 0
 104 003c 8969     		ldr	r1, [r1, #24]
 105              		.loc 1 112 0
 106 003e 1C46     		mov	r4, r3
 107              		.loc 1 106 0
 108 0040 40F20003 		movw	r3, #:lower16:.LC1
 109              	.LVL3:
 110 0044 C0F20003 		movt	r3, #:upper16:.LC1
 111 0048 8B61     		str	r3, [r1, #24]
 112              		.loc 1 112 0
ARM GAS  /tmp/cckqr4N3.s 			page 3


 113 004a 40F20000 		movw	r0, #:lower16:.LANCHOR1
 114 004e 40F20003 		movw	r3, #:lower16:_idle_thread
 115 0052 C021     		movs	r1, #192
 116 0054 C0F20003 		movt	r3, #:upper16:_idle_thread
 117 0058 C0F20000 		movt	r0, #:upper16:.LANCHOR1
 118 005c 0094     		str	r4, [sp, #0]
 119              	.LVL4:
 120 005e FFF7FEFF 		bl	chThdCreateStatic
 121              		.loc 1 115 0
 122 0062 02B0     		add	sp, sp, #8
 123 0064 10BD     		pop	{r4, pc}
 124              		.cfi_endproc
 125              	.LFE8:
 126              		.size	chSysInit, .-chSysInit
 127 0066 00BFAFF3 		.section	.text.chSysTimerHandlerI,"ax",%progbits
 127      0080AFF3 
 127      0080
 128              		.align	2
 129              		.p2align 4,,15
 130              		.global	chSysTimerHandlerI
 131              		.thumb
 132              		.thumb_func
 133              		.type	chSysTimerHandlerI, %function
 134              	chSysTimerHandlerI:
 135              	.LFB9:
 136              		.loc 1 128 0
 137              		.cfi_startproc
 138              		@ args = 0, pretend = 0, frame = 0
 139              		@ frame_needed = 0, uses_anonymous_args = 0
 140 0000 38B5     		push	{r3, r4, r5, lr}
 141              	.LCFI2:
 142              		.cfi_def_cfa_offset 16
 143              		.cfi_offset 14, -4
 144              		.cfi_offset 5, -8
 145              		.cfi_offset 4, -12
 146              		.cfi_offset 3, -16
 147              		.loc 1 134 0
 148 0002 134B     		ldr	r3, .L13
 149 0004 9B69     		ldr	r3, [r3, #24]
 150 0006 DA7F     		ldrb	r2, [r3, #31]	@ zero_extendqisi2
 151 0008 0AB1     		cbz	r2, .L8
 152              		.loc 1 136 0
 153 000a 013A     		subs	r2, r2, #1
 154 000c DA77     		strb	r2, [r3, #31]
 155              	.L8:
 156              		.loc 1 139 0
 157 000e 1A6A     		ldr	r2, [r3, #32]
 158              		.loc 1 141 0
 159 0010 104C     		ldr	r4, .L13+4
 160              		.loc 1 139 0
 161 0012 0132     		adds	r2, r2, #1
 162 0014 1A62     		str	r2, [r3, #32]
 163              		.loc 1 141 0
 164 0016 E368     		ldr	r3, [r4, #12]
 165 0018 2168     		ldr	r1, [r4, #0]
 166 001a 0133     		adds	r3, r3, #1
 167 001c A142     		cmp	r1, r4
ARM GAS  /tmp/cckqr4N3.s 			page 4


 168 001e E360     		str	r3, [r4, #12]
 169 0020 14D0     		beq	.L7
 170              	.LBB3:
 171              		.loc 1 141 0 is_stmt 0 discriminator 1
 172 0022 8D68     		ldr	r5, [r1, #8]
 173 0024 013D     		subs	r5, r5, #1
 174 0026 8D60     		str	r5, [r1, #8]
 175              	.LVL5:
 176 0028 85B9     		cbnz	r5, .L7
 177              	.LVL6:
 178              	.L11:
 179              	.LBB4:
 180              		.loc 1 141 0 discriminator 3
 181 002a 0B68     		ldr	r3, [r1, #0]
 182 002c CA68     		ldr	r2, [r1, #12]
 183              	.LVL7:
 184 002e 5C60     		str	r4, [r3, #4]
 185 0030 2360     		str	r3, [r4, #0]
 186 0032 CD60     		str	r5, [r1, #12]
 187              	.LBB5:
 188 0034 0023     		movs	r3, #0
 189              	.LVL8:
 190              	@ 141 "../../os/kernel/src/chsys.c" 1
 191 0036 83F31188 		msr     BASEPRI, r3
 192              	@ 0 "" 2
 193              	.LVL9:
 194              		.thumb
 195              	.LBE5:
 196 003a 0869     		ldr	r0, [r1, #16]
 197 003c 9047     		blx	r2
 198              	.LVL10:
 199              	.LBB6:
 200 003e 2023     		movs	r3, #32
 201              	.LVL11:
 202              	@ 141 "../../os/kernel/src/chsys.c" 1
 203 0040 83F31188 		msr     BASEPRI, r3
 204              	@ 0 "" 2
 205              	.LVL12:
 206              		.thumb
 207              	.LBE6:
 208              	.LBE4:
 209 0044 2168     		ldr	r1, [r4, #0]
 210              	.LVL13:
 211 0046 8B68     		ldr	r3, [r1, #8]
 212              	.LVL14:
 213 0048 002B     		cmp	r3, #0
 214 004a EED0     		beq	.L11
 215              	.LVL15:
 216              	.L7:
 217 004c 38BD     		pop	{r3, r4, r5, pc}
 218              	.L14:
 219 004e 00BF     		.align	2
 220              	.L13:
 221 0050 00000000 		.word	rlist
 222 0054 00000000 		.word	vtlist
 223              	.LBE3:
 224              		.cfi_endproc
ARM GAS  /tmp/cckqr4N3.s 			page 5


 225              	.LFE9:
 226              		.size	chSysTimerHandlerI, .-chSysTimerHandlerI
 227              		.global	_idle_thread_wa
 228 0058 AFF30080 		.section	.rodata.str1.4,"aMS",%progbits,1
 228      AFF30080 
 229              		.align	2
 230              	.LC0:
 231 0000 69646C65 		.ascii	"idle\000"
 231      00
 232 0005 000000   		.space	3
 233              	.LC1:
 234 0008 6D61696E 		.ascii	"main\000"
 234      00
 235 000d 000000   		.section	.bss._idle_thread_wa,"aw",%nobits
 236              		.align	3
 237              		.set	.LANCHOR1,. + 0
 238              		.type	_idle_thread_wa, %object
 239              		.size	_idle_thread_wa, 192
 240              	_idle_thread_wa:
 241 0000 00000000 		.space	192
 241      00000000 
 241      00000000 
 241      00000000 
 241      00000000 
 242              		.section	.bss.mainthread.1976,"aw",%nobits
 243              		.align	2
 244              		.set	.LANCHOR0,. + 0
 245              		.type	mainthread.1976, %object
 246              		.size	mainthread.1976, 72
 247              	mainthread.1976:
 248 0000 00000000 		.space	72
 248      00000000 
 248      00000000 
 248      00000000 
 248      00000000 
 249              		.text
 250              	.Letext0:
 251              		.file 2 "/home/craig/gcc/arm/lib/gcc/arm-none-eabi/4.6.2/../../../../arm-none-eabi/include/stdint.
 252              		.file 3 "../../os/ports/GCC/ARMCMx/chtypes.h"
 253              		.file 4 "../../os/kernel/include/chlists.h"
 254              		.file 5 "../../os/kernel/include/chthreads.h"
 255              		.file 6 "../../os/ports/GCC/ARMCMx/chcore_v7m.h"
 256              		.file 7 "../../os/kernel/include/chvt.h"
 257              		.file 8 "../../os/kernel/include/chschd.h"
 258              		.file 9 "../../os/kernel/include/chmtx.h"
 259              		.file 10 "../../os/kernel/include/ch.h"
 260              		.section	.debug_info,"",%progbits
 261              	.Ldebug_info0:
 262 0000 7D060000 		.4byte	0x67d
 263 0004 0200     		.2byte	0x2
 264 0006 00000000 		.4byte	.Ldebug_abbrev0
 265 000a 04       		.byte	0x4
 266 000b 01       		.uleb128 0x1
 267 000c A8020000 		.4byte	.LASF80
 268 0010 01       		.byte	0x1
 269 0011 FA020000 		.4byte	.LASF81
 270 0015 38000000 		.4byte	.LASF82
ARM GAS  /tmp/cckqr4N3.s 			page 6


 271 0019 00000000 		.4byte	0
 272 001d 00000000 		.4byte	0
 273 0021 00000000 		.4byte	.Ldebug_ranges0+0
 274 0025 00000000 		.4byte	.Ldebug_line0
 275 0029 02       		.uleb128 0x2
 276 002a 04       		.byte	0x4
 277 002b 05       		.byte	0x5
 278 002c 696E7400 		.ascii	"int\000"
 279 0030 03       		.uleb128 0x3
 280 0031 04       		.byte	0x4
 281 0032 07       		.byte	0x7
 282 0033 14010000 		.4byte	.LASF0
 283 0037 03       		.uleb128 0x3
 284 0038 01       		.byte	0x1
 285 0039 06       		.byte	0x6
 286 003a A1000000 		.4byte	.LASF1
 287 003e 04       		.uleb128 0x4
 288 003f 16030000 		.4byte	.LASF5
 289 0043 02       		.byte	0x2
 290 0044 2A       		.byte	0x2a
 291 0045 49000000 		.4byte	0x49
 292 0049 03       		.uleb128 0x3
 293 004a 01       		.byte	0x1
 294 004b 08       		.byte	0x8
 295 004c F6010000 		.4byte	.LASF2
 296 0050 03       		.uleb128 0x3
 297 0051 02       		.byte	0x2
 298 0052 05       		.byte	0x5
 299 0053 0E020000 		.4byte	.LASF3
 300 0057 03       		.uleb128 0x3
 301 0058 02       		.byte	0x2
 302 0059 07       		.byte	0x7
 303 005a 43010000 		.4byte	.LASF4
 304 005e 04       		.uleb128 0x4
 305 005f EE010000 		.4byte	.LASF6
 306 0063 02       		.byte	0x2
 307 0064 4F       		.byte	0x4f
 308 0065 69000000 		.4byte	0x69
 309 0069 03       		.uleb128 0x3
 310 006a 04       		.byte	0x4
 311 006b 05       		.byte	0x5
 312 006c D1000000 		.4byte	.LASF7
 313 0070 04       		.uleb128 0x4
 314 0071 59020000 		.4byte	.LASF8
 315 0075 02       		.byte	0x2
 316 0076 50       		.byte	0x50
 317 0077 7B000000 		.4byte	0x7b
 318 007b 03       		.uleb128 0x3
 319 007c 04       		.byte	0x4
 320 007d 07       		.byte	0x7
 321 007e 29010000 		.4byte	.LASF9
 322 0082 03       		.uleb128 0x3
 323 0083 08       		.byte	0x8
 324 0084 05       		.byte	0x5
 325 0085 93000000 		.4byte	.LASF10
 326 0089 04       		.uleb128 0x4
 327 008a 15000000 		.4byte	.LASF11
ARM GAS  /tmp/cckqr4N3.s 			page 7


 328 008e 02       		.byte	0x2
 329 008f 78       		.byte	0x78
 330 0090 94000000 		.4byte	0x94
 331 0094 03       		.uleb128 0x3
 332 0095 08       		.byte	0x8
 333 0096 07       		.byte	0x7
 334 0097 61000000 		.4byte	.LASF12
 335 009b 04       		.uleb128 0x4
 336 009c 5C010000 		.4byte	.LASF13
 337 00a0 03       		.byte	0x3
 338 00a1 28       		.byte	0x28
 339 00a2 3E000000 		.4byte	0x3e
 340 00a6 04       		.uleb128 0x4
 341 00a7 DA000000 		.4byte	.LASF14
 342 00ab 03       		.byte	0x3
 343 00ac 29       		.byte	0x29
 344 00ad 3E000000 		.4byte	0x3e
 345 00b1 04       		.uleb128 0x4
 346 00b2 D7010000 		.4byte	.LASF15
 347 00b6 03       		.byte	0x3
 348 00b7 2A       		.byte	0x2a
 349 00b8 3E000000 		.4byte	0x3e
 350 00bc 04       		.uleb128 0x4
 351 00bd C7000000 		.4byte	.LASF16
 352 00c1 03       		.byte	0x3
 353 00c2 2B       		.byte	0x2b
 354 00c3 3E000000 		.4byte	0x3e
 355 00c7 04       		.uleb128 0x4
 356 00c8 E6010000 		.4byte	.LASF17
 357 00cc 03       		.byte	0x3
 358 00cd 2C       		.byte	0x2c
 359 00ce 70000000 		.4byte	0x70
 360 00d2 04       		.uleb128 0x4
 361 00d3 56010000 		.4byte	.LASF18
 362 00d7 03       		.byte	0x3
 363 00d8 2D       		.byte	0x2d
 364 00d9 5E000000 		.4byte	0x5e
 365 00dd 04       		.uleb128 0x4
 366 00de 70010000 		.4byte	.LASF19
 367 00e2 03       		.byte	0x3
 368 00e3 2F       		.byte	0x2f
 369 00e4 70000000 		.4byte	0x70
 370 00e8 04       		.uleb128 0x4
 371 00e9 83020000 		.4byte	.LASF20
 372 00ed 03       		.byte	0x3
 373 00ee 30       		.byte	0x30
 374 00ef 70000000 		.4byte	0x70
 375 00f3 04       		.uleb128 0x4
 376 00f4 47020000 		.4byte	.LASF21
 377 00f8 04       		.byte	0x4
 378 00f9 23       		.byte	0x23
 379 00fa FE000000 		.4byte	0xfe
 380 00fe 05       		.uleb128 0x5
 381 00ff 47020000 		.4byte	.LASF21
 382 0103 48       		.byte	0x48
 383 0104 05       		.byte	0x5
 384 0105 57       		.byte	0x57
ARM GAS  /tmp/cckqr4N3.s 			page 8


 385 0106 23020000 		.4byte	0x223
 386 010a 06       		.uleb128 0x6
 387 010b 38020000 		.4byte	.LASF22
 388 010f 05       		.byte	0x5
 389 0110 58       		.byte	0x58
 390 0111 48020000 		.4byte	0x248
 391 0115 02       		.byte	0x2
 392 0116 23       		.byte	0x23
 393 0117 00       		.uleb128 0
 394 0118 06       		.uleb128 0x6
 395 0119 DF010000 		.4byte	.LASF23
 396 011d 05       		.byte	0x5
 397 011e 5A       		.byte	0x5a
 398 011f 48020000 		.4byte	0x248
 399 0123 02       		.byte	0x2
 400 0124 23       		.byte	0x23
 401 0125 04       		.uleb128 0x4
 402 0126 06       		.uleb128 0x6
 403 0127 8C000000 		.4byte	.LASF24
 404 012b 05       		.byte	0x5
 405 012c 5C       		.byte	0x5c
 406 012d C7000000 		.4byte	0xc7
 407 0131 02       		.byte	0x2
 408 0132 23       		.byte	0x23
 409 0133 08       		.uleb128 0x8
 410 0134 06       		.uleb128 0x6
 411 0135 46030000 		.4byte	.LASF25
 412 0139 05       		.byte	0x5
 413 013a 5D       		.byte	0x5d
 414 013b 21030000 		.4byte	0x321
 415 013f 02       		.byte	0x2
 416 0140 23       		.byte	0x23
 417 0141 0C       		.uleb128 0xc
 418 0142 06       		.uleb128 0x6
 419 0143 E3000000 		.4byte	.LASF26
 420 0147 05       		.byte	0x5
 421 0148 5F       		.byte	0x5f
 422 0149 48020000 		.4byte	0x248
 423 014d 02       		.byte	0x2
 424 014e 23       		.byte	0x23
 425 014f 10       		.uleb128 0x10
 426 0150 06       		.uleb128 0x6
 427 0151 9D010000 		.4byte	.LASF27
 428 0155 05       		.byte	0x5
 429 0156 60       		.byte	0x60
 430 0157 48020000 		.4byte	0x248
 431 015b 02       		.byte	0x2
 432 015c 23       		.byte	0x23
 433 015d 14       		.uleb128 0x14
 434 015e 06       		.uleb128 0x6
 435 015f 25030000 		.4byte	.LASF28
 436 0163 05       		.byte	0x5
 437 0164 67       		.byte	0x67
 438 0165 FB040000 		.4byte	0x4fb
 439 0169 02       		.byte	0x2
 440 016a 23       		.byte	0x23
 441 016b 18       		.uleb128 0x18
ARM GAS  /tmp/cckqr4N3.s 			page 9


 442 016c 06       		.uleb128 0x6
 443 016d 18020000 		.4byte	.LASF29
 444 0171 05       		.byte	0x5
 445 0172 72       		.byte	0x72
 446 0173 A6000000 		.4byte	0xa6
 447 0177 02       		.byte	0x2
 448 0178 23       		.byte	0x23
 449 0179 1C       		.uleb128 0x1c
 450 017a 06       		.uleb128 0x6
 451 017b 3F020000 		.4byte	.LASF30
 452 017f 05       		.byte	0x5
 453 0180 76       		.byte	0x76
 454 0181 9B000000 		.4byte	0x9b
 455 0185 02       		.byte	0x2
 456 0186 23       		.byte	0x23
 457 0187 1D       		.uleb128 0x1d
 458 0188 06       		.uleb128 0x6
 459 0189 E3020000 		.4byte	.LASF31
 460 018d 05       		.byte	0x5
 461 018e 7B       		.byte	0x7b
 462 018f B1000000 		.4byte	0xb1
 463 0193 02       		.byte	0x2
 464 0194 23       		.byte	0x23
 465 0195 1E       		.uleb128 0x1e
 466 0196 06       		.uleb128 0x6
 467 0197 20020000 		.4byte	.LASF32
 468 019b 05       		.byte	0x5
 469 019c 81       		.byte	0x81
 470 019d BC000000 		.4byte	0xbc
 471 01a1 02       		.byte	0x2
 472 01a2 23       		.byte	0x23
 473 01a3 1F       		.uleb128 0x1f
 474 01a4 06       		.uleb128 0x6
 475 01a5 A1020000 		.4byte	.LASF33
 476 01a9 05       		.byte	0x5
 477 01aa 88       		.byte	0x88
 478 01ab 06040000 		.4byte	0x406
 479 01af 02       		.byte	0x2
 480 01b0 23       		.byte	0x23
 481 01b1 20       		.uleb128 0x20
 482 01b2 07       		.uleb128 0x7
 483 01b3 705F7500 		.ascii	"p_u\000"
 484 01b7 05       		.byte	0x5
 485 01b8 AD       		.byte	0xad
 486 01b9 C6040000 		.4byte	0x4c6
 487 01bd 02       		.byte	0x2
 488 01be 23       		.byte	0x23
 489 01bf 24       		.uleb128 0x24
 490 01c0 06       		.uleb128 0x6
 491 01c1 4C030000 		.4byte	.LASF34
 492 01c5 05       		.byte	0x5
 493 01c6 B2       		.byte	0xb2
 494 01c7 70020000 		.4byte	0x270
 495 01cb 02       		.byte	0x2
 496 01cc 23       		.byte	0x23
 497 01cd 28       		.uleb128 0x28
 498 01ce 06       		.uleb128 0x6
ARM GAS  /tmp/cckqr4N3.s 			page 10


 499 01cf D1020000 		.4byte	.LASF35
 500 01d3 05       		.byte	0x5
 501 01d4 B8       		.byte	0xb8
 502 01d5 4E020000 		.4byte	0x24e
 503 01d9 02       		.byte	0x2
 504 01da 23       		.byte	0x23
 505 01db 2C       		.uleb128 0x2c
 506 01dc 06       		.uleb128 0x6
 507 01dd 08000000 		.4byte	.LASF36
 508 01e1 05       		.byte	0x5
 509 01e2 BC       		.byte	0xbc
 510 01e3 D2000000 		.4byte	0xd2
 511 01e7 02       		.byte	0x2
 512 01e8 23       		.byte	0x23
 513 01e9 34       		.uleb128 0x34
 514 01ea 06       		.uleb128 0x6
 515 01eb 4E020000 		.4byte	.LASF37
 516 01ef 05       		.byte	0x5
 517 01f0 C2       		.byte	0xc2
 518 01f1 DD000000 		.4byte	0xdd
 519 01f5 02       		.byte	0x2
 520 01f6 23       		.byte	0x23
 521 01f7 38       		.uleb128 0x38
 522 01f8 06       		.uleb128 0x6
 523 01f9 04020000 		.4byte	.LASF38
 524 01fd 05       		.byte	0x5
 525 01fe C9       		.byte	0xc9
 526 01ff 0D050000 		.4byte	0x50d
 527 0203 02       		.byte	0x2
 528 0204 23       		.byte	0x23
 529 0205 3C       		.uleb128 0x3c
 530 0206 06       		.uleb128 0x6
 531 0207 8D020000 		.4byte	.LASF39
 532 020b 05       		.byte	0x5
 533 020c CD       		.byte	0xcd
 534 020d C7000000 		.4byte	0xc7
 535 0211 02       		.byte	0x2
 536 0212 23       		.byte	0x23
 537 0213 40       		.uleb128 0x40
 538 0214 06       		.uleb128 0x6
 539 0215 B7000000 		.4byte	.LASF40
 540 0219 05       		.byte	0x5
 541 021a D3       		.byte	0xd3
 542 021b 86020000 		.4byte	0x286
 543 021f 02       		.byte	0x2
 544 0220 23       		.byte	0x23
 545 0221 44       		.uleb128 0x44
 546 0222 00       		.byte	0
 547 0223 08       		.uleb128 0x8
 548 0224 08       		.byte	0x8
 549 0225 04       		.byte	0x4
 550 0226 5A       		.byte	0x5a
 551 0227 48020000 		.4byte	0x248
 552 022b 06       		.uleb128 0x6
 553 022c 38020000 		.4byte	.LASF22
 554 0230 04       		.byte	0x4
 555 0231 5B       		.byte	0x5b
ARM GAS  /tmp/cckqr4N3.s 			page 11


 556 0232 48020000 		.4byte	0x248
 557 0236 02       		.byte	0x2
 558 0237 23       		.byte	0x23
 559 0238 00       		.uleb128 0
 560 0239 06       		.uleb128 0x6
 561 023a DF010000 		.4byte	.LASF23
 562 023e 04       		.byte	0x4
 563 023f 5D       		.byte	0x5d
 564 0240 48020000 		.4byte	0x248
 565 0244 02       		.byte	0x2
 566 0245 23       		.byte	0x23
 567 0246 04       		.uleb128 0x4
 568 0247 00       		.byte	0
 569 0248 09       		.uleb128 0x9
 570 0249 04       		.byte	0x4
 571 024a F3000000 		.4byte	0xf3
 572 024e 04       		.uleb128 0x4
 573 024f AB010000 		.4byte	.LASF41
 574 0253 04       		.byte	0x4
 575 0254 5F       		.byte	0x5f
 576 0255 23020000 		.4byte	0x223
 577 0259 08       		.uleb128 0x8
 578 025a 04       		.byte	0x4
 579 025b 04       		.byte	0x4
 580 025c 64       		.byte	0x64
 581 025d 70020000 		.4byte	0x270
 582 0261 06       		.uleb128 0x6
 583 0262 38020000 		.4byte	.LASF22
 584 0266 04       		.byte	0x4
 585 0267 66       		.byte	0x66
 586 0268 48020000 		.4byte	0x248
 587 026c 02       		.byte	0x2
 588 026d 23       		.byte	0x23
 589 026e 00       		.uleb128 0
 590 026f 00       		.byte	0
 591 0270 04       		.uleb128 0x4
 592 0271 64010000 		.4byte	.LASF42
 593 0275 04       		.byte	0x4
 594 0276 69       		.byte	0x69
 595 0277 59020000 		.4byte	0x259
 596 027b 04       		.uleb128 0x4
 597 027c 03010000 		.4byte	.LASF43
 598 0280 06       		.byte	0x6
 599 0281 DE       		.byte	0xde
 600 0282 86020000 		.4byte	0x286
 601 0286 0A       		.uleb128 0xa
 602 0287 04       		.byte	0x4
 603 0288 04       		.uleb128 0x4
 604 0289 82010000 		.4byte	.LASF44
 605 028d 06       		.byte	0x6
 606 028e E4       		.byte	0xe4
 607 028f 89000000 		.4byte	0x89
 608 0293 0B       		.uleb128 0xb
 609 0294 CA020000 		.4byte	.LASF45
 610 0298 24       		.byte	0x24
 611 0299 06       		.byte	0x6
 612 029a 0501     		.2byte	0x105
ARM GAS  /tmp/cckqr4N3.s 			page 12


 613 029c 21030000 		.4byte	0x321
 614 02a0 0C       		.uleb128 0xc
 615 02a1 723400   		.ascii	"r4\000"
 616 02a4 06       		.byte	0x6
 617 02a5 1801     		.2byte	0x118
 618 02a7 7B020000 		.4byte	0x27b
 619 02ab 02       		.byte	0x2
 620 02ac 23       		.byte	0x23
 621 02ad 00       		.uleb128 0
 622 02ae 0C       		.uleb128 0xc
 623 02af 723500   		.ascii	"r5\000"
 624 02b2 06       		.byte	0x6
 625 02b3 1901     		.2byte	0x119
 626 02b5 7B020000 		.4byte	0x27b
 627 02b9 02       		.byte	0x2
 628 02ba 23       		.byte	0x23
 629 02bb 04       		.uleb128 0x4
 630 02bc 0C       		.uleb128 0xc
 631 02bd 723600   		.ascii	"r6\000"
 632 02c0 06       		.byte	0x6
 633 02c1 1A01     		.2byte	0x11a
 634 02c3 7B020000 		.4byte	0x27b
 635 02c7 02       		.byte	0x2
 636 02c8 23       		.byte	0x23
 637 02c9 08       		.uleb128 0x8
 638 02ca 0C       		.uleb128 0xc
 639 02cb 723700   		.ascii	"r7\000"
 640 02ce 06       		.byte	0x6
 641 02cf 1B01     		.2byte	0x11b
 642 02d1 7B020000 		.4byte	0x27b
 643 02d5 02       		.byte	0x2
 644 02d6 23       		.byte	0x23
 645 02d7 0C       		.uleb128 0xc
 646 02d8 0C       		.uleb128 0xc
 647 02d9 723800   		.ascii	"r8\000"
 648 02dc 06       		.byte	0x6
 649 02dd 1C01     		.2byte	0x11c
 650 02df 7B020000 		.4byte	0x27b
 651 02e3 02       		.byte	0x2
 652 02e4 23       		.byte	0x23
 653 02e5 10       		.uleb128 0x10
 654 02e6 0C       		.uleb128 0xc
 655 02e7 723900   		.ascii	"r9\000"
 656 02ea 06       		.byte	0x6
 657 02eb 1D01     		.2byte	0x11d
 658 02ed 7B020000 		.4byte	0x27b
 659 02f1 02       		.byte	0x2
 660 02f2 23       		.byte	0x23
 661 02f3 14       		.uleb128 0x14
 662 02f4 0C       		.uleb128 0xc
 663 02f5 72313000 		.ascii	"r10\000"
 664 02f9 06       		.byte	0x6
 665 02fa 1E01     		.2byte	0x11e
 666 02fc 7B020000 		.4byte	0x27b
 667 0300 02       		.byte	0x2
 668 0301 23       		.byte	0x23
 669 0302 18       		.uleb128 0x18
ARM GAS  /tmp/cckqr4N3.s 			page 13


 670 0303 0C       		.uleb128 0xc
 671 0304 72313100 		.ascii	"r11\000"
 672 0308 06       		.byte	0x6
 673 0309 1F01     		.2byte	0x11f
 674 030b 7B020000 		.4byte	0x27b
 675 030f 02       		.byte	0x2
 676 0310 23       		.byte	0x23
 677 0311 1C       		.uleb128 0x1c
 678 0312 0C       		.uleb128 0xc
 679 0313 6C7200   		.ascii	"lr\000"
 680 0316 06       		.byte	0x6
 681 0317 2001     		.2byte	0x120
 682 0319 7B020000 		.4byte	0x27b
 683 031d 02       		.byte	0x2
 684 031e 23       		.byte	0x23
 685 031f 20       		.uleb128 0x20
 686 0320 00       		.byte	0
 687 0321 0B       		.uleb128 0xb
 688 0322 3B010000 		.4byte	.LASF46
 689 0326 04       		.byte	0x4
 690 0327 06       		.byte	0x6
 691 0328 2A01     		.2byte	0x12a
 692 032a 3E030000 		.4byte	0x33e
 693 032e 0C       		.uleb128 0xc
 694 032f 72313300 		.ascii	"r13\000"
 695 0333 06       		.byte	0x6
 696 0334 2B01     		.2byte	0x12b
 697 0336 3E030000 		.4byte	0x33e
 698 033a 02       		.byte	0x2
 699 033b 23       		.byte	0x23
 700 033c 00       		.uleb128 0
 701 033d 00       		.byte	0
 702 033e 09       		.uleb128 0x9
 703 033f 04       		.byte	0x4
 704 0340 93020000 		.4byte	0x293
 705 0344 04       		.uleb128 0x4
 706 0345 98020000 		.4byte	.LASF47
 707 0349 07       		.byte	0x7
 708 034a 4E       		.byte	0x4e
 709 034b 4F030000 		.4byte	0x34f
 710 034f 09       		.uleb128 0x9
 711 0350 04       		.byte	0x4
 712 0351 55030000 		.4byte	0x355
 713 0355 0D       		.uleb128 0xd
 714 0356 01       		.byte	0x1
 715 0357 61030000 		.4byte	0x361
 716 035b 0E       		.uleb128 0xe
 717 035c 86020000 		.4byte	0x286
 718 0360 00       		.byte	0
 719 0361 04       		.uleb128 0x4
 720 0362 6A020000 		.4byte	.LASF48
 721 0366 07       		.byte	0x7
 722 0367 53       		.byte	0x53
 723 0368 6C030000 		.4byte	0x36c
 724 036c 05       		.uleb128 0x5
 725 036d 6A020000 		.4byte	.LASF48
 726 0371 14       		.byte	0x14
ARM GAS  /tmp/cckqr4N3.s 			page 14


 727 0372 07       		.byte	0x7
 728 0373 5A       		.byte	0x5a
 729 0374 BF030000 		.4byte	0x3bf
 730 0378 06       		.uleb128 0x6
 731 0379 21010000 		.4byte	.LASF49
 732 037d 07       		.byte	0x7
 733 037e 5B       		.byte	0x5b
 734 037f BF030000 		.4byte	0x3bf
 735 0383 02       		.byte	0x2
 736 0384 23       		.byte	0x23
 737 0385 00       		.uleb128 0
 738 0386 06       		.uleb128 0x6
 739 0387 0C010000 		.4byte	.LASF50
 740 038b 07       		.byte	0x7
 741 038c 5D       		.byte	0x5d
 742 038d BF030000 		.4byte	0x3bf
 743 0391 02       		.byte	0x2
 744 0392 23       		.byte	0x23
 745 0393 04       		.uleb128 0x4
 746 0394 06       		.uleb128 0x6
 747 0395 8D010000 		.4byte	.LASF51
 748 0399 07       		.byte	0x7
 749 039a 5F       		.byte	0x5f
 750 039b E8000000 		.4byte	0xe8
 751 039f 02       		.byte	0x2
 752 03a0 23       		.byte	0x23
 753 03a1 08       		.uleb128 0x8
 754 03a2 06       		.uleb128 0x6
 755 03a3 95010000 		.4byte	.LASF52
 756 03a7 07       		.byte	0x7
 757 03a8 60       		.byte	0x60
 758 03a9 44030000 		.4byte	0x344
 759 03ad 02       		.byte	0x2
 760 03ae 23       		.byte	0x23
 761 03af 0C       		.uleb128 0xc
 762 03b0 06       		.uleb128 0x6
 763 03b1 DC020000 		.4byte	.LASF53
 764 03b5 07       		.byte	0x7
 765 03b6 62       		.byte	0x62
 766 03b7 86020000 		.4byte	0x286
 767 03bb 02       		.byte	0x2
 768 03bc 23       		.byte	0x23
 769 03bd 10       		.uleb128 0x10
 770 03be 00       		.byte	0
 771 03bf 09       		.uleb128 0x9
 772 03c0 04       		.byte	0x4
 773 03c1 61030000 		.4byte	0x361
 774 03c5 08       		.uleb128 0x8
 775 03c6 10       		.byte	0x10
 776 03c7 07       		.byte	0x7
 777 03c8 6C       		.byte	0x6c
 778 03c9 06040000 		.4byte	0x406
 779 03cd 06       		.uleb128 0x6
 780 03ce 21010000 		.4byte	.LASF49
 781 03d2 07       		.byte	0x7
 782 03d3 6D       		.byte	0x6d
 783 03d4 BF030000 		.4byte	0x3bf
ARM GAS  /tmp/cckqr4N3.s 			page 15


 784 03d8 02       		.byte	0x2
 785 03d9 23       		.byte	0x23
 786 03da 00       		.uleb128 0
 787 03db 06       		.uleb128 0x6
 788 03dc 0C010000 		.4byte	.LASF50
 789 03e0 07       		.byte	0x7
 790 03e1 6F       		.byte	0x6f
 791 03e2 BF030000 		.4byte	0x3bf
 792 03e6 02       		.byte	0x2
 793 03e7 23       		.byte	0x23
 794 03e8 04       		.uleb128 0x4
 795 03e9 06       		.uleb128 0x6
 796 03ea 8D010000 		.4byte	.LASF51
 797 03ee 07       		.byte	0x7
 798 03ef 71       		.byte	0x71
 799 03f0 E8000000 		.4byte	0xe8
 800 03f4 02       		.byte	0x2
 801 03f5 23       		.byte	0x23
 802 03f6 08       		.uleb128 0x8
 803 03f7 06       		.uleb128 0x6
 804 03f8 2C030000 		.4byte	.LASF54
 805 03fc 07       		.byte	0x7
 806 03fd 72       		.byte	0x72
 807 03fe 06040000 		.4byte	0x406
 808 0402 02       		.byte	0x2
 809 0403 23       		.byte	0x23
 810 0404 0C       		.uleb128 0xc
 811 0405 00       		.byte	0
 812 0406 0F       		.uleb128 0xf
 813 0407 E8000000 		.4byte	0xe8
 814 040b 04       		.uleb128 0x4
 815 040c 37030000 		.4byte	.LASF55
 816 0410 07       		.byte	0x7
 817 0411 73       		.byte	0x73
 818 0412 C5030000 		.4byte	0x3c5
 819 0416 08       		.uleb128 0x8
 820 0417 1C       		.byte	0x1c
 821 0418 08       		.byte	0x8
 822 0419 57       		.byte	0x57
 823 041a 73040000 		.4byte	0x473
 824 041e 06       		.uleb128 0x6
 825 041f 62020000 		.4byte	.LASF56
 826 0423 08       		.byte	0x8
 827 0424 58       		.byte	0x58
 828 0425 4E020000 		.4byte	0x24e
 829 0429 02       		.byte	0x2
 830 042a 23       		.byte	0x23
 831 042b 00       		.uleb128 0
 832 042c 06       		.uleb128 0x6
 833 042d 2A020000 		.4byte	.LASF57
 834 0431 08       		.byte	0x8
 835 0432 59       		.byte	0x59
 836 0433 C7000000 		.4byte	0xc7
 837 0437 02       		.byte	0x2
 838 0438 23       		.byte	0x23
 839 0439 08       		.uleb128 0x8
 840 043a 06       		.uleb128 0x6
ARM GAS  /tmp/cckqr4N3.s 			page 16


 841 043b A5010000 		.4byte	.LASF58
 842 043f 08       		.byte	0x8
 843 0440 5B       		.byte	0x5b
 844 0441 21030000 		.4byte	0x321
 845 0445 02       		.byte	0x2
 846 0446 23       		.byte	0x23
 847 0447 0C       		.uleb128 0xc
 848 0448 06       		.uleb128 0x6
 849 0449 FB000000 		.4byte	.LASF59
 850 044d 08       		.byte	0x8
 851 044e 5E       		.byte	0x5e
 852 044f 48020000 		.4byte	0x248
 853 0453 02       		.byte	0x2
 854 0454 23       		.byte	0x23
 855 0455 10       		.uleb128 0x10
 856 0456 06       		.uleb128 0x6
 857 0457 C2010000 		.4byte	.LASF60
 858 045b 08       		.byte	0x8
 859 045c 5F       		.byte	0x5f
 860 045d 48020000 		.4byte	0x248
 861 0461 02       		.byte	0x2
 862 0462 23       		.byte	0x23
 863 0463 14       		.uleb128 0x14
 864 0464 06       		.uleb128 0x6
 865 0465 B8010000 		.4byte	.LASF61
 866 0469 08       		.byte	0x8
 867 046a 62       		.byte	0x62
 868 046b 48020000 		.4byte	0x248
 869 046f 02       		.byte	0x2
 870 0470 23       		.byte	0x23
 871 0471 18       		.uleb128 0x18
 872 0472 00       		.byte	0
 873 0473 04       		.uleb128 0x4
 874 0474 EA020000 		.4byte	.LASF62
 875 0478 08       		.byte	0x8
 876 0479 64       		.byte	0x64
 877 047a 16040000 		.4byte	0x416
 878 047e 05       		.uleb128 0x5
 879 047f 7C010000 		.4byte	.LASF63
 880 0483 10       		.byte	0x10
 881 0484 09       		.byte	0x9
 882 0485 25       		.byte	0x25
 883 0486 B5040000 		.4byte	0x4b5
 884 048a 06       		.uleb128 0x6
 885 048b BF000000 		.4byte	.LASF64
 886 048f 09       		.byte	0x9
 887 0490 26       		.byte	0x26
 888 0491 4E020000 		.4byte	0x24e
 889 0495 02       		.byte	0x2
 890 0496 23       		.byte	0x23
 891 0497 00       		.uleb128 0
 892 0498 06       		.uleb128 0x6
 893 0499 3E030000 		.4byte	.LASF65
 894 049d 09       		.byte	0x9
 895 049e 28       		.byte	0x28
 896 049f 48020000 		.4byte	0x248
 897 04a3 02       		.byte	0x2
ARM GAS  /tmp/cckqr4N3.s 			page 17


 898 04a4 23       		.byte	0x23
 899 04a5 08       		.uleb128 0x8
 900 04a6 06       		.uleb128 0x6
 901 04a7 7C020000 		.4byte	.LASF66
 902 04ab 09       		.byte	0x9
 903 04ac 2A       		.byte	0x2a
 904 04ad B5040000 		.4byte	0x4b5
 905 04b1 02       		.byte	0x2
 906 04b2 23       		.byte	0x23
 907 04b3 0C       		.uleb128 0xc
 908 04b4 00       		.byte	0
 909 04b5 09       		.uleb128 0x9
 910 04b6 04       		.byte	0x4
 911 04b7 7E040000 		.4byte	0x47e
 912 04bb 04       		.uleb128 0x4
 913 04bc 7C010000 		.4byte	.LASF63
 914 04c0 09       		.byte	0x9
 915 04c1 2C       		.byte	0x2c
 916 04c2 7E040000 		.4byte	0x47e
 917 04c6 10       		.uleb128 0x10
 918 04c7 04       		.byte	0x4
 919 04c8 05       		.byte	0x5
 920 04c9 8F       		.byte	0x8f
 921 04ca FB040000 		.4byte	0x4fb
 922 04ce 11       		.uleb128 0x11
 923 04cf 0E000000 		.4byte	.LASF67
 924 04d3 05       		.byte	0x5
 925 04d4 96       		.byte	0x96
 926 04d5 D2000000 		.4byte	0xd2
 927 04d9 11       		.uleb128 0x11
 928 04da 78000000 		.4byte	.LASF68
 929 04de 05       		.byte	0x5
 930 04df 9D       		.byte	0x9d
 931 04e0 D2000000 		.4byte	0xd2
 932 04e4 11       		.uleb128 0x11
 933 04e5 1E030000 		.4byte	.LASF69
 934 04e9 05       		.byte	0x5
 935 04ea A4       		.byte	0xa4
 936 04eb 86020000 		.4byte	0x286
 937 04ef 11       		.uleb128 0x11
 938 04f0 31020000 		.4byte	.LASF70
 939 04f4 05       		.byte	0x5
 940 04f5 AB       		.byte	0xab
 941 04f6 DD000000 		.4byte	0xdd
 942 04fa 00       		.byte	0
 943 04fb 09       		.uleb128 0x9
 944 04fc 04       		.byte	0x4
 945 04fd 01050000 		.4byte	0x501
 946 0501 12       		.uleb128 0x12
 947 0502 06050000 		.4byte	0x506
 948 0506 03       		.uleb128 0x3
 949 0507 01       		.byte	0x1
 950 0508 08       		.byte	0x8
 951 0509 77020000 		.4byte	.LASF71
 952 050d 09       		.uleb128 0x9
 953 050e 04       		.byte	0x4
 954 050f BB040000 		.4byte	0x4bb
ARM GAS  /tmp/cckqr4N3.s 			page 18


 955 0513 04       		.uleb128 0x4
 956 0514 00000000 		.4byte	.LASF72
 957 0518 05       		.byte	0x5
 958 0519 DE       		.byte	0xde
 959 051a 1E050000 		.4byte	0x51e
 960 051e 09       		.uleb128 0x9
 961 051f 04       		.byte	0x4
 962 0520 24050000 		.4byte	0x524
 963 0524 13       		.uleb128 0x13
 964 0525 01       		.byte	0x1
 965 0526 D2000000 		.4byte	0xd2
 966 052a 34050000 		.4byte	0x534
 967 052e 0E       		.uleb128 0xe
 968 052f 86020000 		.4byte	0x286
 969 0533 00       		.byte	0
 970 0534 14       		.uleb128 0x14
 971 0535 01       		.byte	0x1
 972 0536 CA010000 		.4byte	.LASF73
 973 053a 01       		.byte	0x1
 974 053b 36       		.byte	0x36
 975 053c 01       		.byte	0x1
 976 053d 00000000 		.4byte	.LFB7
 977 0541 14000000 		.4byte	.LFE7
 978 0545 02       		.byte	0x2
 979 0546 7D       		.byte	0x7d
 980 0547 00       		.sleb128 0
 981 0548 58050000 		.4byte	0x558
 982 054c 15       		.uleb128 0x15
 983 054d 7000     		.ascii	"p\000"
 984 054f 01       		.byte	0x1
 985 0550 36       		.byte	0x36
 986 0551 86020000 		.4byte	0x286
 987 0555 01       		.byte	0x1
 988 0556 50       		.byte	0x50
 989 0557 00       		.byte	0
 990 0558 16       		.uleb128 0x16
 991 0559 01       		.byte	0x1
 992 055a AD000000 		.4byte	.LASF74
 993 055e 01       		.byte	0x1
 994 055f 4D       		.byte	0x4d
 995 0560 01       		.byte	0x1
 996 0561 00000000 		.4byte	.LFB8
 997 0565 66000000 		.4byte	.LFE8
 998 0569 00000000 		.4byte	.LLST0
 999 056d 9C050000 		.4byte	0x59c
 1000 0571 17       		.uleb128 0x17
 1001 0572 81000000 		.4byte	.LASF75
 1002 0576 01       		.byte	0x1
 1003 0577 4E       		.byte	0x4e
 1004 0578 F3000000 		.4byte	0xf3
 1005 057c 05       		.byte	0x5
 1006 057d 03       		.byte	0x3
 1007 057e 00000000 		.4byte	mainthread.1976
 1008 0582 18       		.uleb128 0x18
 1009 0583 34000000 		.4byte	.LBB2
 1010 0587 3C000000 		.4byte	.LBE2
 1011 058b 19       		.uleb128 0x19
ARM GAS  /tmp/cckqr4N3.s 			page 19


 1012 058c 746D7000 		.ascii	"tmp\000"
 1013 0590 01       		.byte	0x1
 1014 0591 68       		.byte	0x68
 1015 0592 70000000 		.4byte	0x70
 1016 0596 2C000000 		.4byte	.LLST1
 1017 059a 00       		.byte	0
 1018 059b 00       		.byte	0
 1019 059c 16       		.uleb128 0x16
 1020 059d 01       		.byte	0x1
 1021 059e 25000000 		.4byte	.LASF76
 1022 05a2 01       		.byte	0x1
 1023 05a3 80       		.byte	0x80
 1024 05a4 01       		.byte	0x1
 1025 05a5 00000000 		.4byte	.LFB9
 1026 05a9 58000000 		.4byte	.LFE9
 1027 05ad 4A000000 		.4byte	.LLST2
 1028 05b1 1D060000 		.4byte	0x61d
 1029 05b5 18       		.uleb128 0x18
 1030 05b6 22000000 		.4byte	.LBB3
 1031 05ba 58000000 		.4byte	.LBE3
 1032 05be 19       		.uleb128 0x19
 1033 05bf 76747000 		.ascii	"vtp\000"
 1034 05c3 01       		.byte	0x1
 1035 05c4 8D       		.byte	0x8d
 1036 05c5 BF030000 		.4byte	0x3bf
 1037 05c9 6A000000 		.4byte	.LLST3
 1038 05cd 18       		.uleb128 0x18
 1039 05ce 2A000000 		.4byte	.LBB4
 1040 05d2 44000000 		.4byte	.LBE4
 1041 05d6 19       		.uleb128 0x19
 1042 05d7 666E00   		.ascii	"fn\000"
 1043 05da 01       		.byte	0x1
 1044 05db 8D       		.byte	0x8d
 1045 05dc 44030000 		.4byte	0x344
 1046 05e0 95000000 		.4byte	.LLST4
 1047 05e4 1A       		.uleb128 0x1a
 1048 05e5 34000000 		.4byte	.LBB5
 1049 05e9 3A000000 		.4byte	.LBE5
 1050 05ed 01060000 		.4byte	0x601
 1051 05f1 19       		.uleb128 0x19
 1052 05f2 746D7000 		.ascii	"tmp\000"
 1053 05f6 01       		.byte	0x1
 1054 05f7 8D       		.byte	0x8d
 1055 05f8 70000000 		.4byte	0x70
 1056 05fc A9000000 		.4byte	.LLST5
 1057 0600 00       		.byte	0
 1058 0601 18       		.uleb128 0x18
 1059 0602 3E000000 		.4byte	.LBB6
 1060 0606 44000000 		.4byte	.LBE6
 1061 060a 19       		.uleb128 0x19
 1062 060b 746D7000 		.ascii	"tmp\000"
 1063 060f 01       		.byte	0x1
 1064 0610 8D       		.byte	0x8d
 1065 0611 70000000 		.4byte	0x70
 1066 0615 BC000000 		.4byte	.LLST6
 1067 0619 00       		.byte	0
 1068 061a 00       		.byte	0
ARM GAS  /tmp/cckqr4N3.s 			page 20


 1069 061b 00       		.byte	0
 1070 061c 00       		.byte	0
 1071 061d 1B       		.uleb128 0x1b
 1072 061e 1E000000 		.4byte	.LASF77
 1073 0622 07       		.byte	0x7
 1074 0623 D1       		.byte	0xd1
 1075 0624 0B040000 		.4byte	0x40b
 1076 0628 01       		.byte	0x1
 1077 0629 01       		.byte	0x1
 1078 062a 1B       		.uleb128 0x1b
 1079 062b F4020000 		.4byte	.LASF78
 1080 062f 08       		.byte	0x8
 1081 0630 68       		.byte	0x68
 1082 0631 73040000 		.4byte	0x473
 1083 0635 01       		.byte	0x1
 1084 0636 01       		.byte	0x1
 1085 0637 1C       		.uleb128 0x1c
 1086 0638 88020000 		.4byte	0x288
 1087 063c 47060000 		.4byte	0x647
 1088 0640 1D       		.uleb128 0x1d
 1089 0641 30000000 		.4byte	0x30
 1090 0645 17       		.byte	0x17
 1091 0646 00       		.byte	0
 1092 0647 1B       		.uleb128 0x1b
 1093 0648 EB000000 		.4byte	.LASF79
 1094 064c 0A       		.byte	0xa
 1095 064d 82       		.byte	0x82
 1096 064e 37060000 		.4byte	0x637
 1097 0652 01       		.byte	0x1
 1098 0653 01       		.byte	0x1
 1099 0654 1B       		.uleb128 0x1b
 1100 0655 1E000000 		.4byte	.LASF77
 1101 0659 07       		.byte	0x7
 1102 065a D1       		.byte	0xd1
 1103 065b 0B040000 		.4byte	0x40b
 1104 065f 01       		.byte	0x1
 1105 0660 01       		.byte	0x1
 1106 0661 1B       		.uleb128 0x1b
 1107 0662 F4020000 		.4byte	.LASF78
 1108 0666 08       		.byte	0x8
 1109 0667 68       		.byte	0x68
 1110 0668 73040000 		.4byte	0x473
 1111 066c 01       		.byte	0x1
 1112 066d 01       		.byte	0x1
 1113 066e 1E       		.uleb128 0x1e
 1114 066f EB000000 		.4byte	.LASF79
 1115 0673 01       		.byte	0x1
 1116 0674 2A       		.byte	0x2a
 1117 0675 37060000 		.4byte	0x637
 1118 0679 01       		.byte	0x1
 1119 067a 05       		.byte	0x5
 1120 067b 03       		.byte	0x3
 1121 067c 00000000 		.4byte	_idle_thread_wa
 1122 0680 00       		.byte	0
 1123              		.section	.debug_abbrev,"",%progbits
 1124              	.Ldebug_abbrev0:
 1125 0000 01       		.uleb128 0x1
ARM GAS  /tmp/cckqr4N3.s 			page 21


 1126 0001 11       		.uleb128 0x11
 1127 0002 01       		.byte	0x1
 1128 0003 25       		.uleb128 0x25
 1129 0004 0E       		.uleb128 0xe
 1130 0005 13       		.uleb128 0x13
 1131 0006 0B       		.uleb128 0xb
 1132 0007 03       		.uleb128 0x3
 1133 0008 0E       		.uleb128 0xe
 1134 0009 1B       		.uleb128 0x1b
 1135 000a 0E       		.uleb128 0xe
 1136 000b 11       		.uleb128 0x11
 1137 000c 01       		.uleb128 0x1
 1138 000d 52       		.uleb128 0x52
 1139 000e 01       		.uleb128 0x1
 1140 000f 55       		.uleb128 0x55
 1141 0010 06       		.uleb128 0x6
 1142 0011 10       		.uleb128 0x10
 1143 0012 06       		.uleb128 0x6
 1144 0013 00       		.byte	0
 1145 0014 00       		.byte	0
 1146 0015 02       		.uleb128 0x2
 1147 0016 24       		.uleb128 0x24
 1148 0017 00       		.byte	0
 1149 0018 0B       		.uleb128 0xb
 1150 0019 0B       		.uleb128 0xb
 1151 001a 3E       		.uleb128 0x3e
 1152 001b 0B       		.uleb128 0xb
 1153 001c 03       		.uleb128 0x3
 1154 001d 08       		.uleb128 0x8
 1155 001e 00       		.byte	0
 1156 001f 00       		.byte	0
 1157 0020 03       		.uleb128 0x3
 1158 0021 24       		.uleb128 0x24
 1159 0022 00       		.byte	0
 1160 0023 0B       		.uleb128 0xb
 1161 0024 0B       		.uleb128 0xb
 1162 0025 3E       		.uleb128 0x3e
 1163 0026 0B       		.uleb128 0xb
 1164 0027 03       		.uleb128 0x3
 1165 0028 0E       		.uleb128 0xe
 1166 0029 00       		.byte	0
 1167 002a 00       		.byte	0
 1168 002b 04       		.uleb128 0x4
 1169 002c 16       		.uleb128 0x16
 1170 002d 00       		.byte	0
 1171 002e 03       		.uleb128 0x3
 1172 002f 0E       		.uleb128 0xe
 1173 0030 3A       		.uleb128 0x3a
 1174 0031 0B       		.uleb128 0xb
 1175 0032 3B       		.uleb128 0x3b
 1176 0033 0B       		.uleb128 0xb
 1177 0034 49       		.uleb128 0x49
 1178 0035 13       		.uleb128 0x13
 1179 0036 00       		.byte	0
 1180 0037 00       		.byte	0
 1181 0038 05       		.uleb128 0x5
 1182 0039 13       		.uleb128 0x13
ARM GAS  /tmp/cckqr4N3.s 			page 22


 1183 003a 01       		.byte	0x1
 1184 003b 03       		.uleb128 0x3
 1185 003c 0E       		.uleb128 0xe
 1186 003d 0B       		.uleb128 0xb
 1187 003e 0B       		.uleb128 0xb
 1188 003f 3A       		.uleb128 0x3a
 1189 0040 0B       		.uleb128 0xb
 1190 0041 3B       		.uleb128 0x3b
 1191 0042 0B       		.uleb128 0xb
 1192 0043 01       		.uleb128 0x1
 1193 0044 13       		.uleb128 0x13
 1194 0045 00       		.byte	0
 1195 0046 00       		.byte	0
 1196 0047 06       		.uleb128 0x6
 1197 0048 0D       		.uleb128 0xd
 1198 0049 00       		.byte	0
 1199 004a 03       		.uleb128 0x3
 1200 004b 0E       		.uleb128 0xe
 1201 004c 3A       		.uleb128 0x3a
 1202 004d 0B       		.uleb128 0xb
 1203 004e 3B       		.uleb128 0x3b
 1204 004f 0B       		.uleb128 0xb
 1205 0050 49       		.uleb128 0x49
 1206 0051 13       		.uleb128 0x13
 1207 0052 38       		.uleb128 0x38
 1208 0053 0A       		.uleb128 0xa
 1209 0054 00       		.byte	0
 1210 0055 00       		.byte	0
 1211 0056 07       		.uleb128 0x7
 1212 0057 0D       		.uleb128 0xd
 1213 0058 00       		.byte	0
 1214 0059 03       		.uleb128 0x3
 1215 005a 08       		.uleb128 0x8
 1216 005b 3A       		.uleb128 0x3a
 1217 005c 0B       		.uleb128 0xb
 1218 005d 3B       		.uleb128 0x3b
 1219 005e 0B       		.uleb128 0xb
 1220 005f 49       		.uleb128 0x49
 1221 0060 13       		.uleb128 0x13
 1222 0061 38       		.uleb128 0x38
 1223 0062 0A       		.uleb128 0xa
 1224 0063 00       		.byte	0
 1225 0064 00       		.byte	0
 1226 0065 08       		.uleb128 0x8
 1227 0066 13       		.uleb128 0x13
 1228 0067 01       		.byte	0x1
 1229 0068 0B       		.uleb128 0xb
 1230 0069 0B       		.uleb128 0xb
 1231 006a 3A       		.uleb128 0x3a
 1232 006b 0B       		.uleb128 0xb
 1233 006c 3B       		.uleb128 0x3b
 1234 006d 0B       		.uleb128 0xb
 1235 006e 01       		.uleb128 0x1
 1236 006f 13       		.uleb128 0x13
 1237 0070 00       		.byte	0
 1238 0071 00       		.byte	0
 1239 0072 09       		.uleb128 0x9
ARM GAS  /tmp/cckqr4N3.s 			page 23


 1240 0073 0F       		.uleb128 0xf
 1241 0074 00       		.byte	0
 1242 0075 0B       		.uleb128 0xb
 1243 0076 0B       		.uleb128 0xb
 1244 0077 49       		.uleb128 0x49
 1245 0078 13       		.uleb128 0x13
 1246 0079 00       		.byte	0
 1247 007a 00       		.byte	0
 1248 007b 0A       		.uleb128 0xa
 1249 007c 0F       		.uleb128 0xf
 1250 007d 00       		.byte	0
 1251 007e 0B       		.uleb128 0xb
 1252 007f 0B       		.uleb128 0xb
 1253 0080 00       		.byte	0
 1254 0081 00       		.byte	0
 1255 0082 0B       		.uleb128 0xb
 1256 0083 13       		.uleb128 0x13
 1257 0084 01       		.byte	0x1
 1258 0085 03       		.uleb128 0x3
 1259 0086 0E       		.uleb128 0xe
 1260 0087 0B       		.uleb128 0xb
 1261 0088 0B       		.uleb128 0xb
 1262 0089 3A       		.uleb128 0x3a
 1263 008a 0B       		.uleb128 0xb
 1264 008b 3B       		.uleb128 0x3b
 1265 008c 05       		.uleb128 0x5
 1266 008d 01       		.uleb128 0x1
 1267 008e 13       		.uleb128 0x13
 1268 008f 00       		.byte	0
 1269 0090 00       		.byte	0
 1270 0091 0C       		.uleb128 0xc
 1271 0092 0D       		.uleb128 0xd
 1272 0093 00       		.byte	0
 1273 0094 03       		.uleb128 0x3
 1274 0095 08       		.uleb128 0x8
 1275 0096 3A       		.uleb128 0x3a
 1276 0097 0B       		.uleb128 0xb
 1277 0098 3B       		.uleb128 0x3b
 1278 0099 05       		.uleb128 0x5
 1279 009a 49       		.uleb128 0x49
 1280 009b 13       		.uleb128 0x13
 1281 009c 38       		.uleb128 0x38
 1282 009d 0A       		.uleb128 0xa
 1283 009e 00       		.byte	0
 1284 009f 00       		.byte	0
 1285 00a0 0D       		.uleb128 0xd
 1286 00a1 15       		.uleb128 0x15
 1287 00a2 01       		.byte	0x1
 1288 00a3 27       		.uleb128 0x27
 1289 00a4 0C       		.uleb128 0xc
 1290 00a5 01       		.uleb128 0x1
 1291 00a6 13       		.uleb128 0x13
 1292 00a7 00       		.byte	0
 1293 00a8 00       		.byte	0
 1294 00a9 0E       		.uleb128 0xe
 1295 00aa 05       		.uleb128 0x5
 1296 00ab 00       		.byte	0
ARM GAS  /tmp/cckqr4N3.s 			page 24


 1297 00ac 49       		.uleb128 0x49
 1298 00ad 13       		.uleb128 0x13
 1299 00ae 00       		.byte	0
 1300 00af 00       		.byte	0
 1301 00b0 0F       		.uleb128 0xf
 1302 00b1 35       		.uleb128 0x35
 1303 00b2 00       		.byte	0
 1304 00b3 49       		.uleb128 0x49
 1305 00b4 13       		.uleb128 0x13
 1306 00b5 00       		.byte	0
 1307 00b6 00       		.byte	0
 1308 00b7 10       		.uleb128 0x10
 1309 00b8 17       		.uleb128 0x17
 1310 00b9 01       		.byte	0x1
 1311 00ba 0B       		.uleb128 0xb
 1312 00bb 0B       		.uleb128 0xb
 1313 00bc 3A       		.uleb128 0x3a
 1314 00bd 0B       		.uleb128 0xb
 1315 00be 3B       		.uleb128 0x3b
 1316 00bf 0B       		.uleb128 0xb
 1317 00c0 01       		.uleb128 0x1
 1318 00c1 13       		.uleb128 0x13
 1319 00c2 00       		.byte	0
 1320 00c3 00       		.byte	0
 1321 00c4 11       		.uleb128 0x11
 1322 00c5 0D       		.uleb128 0xd
 1323 00c6 00       		.byte	0
 1324 00c7 03       		.uleb128 0x3
 1325 00c8 0E       		.uleb128 0xe
 1326 00c9 3A       		.uleb128 0x3a
 1327 00ca 0B       		.uleb128 0xb
 1328 00cb 3B       		.uleb128 0x3b
 1329 00cc 0B       		.uleb128 0xb
 1330 00cd 49       		.uleb128 0x49
 1331 00ce 13       		.uleb128 0x13
 1332 00cf 00       		.byte	0
 1333 00d0 00       		.byte	0
 1334 00d1 12       		.uleb128 0x12
 1335 00d2 26       		.uleb128 0x26
 1336 00d3 00       		.byte	0
 1337 00d4 49       		.uleb128 0x49
 1338 00d5 13       		.uleb128 0x13
 1339 00d6 00       		.byte	0
 1340 00d7 00       		.byte	0
 1341 00d8 13       		.uleb128 0x13
 1342 00d9 15       		.uleb128 0x15
 1343 00da 01       		.byte	0x1
 1344 00db 27       		.uleb128 0x27
 1345 00dc 0C       		.uleb128 0xc
 1346 00dd 49       		.uleb128 0x49
 1347 00de 13       		.uleb128 0x13
 1348 00df 01       		.uleb128 0x1
 1349 00e0 13       		.uleb128 0x13
 1350 00e1 00       		.byte	0
 1351 00e2 00       		.byte	0
 1352 00e3 14       		.uleb128 0x14
 1353 00e4 2E       		.uleb128 0x2e
ARM GAS  /tmp/cckqr4N3.s 			page 25


 1354 00e5 01       		.byte	0x1
 1355 00e6 3F       		.uleb128 0x3f
 1356 00e7 0C       		.uleb128 0xc
 1357 00e8 03       		.uleb128 0x3
 1358 00e9 0E       		.uleb128 0xe
 1359 00ea 3A       		.uleb128 0x3a
 1360 00eb 0B       		.uleb128 0xb
 1361 00ec 3B       		.uleb128 0x3b
 1362 00ed 0B       		.uleb128 0xb
 1363 00ee 27       		.uleb128 0x27
 1364 00ef 0C       		.uleb128 0xc
 1365 00f0 11       		.uleb128 0x11
 1366 00f1 01       		.uleb128 0x1
 1367 00f2 12       		.uleb128 0x12
 1368 00f3 01       		.uleb128 0x1
 1369 00f4 40       		.uleb128 0x40
 1370 00f5 0A       		.uleb128 0xa
 1371 00f6 01       		.uleb128 0x1
 1372 00f7 13       		.uleb128 0x13
 1373 00f8 00       		.byte	0
 1374 00f9 00       		.byte	0
 1375 00fa 15       		.uleb128 0x15
 1376 00fb 05       		.uleb128 0x5
 1377 00fc 00       		.byte	0
 1378 00fd 03       		.uleb128 0x3
 1379 00fe 08       		.uleb128 0x8
 1380 00ff 3A       		.uleb128 0x3a
 1381 0100 0B       		.uleb128 0xb
 1382 0101 3B       		.uleb128 0x3b
 1383 0102 0B       		.uleb128 0xb
 1384 0103 49       		.uleb128 0x49
 1385 0104 13       		.uleb128 0x13
 1386 0105 02       		.uleb128 0x2
 1387 0106 0A       		.uleb128 0xa
 1388 0107 00       		.byte	0
 1389 0108 00       		.byte	0
 1390 0109 16       		.uleb128 0x16
 1391 010a 2E       		.uleb128 0x2e
 1392 010b 01       		.byte	0x1
 1393 010c 3F       		.uleb128 0x3f
 1394 010d 0C       		.uleb128 0xc
 1395 010e 03       		.uleb128 0x3
 1396 010f 0E       		.uleb128 0xe
 1397 0110 3A       		.uleb128 0x3a
 1398 0111 0B       		.uleb128 0xb
 1399 0112 3B       		.uleb128 0x3b
 1400 0113 0B       		.uleb128 0xb
 1401 0114 27       		.uleb128 0x27
 1402 0115 0C       		.uleb128 0xc
 1403 0116 11       		.uleb128 0x11
 1404 0117 01       		.uleb128 0x1
 1405 0118 12       		.uleb128 0x12
 1406 0119 01       		.uleb128 0x1
 1407 011a 40       		.uleb128 0x40
 1408 011b 06       		.uleb128 0x6
 1409 011c 01       		.uleb128 0x1
 1410 011d 13       		.uleb128 0x13
ARM GAS  /tmp/cckqr4N3.s 			page 26


 1411 011e 00       		.byte	0
 1412 011f 00       		.byte	0
 1413 0120 17       		.uleb128 0x17
 1414 0121 34       		.uleb128 0x34
 1415 0122 00       		.byte	0
 1416 0123 03       		.uleb128 0x3
 1417 0124 0E       		.uleb128 0xe
 1418 0125 3A       		.uleb128 0x3a
 1419 0126 0B       		.uleb128 0xb
 1420 0127 3B       		.uleb128 0x3b
 1421 0128 0B       		.uleb128 0xb
 1422 0129 49       		.uleb128 0x49
 1423 012a 13       		.uleb128 0x13
 1424 012b 02       		.uleb128 0x2
 1425 012c 0A       		.uleb128 0xa
 1426 012d 00       		.byte	0
 1427 012e 00       		.byte	0
 1428 012f 18       		.uleb128 0x18
 1429 0130 0B       		.uleb128 0xb
 1430 0131 01       		.byte	0x1
 1431 0132 11       		.uleb128 0x11
 1432 0133 01       		.uleb128 0x1
 1433 0134 12       		.uleb128 0x12
 1434 0135 01       		.uleb128 0x1
 1435 0136 00       		.byte	0
 1436 0137 00       		.byte	0
 1437 0138 19       		.uleb128 0x19
 1438 0139 34       		.uleb128 0x34
 1439 013a 00       		.byte	0
 1440 013b 03       		.uleb128 0x3
 1441 013c 08       		.uleb128 0x8
 1442 013d 3A       		.uleb128 0x3a
 1443 013e 0B       		.uleb128 0xb
 1444 013f 3B       		.uleb128 0x3b
 1445 0140 0B       		.uleb128 0xb
 1446 0141 49       		.uleb128 0x49
 1447 0142 13       		.uleb128 0x13
 1448 0143 02       		.uleb128 0x2
 1449 0144 06       		.uleb128 0x6
 1450 0145 00       		.byte	0
 1451 0146 00       		.byte	0
 1452 0147 1A       		.uleb128 0x1a
 1453 0148 0B       		.uleb128 0xb
 1454 0149 01       		.byte	0x1
 1455 014a 11       		.uleb128 0x11
 1456 014b 01       		.uleb128 0x1
 1457 014c 12       		.uleb128 0x12
 1458 014d 01       		.uleb128 0x1
 1459 014e 01       		.uleb128 0x1
 1460 014f 13       		.uleb128 0x13
 1461 0150 00       		.byte	0
 1462 0151 00       		.byte	0
 1463 0152 1B       		.uleb128 0x1b
 1464 0153 34       		.uleb128 0x34
 1465 0154 00       		.byte	0
 1466 0155 03       		.uleb128 0x3
 1467 0156 0E       		.uleb128 0xe
ARM GAS  /tmp/cckqr4N3.s 			page 27


 1468 0157 3A       		.uleb128 0x3a
 1469 0158 0B       		.uleb128 0xb
 1470 0159 3B       		.uleb128 0x3b
 1471 015a 0B       		.uleb128 0xb
 1472 015b 49       		.uleb128 0x49
 1473 015c 13       		.uleb128 0x13
 1474 015d 3F       		.uleb128 0x3f
 1475 015e 0C       		.uleb128 0xc
 1476 015f 3C       		.uleb128 0x3c
 1477 0160 0C       		.uleb128 0xc
 1478 0161 00       		.byte	0
 1479 0162 00       		.byte	0
 1480 0163 1C       		.uleb128 0x1c
 1481 0164 01       		.uleb128 0x1
 1482 0165 01       		.byte	0x1
 1483 0166 49       		.uleb128 0x49
 1484 0167 13       		.uleb128 0x13
 1485 0168 01       		.uleb128 0x1
 1486 0169 13       		.uleb128 0x13
 1487 016a 00       		.byte	0
 1488 016b 00       		.byte	0
 1489 016c 1D       		.uleb128 0x1d
 1490 016d 21       		.uleb128 0x21
 1491 016e 00       		.byte	0
 1492 016f 49       		.uleb128 0x49
 1493 0170 13       		.uleb128 0x13
 1494 0171 2F       		.uleb128 0x2f
 1495 0172 0B       		.uleb128 0xb
 1496 0173 00       		.byte	0
 1497 0174 00       		.byte	0
 1498 0175 1E       		.uleb128 0x1e
 1499 0176 34       		.uleb128 0x34
 1500 0177 00       		.byte	0
 1501 0178 03       		.uleb128 0x3
 1502 0179 0E       		.uleb128 0xe
 1503 017a 3A       		.uleb128 0x3a
 1504 017b 0B       		.uleb128 0xb
 1505 017c 3B       		.uleb128 0x3b
 1506 017d 0B       		.uleb128 0xb
 1507 017e 49       		.uleb128 0x49
 1508 017f 13       		.uleb128 0x13
 1509 0180 3F       		.uleb128 0x3f
 1510 0181 0C       		.uleb128 0xc
 1511 0182 02       		.uleb128 0x2
 1512 0183 0A       		.uleb128 0xa
 1513 0184 00       		.byte	0
 1514 0185 00       		.byte	0
 1515 0186 00       		.byte	0
 1516              		.section	.debug_loc,"",%progbits
 1517              	.Ldebug_loc0:
 1518              	.LLST0:
 1519 0000 00000000 		.4byte	.LFB8
 1520 0004 02000000 		.4byte	.LCFI0
 1521 0008 0200     		.2byte	0x2
 1522 000a 7D       		.byte	0x7d
 1523 000b 00       		.sleb128 0
 1524 000c 02000000 		.4byte	.LCFI0
ARM GAS  /tmp/cckqr4N3.s 			page 28


 1525 0010 04000000 		.4byte	.LCFI1
 1526 0014 0200     		.2byte	0x2
 1527 0016 7D       		.byte	0x7d
 1528 0017 08       		.sleb128 8
 1529 0018 04000000 		.4byte	.LCFI1
 1530 001c 66000000 		.4byte	.LFE8
 1531 0020 0200     		.2byte	0x2
 1532 0022 7D       		.byte	0x7d
 1533 0023 10       		.sleb128 16
 1534 0024 00000000 		.4byte	0
 1535 0028 00000000 		.4byte	0
 1536              	.LLST1:
 1537 002c 3C000000 		.4byte	.LVL2
 1538 0030 44000000 		.4byte	.LVL3
 1539 0034 0100     		.2byte	0x1
 1540 0036 53       		.byte	0x53
 1541 0037 5E000000 		.4byte	.LVL4
 1542 003b 66000000 		.4byte	.LFE8
 1543 003f 0100     		.2byte	0x1
 1544 0041 54       		.byte	0x54
 1545 0042 00000000 		.4byte	0
 1546 0046 00000000 		.4byte	0
 1547              	.LLST2:
 1548 004a 00000000 		.4byte	.LFB9
 1549 004e 02000000 		.4byte	.LCFI2
 1550 0052 0200     		.2byte	0x2
 1551 0054 7D       		.byte	0x7d
 1552 0055 00       		.sleb128 0
 1553 0056 02000000 		.4byte	.LCFI2
 1554 005a 58000000 		.4byte	.LFE9
 1555 005e 0200     		.2byte	0x2
 1556 0060 7D       		.byte	0x7d
 1557 0061 10       		.sleb128 16
 1558 0062 00000000 		.4byte	0
 1559 0066 00000000 		.4byte	0
 1560              	.LLST3:
 1561 006a 28000000 		.4byte	.LVL5
 1562 006e 2A000000 		.4byte	.LVL6
 1563 0072 0200     		.2byte	0x2
 1564 0074 74       		.byte	0x74
 1565 0075 00       		.sleb128 0
 1566 0076 2A000000 		.4byte	.LVL6
 1567 007a 3D000000 		.4byte	.LVL10-1
 1568 007e 0100     		.2byte	0x1
 1569 0080 51       		.byte	0x51
 1570 0081 46000000 		.4byte	.LVL13
 1571 0085 4C000000 		.4byte	.LVL15
 1572 0089 0200     		.2byte	0x2
 1573 008b 74       		.byte	0x74
 1574 008c 00       		.sleb128 0
 1575 008d 00000000 		.4byte	0
 1576 0091 00000000 		.4byte	0
 1577              	.LLST4:
 1578 0095 2E000000 		.4byte	.LVL7
 1579 0099 3D000000 		.4byte	.LVL10-1
 1580 009d 0200     		.2byte	0x2
 1581 009f 71       		.byte	0x71
ARM GAS  /tmp/cckqr4N3.s 			page 29


 1582 00a0 0C       		.sleb128 12
 1583 00a1 00000000 		.4byte	0
 1584 00a5 00000000 		.4byte	0
 1585              	.LLST5:
 1586 00a9 3A000000 		.4byte	.LVL9
 1587 00ad 3D000000 		.4byte	.LVL10-1
 1588 00b1 0100     		.2byte	0x1
 1589 00b3 53       		.byte	0x53
 1590 00b4 00000000 		.4byte	0
 1591 00b8 00000000 		.4byte	0
 1592              	.LLST6:
 1593 00bc 44000000 		.4byte	.LVL12
 1594 00c0 48000000 		.4byte	.LVL14
 1595 00c4 0100     		.2byte	0x1
 1596 00c6 53       		.byte	0x53
 1597 00c7 00000000 		.4byte	0
 1598 00cb 00000000 		.4byte	0
 1599              		.section	.debug_aranges,"",%progbits
 1600 0000 2C000000 		.4byte	0x2c
 1601 0004 0200     		.2byte	0x2
 1602 0006 00000000 		.4byte	.Ldebug_info0
 1603 000a 04       		.byte	0x4
 1604 000b 00       		.byte	0
 1605 000c 0000     		.2byte	0
 1606 000e 0000     		.2byte	0
 1607 0010 00000000 		.4byte	.LFB7
 1608 0014 14000000 		.4byte	.LFE7-.LFB7
 1609 0018 00000000 		.4byte	.LFB8
 1610 001c 66000000 		.4byte	.LFE8-.LFB8
 1611 0020 00000000 		.4byte	.LFB9
 1612 0024 58000000 		.4byte	.LFE9-.LFB9
 1613 0028 00000000 		.4byte	0
 1614 002c 00000000 		.4byte	0
 1615              		.section	.debug_ranges,"",%progbits
 1616              	.Ldebug_ranges0:
 1617 0000 00000000 		.4byte	.LFB7
 1618 0004 14000000 		.4byte	.LFE7
 1619 0008 00000000 		.4byte	.LFB8
 1620 000c 66000000 		.4byte	.LFE8
 1621 0010 00000000 		.4byte	.LFB9
 1622 0014 58000000 		.4byte	.LFE9
 1623 0018 00000000 		.4byte	0
 1624 001c 00000000 		.4byte	0
 1625              		.section	.debug_line,"",%progbits
 1626              	.Ldebug_line0:
 1627 0000 7C010000 		.section	.debug_str,"MS",%progbits,1
 1627      02002401 
 1627      00000201 
 1627      FB0E0D00 
 1627      01010101 
 1628              	.LASF72:
 1629 0000 7466756E 		.ascii	"tfunc_t\000"
 1629      635F7400 
 1630              	.LASF36:
 1631 0008 705F6D73 		.ascii	"p_msg\000"
 1631      6700
 1632              	.LASF67:
ARM GAS  /tmp/cckqr4N3.s 			page 30


 1633 000e 7264796D 		.ascii	"rdymsg\000"
 1633      736700
 1634              	.LASF11:
 1635 0015 75696E74 		.ascii	"uint64_t\000"
 1635      36345F74 
 1635      00
 1636              	.LASF77:
 1637 001e 76746C69 		.ascii	"vtlist\000"
 1637      737400
 1638              	.LASF76:
 1639 0025 63685379 		.ascii	"chSysTimerHandlerI\000"
 1639      7354696D 
 1639      65724861 
 1639      6E646C65 
 1639      724900
 1640              	.LASF82:
 1641 0038 2F686F6D 		.ascii	"/home/craig/dev/git/ChibiOS/demos/CANitM\000"
 1641      652F6372 
 1641      6169672F 
 1641      6465762F 
 1641      6769742F 
 1642              	.LASF12:
 1643 0061 6C6F6E67 		.ascii	"long long unsigned int\000"
 1643      206C6F6E 
 1643      6720756E 
 1643      7369676E 
 1643      65642069 
 1644              	.LASF68:
 1645 0078 65786974 		.ascii	"exitcode\000"
 1645      636F6465 
 1645      00
 1646              	.LASF75:
 1647 0081 6D61696E 		.ascii	"mainthread\000"
 1647      74687265 
 1647      616400
 1648              	.LASF24:
 1649 008c 705F7072 		.ascii	"p_prio\000"
 1649      696F00
 1650              	.LASF10:
 1651 0093 6C6F6E67 		.ascii	"long long int\000"
 1651      206C6F6E 
 1651      6720696E 
 1651      7400
 1652              	.LASF1:
 1653 00a1 7369676E 		.ascii	"signed char\000"
 1653      65642063 
 1653      68617200 
 1654              	.LASF74:
 1655 00ad 63685379 		.ascii	"chSysInit\000"
 1655      73496E69 
 1655      7400
 1656              	.LASF40:
 1657 00b7 705F6D70 		.ascii	"p_mpool\000"
 1657      6F6F6C00 
 1658              	.LASF64:
 1659 00bf 6D5F7175 		.ascii	"m_queue\000"
 1659      65756500 
ARM GAS  /tmp/cckqr4N3.s 			page 31


 1660              	.LASF16:
 1661 00c7 74736C69 		.ascii	"tslices_t\000"
 1661      6365735F 
 1661      7400
 1662              	.LASF7:
 1663 00d1 6C6F6E67 		.ascii	"long int\000"
 1663      20696E74 
 1663      00
 1664              	.LASF14:
 1665 00da 74737461 		.ascii	"tstate_t\000"
 1665      74655F74 
 1665      00
 1666              	.LASF26:
 1667 00e3 705F6E65 		.ascii	"p_newer\000"
 1667      77657200 
 1668              	.LASF79:
 1669 00eb 5F69646C 		.ascii	"_idle_thread_wa\000"
 1669      655F7468 
 1669      72656164 
 1669      5F776100 
 1670              	.LASF59:
 1671 00fb 725F6E65 		.ascii	"r_newer\000"
 1671      77657200 
 1672              	.LASF43:
 1673 0103 72656761 		.ascii	"regarm_t\000"
 1673      726D5F74 
 1673      00
 1674              	.LASF50:
 1675 010c 76745F70 		.ascii	"vt_prev\000"
 1675      72657600 
 1676              	.LASF0:
 1677 0114 756E7369 		.ascii	"unsigned int\000"
 1677      676E6564 
 1677      20696E74 
 1677      00
 1678              	.LASF49:
 1679 0121 76745F6E 		.ascii	"vt_next\000"
 1679      65787400 
 1680              	.LASF9:
 1681 0129 6C6F6E67 		.ascii	"long unsigned int\000"
 1681      20756E73 
 1681      69676E65 
 1681      6420696E 
 1681      7400
 1682              	.LASF46:
 1683 013b 636F6E74 		.ascii	"context\000"
 1683      65787400 
 1684              	.LASF4:
 1685 0143 73686F72 		.ascii	"short unsigned int\000"
 1685      7420756E 
 1685      7369676E 
 1685      65642069 
 1685      6E7400
 1686              	.LASF18:
 1687 0156 6D73675F 		.ascii	"msg_t\000"
 1687      7400
 1688              	.LASF13:
ARM GAS  /tmp/cckqr4N3.s 			page 32


 1689 015c 746D6F64 		.ascii	"tmode_t\000"
 1689      655F7400 
 1690              	.LASF42:
 1691 0164 54687265 		.ascii	"ThreadsList\000"
 1691      6164734C 
 1691      69737400 
 1692              	.LASF19:
 1693 0170 6576656E 		.ascii	"eventmask_t\000"
 1693      746D6173 
 1693      6B5F7400 
 1694              	.LASF63:
 1695 017c 4D757465 		.ascii	"Mutex\000"
 1695      7800
 1696              	.LASF44:
 1697 0182 73746B61 		.ascii	"stkalign_t\000"
 1697      6C69676E 
 1697      5F7400
 1698              	.LASF51:
 1699 018d 76745F74 		.ascii	"vt_time\000"
 1699      696D6500 
 1700              	.LASF52:
 1701 0195 76745F66 		.ascii	"vt_func\000"
 1701      756E6300 
 1702              	.LASF27:
 1703 019d 705F6F6C 		.ascii	"p_older\000"
 1703      64657200 
 1704              	.LASF58:
 1705 01a5 725F6374 		.ascii	"r_ctx\000"
 1705      7800
 1706              	.LASF41:
 1707 01ab 54687265 		.ascii	"ThreadsQueue\000"
 1707      61647351 
 1707      75657565 
 1707      00
 1708              	.LASF61:
 1709 01b8 725F6375 		.ascii	"r_current\000"
 1709      7272656E 
 1709      7400
 1710              	.LASF60:
 1711 01c2 725F6F6C 		.ascii	"r_older\000"
 1711      64657200 
 1712              	.LASF73:
 1713 01ca 5F69646C 		.ascii	"_idle_thread\000"
 1713      655F7468 
 1713      72656164 
 1713      00
 1714              	.LASF15:
 1715 01d7 74726566 		.ascii	"trefs_t\000"
 1715      735F7400 
 1716              	.LASF23:
 1717 01df 705F7072 		.ascii	"p_prev\000"
 1717      657600
 1718              	.LASF17:
 1719 01e6 74707269 		.ascii	"tprio_t\000"
 1719      6F5F7400 
 1720              	.LASF6:
 1721 01ee 696E7433 		.ascii	"int32_t\000"
ARM GAS  /tmp/cckqr4N3.s 			page 33


 1721      325F7400 
 1722              	.LASF2:
 1723 01f6 756E7369 		.ascii	"unsigned char\000"
 1723      676E6564 
 1723      20636861 
 1723      7200
 1724              	.LASF38:
 1725 0204 705F6D74 		.ascii	"p_mtxlist\000"
 1725      786C6973 
 1725      7400
 1726              	.LASF3:
 1727 020e 73686F72 		.ascii	"short int\000"
 1727      7420696E 
 1727      7400
 1728              	.LASF29:
 1729 0218 705F7374 		.ascii	"p_state\000"
 1729      61746500 
 1730              	.LASF32:
 1731 0220 705F7072 		.ascii	"p_preempt\000"
 1731      65656D70 
 1731      7400
 1732              	.LASF57:
 1733 022a 725F7072 		.ascii	"r_prio\000"
 1733      696F00
 1734              	.LASF70:
 1735 0231 65776D61 		.ascii	"ewmask\000"
 1735      736B00
 1736              	.LASF22:
 1737 0238 705F6E65 		.ascii	"p_next\000"
 1737      787400
 1738              	.LASF30:
 1739 023f 705F666C 		.ascii	"p_flags\000"
 1739      61677300 
 1740              	.LASF21:
 1741 0247 54687265 		.ascii	"Thread\000"
 1741      616400
 1742              	.LASF37:
 1743 024e 705F6570 		.ascii	"p_epending\000"
 1743      656E6469 
 1743      6E6700
 1744              	.LASF8:
 1745 0259 75696E74 		.ascii	"uint32_t\000"
 1745      33325F74 
 1745      00
 1746              	.LASF56:
 1747 0262 725F7175 		.ascii	"r_queue\000"
 1747      65756500 
 1748              	.LASF48:
 1749 026a 56697274 		.ascii	"VirtualTimer\000"
 1749      75616C54 
 1749      696D6572 
 1749      00
 1750              	.LASF71:
 1751 0277 63686172 		.ascii	"char\000"
 1751      00
 1752              	.LASF66:
 1753 027c 6D5F6E65 		.ascii	"m_next\000"
ARM GAS  /tmp/cckqr4N3.s 			page 34


 1753      787400
 1754              	.LASF20:
 1755 0283 73797374 		.ascii	"systime_t\000"
 1755      696D655F 
 1755      7400
 1756              	.LASF39:
 1757 028d 705F7265 		.ascii	"p_realprio\000"
 1757      616C7072 
 1757      696F00
 1758              	.LASF47:
 1759 0298 76746675 		.ascii	"vtfunc_t\000"
 1759      6E635F74 
 1759      00
 1760              	.LASF33:
 1761 02a1 705F7469 		.ascii	"p_time\000"
 1761      6D6500
 1762              	.LASF80:
 1763 02a8 474E5520 		.ascii	"GNU C 4.6.2 20111004 (prerelease)\000"
 1763      4320342E 
 1763      362E3220 
 1763      32303131 
 1763      31303034 
 1764              	.LASF45:
 1765 02ca 696E7463 		.ascii	"intctx\000"
 1765      747800
 1766              	.LASF35:
 1767 02d1 705F6D73 		.ascii	"p_msgqueue\000"
 1767      67717565 
 1767      756500
 1768              	.LASF53:
 1769 02dc 76745F70 		.ascii	"vt_par\000"
 1769      617200
 1770              	.LASF31:
 1771 02e3 705F7265 		.ascii	"p_refs\000"
 1771      667300
 1772              	.LASF62:
 1773 02ea 52656164 		.ascii	"ReadyList\000"
 1773      794C6973 
 1773      7400
 1774              	.LASF78:
 1775 02f4 726C6973 		.ascii	"rlist\000"
 1775      7400
 1776              	.LASF81:
 1777 02fa 2E2E2F2E 		.ascii	"../../os/kernel/src/chsys.c\000"
 1777      2E2F6F73 
 1777      2F6B6572 
 1777      6E656C2F 
 1777      7372632F 
 1778              	.LASF5:
 1779 0316 75696E74 		.ascii	"uint8_t\000"
 1779      385F7400 
 1780              	.LASF69:
 1781 031e 77746F62 		.ascii	"wtobjp\000"
 1781      6A7000
 1782              	.LASF28:
 1783 0325 705F6E61 		.ascii	"p_name\000"
 1783      6D6500
ARM GAS  /tmp/cckqr4N3.s 			page 35


 1784              	.LASF54:
 1785 032c 76745F73 		.ascii	"vt_systime\000"
 1785      79737469 
 1785      6D6500
 1786              	.LASF55:
 1787 0337 56544C69 		.ascii	"VTList\000"
 1787      737400
 1788              	.LASF65:
 1789 033e 6D5F6F77 		.ascii	"m_owner\000"
 1789      6E657200 
 1790              	.LASF25:
 1791 0346 705F6374 		.ascii	"p_ctx\000"
 1791      7800
 1792              	.LASF34:
 1793 034c 705F7761 		.ascii	"p_waiting\000"
 1793      6974696E 
 1793      6700
 1794              		.ident	"GCC: (Linaro GCC 4.6-2011.10) 4.6.2 20111004 (prerelease)"
ARM GAS  /tmp/cckqr4N3.s 			page 36


DEFINED SYMBOLS
                            *ABS*:0000000000000000 chsys.c
     /tmp/cckqr4N3.s:18     .text._idle_thread:0000000000000000 $t
     /tmp/cckqr4N3.s:24     .text._idle_thread:0000000000000000 _idle_thread
     /tmp/cckqr4N3.s:43     .text._idle_thread:000000000000000c $d
     /tmp/cckqr4N3.s:49     .text.chSysInit:0000000000000000 $t
     /tmp/cckqr4N3.s:55     .text.chSysInit:0000000000000000 chSysInit
     /tmp/cckqr4N3.s:244    .bss.mainthread.1976:0000000000000000 .LANCHOR0
     /tmp/cckqr4N3.s:233    .rodata.str1.4:0000000000000008 .LC1
     /tmp/cckqr4N3.s:237    .bss._idle_thread_wa:0000000000000000 .LANCHOR1
     /tmp/cckqr4N3.s:128    .text.chSysTimerHandlerI:0000000000000000 $t
     /tmp/cckqr4N3.s:134    .text.chSysTimerHandlerI:0000000000000000 chSysTimerHandlerI
     /tmp/cckqr4N3.s:221    .text.chSysTimerHandlerI:0000000000000050 $d
     /tmp/cckqr4N3.s:240    .bss._idle_thread_wa:0000000000000000 _idle_thread_wa
     /tmp/cckqr4N3.s:229    .rodata.str1.4:0000000000000000 $d
     /tmp/cckqr4N3.s:236    .bss._idle_thread_wa:0000000000000000 $d
     /tmp/cckqr4N3.s:243    .bss.mainthread.1976:0000000000000000 $d
     /tmp/cckqr4N3.s:247    .bss.mainthread.1976:0000000000000000 mainthread.1976
                     .debug_frame:0000000000000010 $d
     /tmp/cckqr4N3.s:48     .text._idle_thread:0000000000000014 $t
     /tmp/cckqr4N3.s:228    .text.chSysTimerHandlerI:0000000000000058 $t

UNDEFINED SYMBOLS
rlist
_port_init
_scheduler_init
_vt_init
_core_init
_heap_init
_thread_init
chThdCreateStatic
vtlist
